[+] Containers:
 |- [+] Container: /Game/Levels/FirstPersonMap
 |   |- [+] ActorDescs:
 |   |   |- Guid:006FD8F447EE7CBA4A6F9CA39DB2C732 BaseClass: NativeClass:/Script/Engine.StaticMeshActor Name:StaticMeshActor_UAID_74782766C03BCE7D01_1460700451 Label:pine_tree34 SpatiallyLoaded:1 Bounds:IsValid=true, Min=(X=9468.213 Y=5711.894 Z=-246.226), Max=(X=10407.707 Y=6498.421 Z=938.151) RuntimeGrid:None EditorOnly:0 RuntimeOnly:0 HLODRelevant:1
 |   |   |- Guid:01F8BAA846069E5DB60030A8FDA3ECC7 BaseClass: NativeClass:/Script/Engine.StaticMeshActor Name:StaticMeshActor_UAID_74782766C03BCE7D01_1314180425 Label:pine_tree8 SpatiallyLoaded:1 Bounds:IsValid=true, Min=(X=4918.213 Y=2741.894 Z=113.774), Max=(X=5857.707 Y=3528.421 Z=1298.151) RuntimeGrid:None EditorOnly:0 RuntimeOnly:0 HLODRelevant:1
 |   |   |- Guid:07AB34264B7112B40D8227A931F519EB BaseClass: NativeClass:/Script/Engine.StaticMeshActor Name:StaticMeshActor_UAID_74782766C03BCE7D01_1456332441 Label:pine_tree24 SpatiallyLoaded:1 Bounds:IsValid=true, Min=(X=6778.213 Y=5161.894 Z=-116.226), Max=(X=7717.707 Y=5948.421 Z=1068.151) RuntimeGrid:None EditorOnly:0 RuntimeOnly:0 HLODRelevant:1
 |   |   |- Guid:21DFE129476FA797C82662BFE5070C19 BaseClass: NativeClass:/Script/Engine.StaticMeshActor Name:StaticMeshActor_UAID_74782766C03B897D01_1543690293 Label:Cube23 SpatiallyLoaded:1 Bounds:IsValid=true, Min=(X=3609.942 Y=854.650 Z=-162.914), Max=(X=3862.394 Y=1087.006 Z=41.990) RuntimeGrid:None EditorOnly:0 RuntimeOnly:0 HLODRelevant:1 FolderPath:Cave FolderGuid:275232DB4A90E8B2799B29BD69C59B9E
 |   |   |- Guid:28C4604D45F486B5A3579BAFE988DD0D BaseClass: NativeClass:/Script/Engine.StaticMeshActor Name:StaticMeshActor_UAID_74782766C03BCE7D01_1460690444 Label:pine_tree27 SpatiallyLoaded:1 Bounds:IsValid=true, Min=(X=7901.224 Y=6244.418 Z=-200.982), Max=(X=8840.718 Y=7030.946 Z=983.395) RuntimeGrid:None EditorOnly:0 RuntimeOnly:0 HLODRelevant:1
 |   |   |- Guid:2C5B2AE64A8217C1CC3428A3218CE68A BaseClass: NativeClass:/Script/Engine.StaticMeshActor Name:StaticMeshActor_UAID_74782766C03BCE7D01_1351137428 Label:pine_tree11 SpatiallyLoaded:1 Bounds:IsValid=true, Min=(X=1851.224 Y=6324.418 Z=-100.982), Max=(X=2790.718 Y=7110.946 Z=1083.395) RuntimeGrid:None EditorOnly:0 RuntimeOnly:0 HLODRelevant:1
 |   |   |- Guid:2E1CCDE64AC3FC50B402FEB650EFD617 BaseClass: NativeClass:/Script/Engine.StaticMeshActor Name:StaticMeshActor_UAID_74782766C03BCE7D01_1460698450 Label:pine_tree33 SpatiallyLoaded:1 Bounds:IsValid=true, Min=(X=8348.213 Y=6801.894 Z=-186.226), Max=(X=9287.707 Y=7588.421 Z=998.151) RuntimeGrid:None EditorOnly:0 RuntimeOnly:0 HLODRelevant:1
 |   |   |- Guid:338C972D4AB0E511EA9A7BB24D01E4A7 BaseClass: NativeClass:/Script/Engine.StaticMeshActor Name:StaticMeshActor_UAID_74782766C03B897D01_1127753284 Label:Cube15 SpatiallyLoaded:1 Bounds:IsValid=true, Min=(X=3249.120 Y=1199.078 Z=-268.278), Max=(X=3349.120 Y=1299.078 Z=-168.278) RuntimeGrid:None EditorOnly:0 RuntimeOnly:0 HLODRelevant:1 FolderPath:Cave FolderGuid:275232DB4A90E8B2799B29BD69C59B9E
 |   |   |- Guid:33E6F65C4F4906203291E486F748957B BaseClass: NativeClass:/Script/Engine.StaticMeshActor Name:StaticMeshActor_UAID_74782766C03BCE7D01_1430157432 Label:pine_tree15 SpatiallyLoaded:1 Bounds:IsValid=true, Min=(X=4718.213 Y=5161.894 Z=-116.226), Max=(X=5657.707 Y=5948.421 Z=1068.151) RuntimeGrid:None EditorOnly:0 RuntimeOnly:0 HLODRelevant:1
 |   |   |- Guid:35F4B0E04E015845218681883CC9A0E7 BaseClass: NativeClass:/Script/Engine.StaticMeshActor Name:StaticMeshActor_UAID_74782766C03B897D01_1412756289 Label:Cube19 SpatiallyLoaded:1 Bounds:IsValid=true, Min=(X=3445.978 Y=1084.192 Z=-105.126), Max=(X=3548.430 Y=1213.202 Z=25.349) RuntimeGrid:None EditorOnly:0 RuntimeOnly:0 HLODRelevant:1 FolderPath:Cave FolderGuid:275232DB4A90E8B2799B29BD69C59B9E
 |   |   |- Guid:3AA971BB4856676BEAB00EA3BC8C6920 BaseClass: NativeClass:/Script/Engine.StaticMeshActor Name:StaticMeshActor_UAID_74782766C03B897D01_1286756286 Label:SM_QuarterCylinder11 SpatiallyLoaded:1 Bounds:IsValid=true, Min=(X=3011.712 Y=-620.702 Z=-79.151), Max=(X=4084.019 Y=936.589 Z=183.349) RuntimeGrid:None EditorOnly:0 RuntimeOnly:0 HLODRelevant:1 FolderPath:Cave FolderGuid:275232DB4A90E8B2799B29BD69C59B9E
 |   |   |- Guid:3F6F9B6D41107AA91F02868908431B5D BaseClass: NativeClass:/Script/Engine.StaticMeshActor Name:StaticMeshActor_UAID_74782766C03B887D01_1724224101 Label:Cone SpatiallyLoaded:1 Bounds:IsValid=true, Min=(X=1660.000 Y=2280.000 Z=-50.000), Max=(X=1760.000 Y=2380.000 Z=50.000) RuntimeGrid:None EditorOnly:0 RuntimeOnly:0 HLODRelevant:1 FolderPath:Cave FolderGuid:275232DB4A90E8B2799B29BD69C59B9E
 |   |   |- Guid:40984D3E4D5F20EA70E689A751F7B862 BaseClass: NativeClass:/Script/Engine.StaticMeshActor Name:StaticMeshActor_UAID_74782766C03BCE7D01_1314178424 Label:pine_tree7 SpatiallyLoaded:1 Bounds:IsValid=true, Min=(X=5418.213 Y=2331.894 Z=113.774), Max=(X=6357.707 Y=3118.421 Z=1298.151) RuntimeGrid:None EditorOnly:0 RuntimeOnly:0 HLODRelevant:1
 |   |   |- Guid:44549D63404DB5F9F89BFF890FDD3FDC BaseClass: NativeClass:/Script/Engine.StaticMeshActor Name:StaticMeshActor_UAID_74782766C03B887D01_1976629103 Label:Cube10 SpatiallyLoaded:1 Bounds:IsValid=true, Min=(X=3050.276 Y=1183.852 Z=-530.789), Max=(X=3191.159 Y=1324.735 Z=-130.789) RuntimeGrid:None EditorOnly:0 RuntimeOnly:0 HLODRelevant:1 FolderPath:Cave FolderGuid:275232DB4A90E8B2799B29BD69C59B9E
 |   |   |- Guid:54B05EA94A343510067224A2BBCDD130 BaseClass: NativeClass:/Script/Engine.StaticMeshActor Name:StaticMeshActor_UAID_74782766C03B887D01_1399239097 Label:Cube5 SpatiallyLoaded:1 Bounds:IsValid=true, Min=(X=2145.914 Y=1801.097 Z=62.678), Max=(X=2274.086 Y=1938.903 Z=217.322) RuntimeGrid:None EditorOnly:0 RuntimeOnly:0 HLODRelevant:1 FolderPath:Cave FolderGuid:275232DB4A90E8B2799B29BD69C59B9E
 |   |   |- Guid:55ED1BF44D1428487BD5D8B119089618 BaseClass: NativeClass:/Script/Engine.StaticMeshActor Name:StaticMeshActor_UAID_74782766C03B887D01_1756459102 Label:Cube9 SpatiallyLoaded:1 Bounds:IsValid=true, Min=(X=3104.842 Y=821.985 Z=-580.728), Max=(X=3826.011 Y=1296.087 Z=19.272) RuntimeGrid:None EditorOnly:0 RuntimeOnly:0 HLODRelevant:1 FolderPath:Cave FolderGuid:275232DB4A90E8B2799B29BD69C59B9E
 |   |   |- Guid:587785BC4E547EEFCB896892A246A60B BaseClass: NativeClass:/Script/Engine.StaticMeshActor Name:StaticMeshActor_UAID_74782766C03BCE7D01_1314169422 Label:pine_tree5 SpatiallyLoaded:1 Bounds:IsValid=true, Min=(X=6128.213 Y=3401.894 Z=113.774), Max=(X=7067.707 Y=4188.421 Z=1298.151) RuntimeGrid:None EditorOnly:0 RuntimeOnly:0 HLODRelevant:1
 |   |   |- Guid:5AF59BAC496D7BEEAEE47FB6BC171B49 BaseClass: NativeClass:/Script/Engine.StaticMeshActor Name:StaticMeshActor_UAID_74782766C03BCE7D01_1336349426 Label:pine_tree9 SpatiallyLoaded:1 Bounds:IsValid=true, Min=(X=5118.213 Y=3941.894 Z=-116.226), Max=(X=6057.707 Y=4728.421 Z=1068.151) RuntimeGrid:None EditorOnly:0 RuntimeOnly:0 HLODRelevant:1
 |   |   |- Guid:5C586B974A30955CDC620082901EEB18 BaseClass: NativeClass:/Script/Engine.StaticMeshActor Name:StaticMeshActor_UAID_74782766C03B887D01_1648855099 Label:Cube7 SpatiallyLoaded:1 Bounds:IsValid=true, Min=(X=1848.227 Y=1970.194 Z=50.597), Max=(X=1981.730 Y=2122.116 Z=213.060) RuntimeGrid:None EditorOnly:0 RuntimeOnly:0 HLODRelevant:1 FolderPath:Cave FolderGuid:275232DB4A90E8B2799B29BD69C59B9E
 |   |   |- Guid:5FE7584649BB6F09265329A6C57CFD0D BaseClass: NativeClass:/Script/Engine.VolumetricCloud Name:VolumetricCloud_0 Label:VolumetricCloud SpatiallyLoaded:0 Bounds:IsValid=true, Min=(X=0.000 Y=0.000 Z=820.000), Max=(X=0.000 Y=0.000 Z=820.000) RuntimeGrid:None EditorOnly:0 RuntimeOnly:0 HLODRelevant:0 FolderPath:Lighting FolderGuid:0BA5F0A04EADB18E70D5B180D08FA34B
 |   |   |- Guid:611AE81F49E505F5E5A8598B9983D8CB BaseClass: NativeClass:/Script/Engine.StaticMeshActor Name:StaticMeshActor_UAID_74782766C03BCE7D01_1456331440 Label:pine_tree23 SpatiallyLoaded:1 Bounds:IsValid=true, Min=(X=6528.213 Y=3941.894 Z=-116.226), Max=(X=7467.707 Y=4728.421 Z=1068.151) RuntimeGrid:None EditorOnly:0 RuntimeOnly:0 HLODRelevant:1
 |   |   |- Guid:61391D344900612A77DFC3BA3E354907 BaseClass: NativeClass:/Script/Engine.ExponentialHeightFog Name:ExponentialHeightFog_0 Label:ExponentialHeightFog SpatiallyLoaded:0 Bounds:IsValid=true, Min=(X=-5600.000 Y=-50.000 Z=-6850.000), Max=(X=-5600.000 Y=-50.000 Z=-6850.000) RuntimeGrid:None EditorOnly:0 RuntimeOnly:0 HLODRelevant:0 FolderPath:Lighting FolderGuid:0BA5F0A04EADB18E70D5B180D08FA34B
 |   |   |- Guid:61AE4D024EB9B5CAF1241B9E02A7BDC3 BaseClass: NativeClass:/Script/Engine.StaticMeshActor Name:StaticMeshActor_UAID_74782766C03B887D01_1651972100 Label:Cube8 SpatiallyLoaded:1 Bounds:IsValid=true, Min=(X=1714.312 Y=2011.507 Z=35.690), Max=(X=1874.525 Y=2183.627 Z=198.154) RuntimeGrid:None EditorOnly:0 RuntimeOnly:0 HLODRelevant:1 FolderPath:Cave FolderGuid:275232DB4A90E8B2799B29BD69C59B9E
 |   |   |- Guid:679176EE434982D1C3252CBC612D6EF8 BaseClass: NativeClass:/Script/Engine.StaticMeshActor Name:StaticMeshActor_UAID_74782766C03BCE7D01_1456317436 Label:pine_tree19 SpatiallyLoaded:1 Bounds:IsValid=true, Min=(X=8188.213 Y=3401.894 Z=-26.226), Max=(X=9127.707 Y=4188.421 Z=1158.151) RuntimeGrid:None EditorOnly:0 RuntimeOnly:0 HLODRelevant:1
 |   |   |- Guid:685A68524A67AFBD9BF978A340F06A1D BaseClass: NativeClass:/Script/Engine.StaticMeshActor Name:StaticMeshActor_UAID_74782766C03B887D01_2042605104 Label:Cube11 SpatiallyLoaded:1 Bounds:IsValid=true, Min=(X=3113.506 Y=1246.603 Z=-118.944), Max=(X=3213.506 Y=1346.603 Z=-18.944) RuntimeGrid:None EditorOnly:0 RuntimeOnly:0 HLODRelevant:1 FolderPath:Cave FolderGuid:275232DB4A90E8B2799B29BD69C59B9E
 |   |   |- Guid:6B9A7C5C419FD474515A21A6ACFE8A31 BaseClass: NativeClass:/Script/Engine.StaticMeshActor Name:StaticMeshActor_UAID_74782766C03BCE7D01_1280815419 Label:pine_tree2 SpatiallyLoaded:1 Bounds:IsValid=true, Min=(X=4271.224 Y=4604.418 Z=-100.982), Max=(X=5210.718 Y=5390.946 Z=1083.395) RuntimeGrid:None EditorOnly:0 RuntimeOnly:0 HLODRelevant:1
 |   |   |- Guid:6FEFB3BD4EB37B849EF0D4AC80F83855 BaseClass: NativeClass:/Script/Engine.WorldDataLayers Name:WorldDataLayers Label:WorldDataLayers SpatiallyLoaded:0 Bounds:IsValid=true, Min=(X=0.000 Y=0.000 Z=0.000), Max=(X=0.000 Y=0.000 Z=0.000) RuntimeGrid:None EditorOnly:0 RuntimeOnly:0 HLODRelevant:0 FolderPath:Level FolderGuid:7618EB344E56E62675197D8E12F16A9F
 |   |   |- Guid:72C0D87C47583901305040A0706D9D1C BaseClass: NativeClass:/Script/Engine.StaticMeshActor Name:StaticMeshActor_UAID_74782766C03B897D01_1412759290 Label:Cube20 SpatiallyLoaded:1 Bounds:IsValid=true, Min=(X=3427.081 Y=936.762 Z=-248.098), Max=(X=3679.533 Y=1169.118 Z=-43.194) RuntimeGrid:None EditorOnly:0 RuntimeOnly:0 HLODRelevant:1 FolderPath:Cave FolderGuid:275232DB4A90E8B2799B29BD69C59B9E
 |   |   |- Guid:730FC62B43522DF15BEDFDAA13FC5D9B BaseClass: NativeClass:/Script/Engine.StaticMeshActor Name:StaticMeshActor_UAID_74782766C03B3F7D01_2033258247 Label:Terrain SpatiallyLoaded:1 Bounds:IsValid=true, Min=(X=-8578.148 Y=-7919.970 Z=-9168.891), Max=(X=11556.725 Y=10942.804 Z=9419.307) RuntimeGrid:None EditorOnly:0 RuntimeOnly:0 HLODRelevant:1 FolderPath:Level FolderGuid:7618EB344E56E62675197D8E12F16A9F
 |   |   |- Guid:79B2F5FF4EF7C5AADEA2A29B89B03C8C BaseClass: NativeClass:/Script/Engine.StaticMeshActor Name:StaticMeshActor_UAID_74782766C03BCE7D01_1460693446 Label:pine_tree29 SpatiallyLoaded:1 Bounds:IsValid=true, Min=(X=8748.213 Y=5041.894 Z=-516.226), Max=(X=9687.707 Y=5828.421 Z=668.151) RuntimeGrid:None EditorOnly:0 RuntimeOnly:0 HLODRelevant:1
 |   |   |- Guid:7AC084D647447A81F3FA71BAFC8C09D1 BaseClass: NativeClass:/Script/Engine.StaticMeshActor Name:StaticMeshActor_UAID_74782766C03BCE7D01_1460694447 Label:pine_tree30 SpatiallyLoaded:1 Bounds:IsValid=true, Min=(X=8548.213 Y=4381.894 Z=-146.226), Max=(X=9487.707 Y=5168.421 Z=1038.151) RuntimeGrid:None EditorOnly:0 RuntimeOnly:0 HLODRelevant:1
 |   |   |- Guid:7FCD71414D34D5ED508312884E0E8124 BaseClass: NativeClass:/Script/Engine.StaticMeshActor Name:StaticMeshActor_UAID_74782766C03B8A7D01_1411652473 Label:Cube4 SpatiallyLoaded:1 Bounds:IsValid=true, Min=(X=1865.000 Y=27.500 Z=-715.000), Max=(X=2315.000 Y=352.500 Z=-565.000) RuntimeGrid:None EditorOnly:0 RuntimeOnly:0 HLODRelevant:1 FolderPath:Cave FolderGuid:275232DB4A90E8B2799B29BD69C59B9E
 |   |   |- Guid:8647E889455273F0AA14FB8DE659BD28 BaseClass: NativeClass:/Script/Engine.StaticMeshActor Name:StaticMeshActor_UAID_74782766C03B897D01_1412753288 Label:Cube18 SpatiallyLoaded:1 Bounds:IsValid=true, Min=(X=3352.129 Y=1097.940 Z=-447.673), Max=(X=3634.485 Y=1247.940 Z=-183.619) RuntimeGrid:None EditorOnly:0 RuntimeOnly:0 HLODRelevant:1 FolderPath:Cave FolderGuid:275232DB4A90E8B2799B29BD69C59B9E
 |   |   |- Guid:8796F7104FC97F43328B699AB8C8DEB7 BaseClass: NativeClass:/Script/Engine.StaticMeshActor Name:StaticMeshActor_UAID_74782766C03BCE7D01_1460695448 Label:pine_tree31 SpatiallyLoaded:1 Bounds:IsValid=true, Min=(X=8748.213 Y=5581.894 Z=-366.226), Max=(X=9687.707 Y=6368.421 Z=818.151) RuntimeGrid:None EditorOnly:0 RuntimeOnly:0 HLODRelevant:1
 |   |   |- Guid:8E6120FC40B0C2384F6E528EAFC19C5A BaseClass: NativeClass:/Script/Engine.StaticMeshActor Name:StaticMeshActor_36 Label:SM_QuarterCylinder10 SpatiallyLoaded:1 Bounds:IsValid=true, Min=(X=791.073 Y=729.501 Z=-142.011), Max=(X=1755.127 Y=2224.292 Z=145.489) RuntimeGrid:None EditorOnly:0 RuntimeOnly:0 HLODRelevant:1 FolderPath:Cave FolderGuid:275232DB4A90E8B2799B29BD69C59B9E
 |   |   |- Guid:8E8D75094CFC5AE0F87902B8DE5E418C BaseClass: NativeClass:/Script/Engine.StaticMeshActor Name:StaticMeshActor_UAID_74782766C03B887D01_1350966096 Label:Cube4 SpatiallyLoaded:1 Bounds:IsValid=true, Min=(X=2030.199 Y=1697.437 Z=-445.000), Max=(X=2369.801 Y=1902.563 Z=5.000) RuntimeGrid:None EditorOnly:0 RuntimeOnly:0 HLODRelevant:1 FolderPath:Cave FolderGuid:275232DB4A90E8B2799B29BD69C59B9E
 |   |   |- Guid:93047C684C13520F889C219BED5C61FC BaseClass: NativeClass:/Script/Engine.StaticMeshActor Name:StaticMeshActor_UAID_74782766C03B897D01_1901410296 Label:Jesus SpatiallyLoaded:1 Bounds:IsValid=true, Min=(X=1939.612 Y=139.843 Z=-602.335), Max=(X=2239.822 Y=257.569 Z=-495.968) RuntimeGrid:None EditorOnly:0 RuntimeOnly:0 HLODRelevant:1
 |   |   |- Guid:9A0EC45D47BD7EB892B851BFC55DD02D BaseClass: NativeClass:/Script/Engine.StaticMeshActor Name:StaticMeshActor_UAID_74782766C03BCD7D01_1863368241 Label:torchstick SpatiallyLoaded:1 Bounds:IsValid=true, Min=(X=3018.729 Y=1567.761 Z=-384.140), Max=(X=3032.625 Y=1584.397 Z=-238.736) RuntimeGrid:None EditorOnly:0 RuntimeOnly:0 HLODRelevant:1
 |   |   |- Guid:9A55F9924CA821804EBBE09F99DB1C90 BaseClass: NativeClass:/Script/Engine.StaticMeshActor Name:StaticMeshActor_UAID_74782766C03BCE7D01_1456320437 Label:pine_tree20 SpatiallyLoaded:1 Bounds:IsValid=true, Min=(X=7178.213 Y=3401.894 Z=-6.226), Max=(X=8117.707 Y=4188.421 Z=1178.151) RuntimeGrid:None EditorOnly:0 RuntimeOnly:0 HLODRelevant:1
 |   |   |- Guid:9D10548B4F33A997132EDF92EFEC2F40 BaseClass: NativeClass:/Script/Engine.StaticMeshActor Name:StaticMeshActor_UAID_74782766C03B427D01_1668819777 Label:Cover SpatiallyLoaded:1 Bounds:IsValid=true, Min=(X=2267.553 Y=1567.923 Z=-430.000), Max=(X=2837.168 Y=1954.526 Z=170.000) RuntimeGrid:None EditorOnly:0 RuntimeOnly:0 HLODRelevant:1
 |   |   |- Guid:9D87D1824C2EE7015CC32797795D5190 BaseClass: NativeClass:/Script/Engine.StaticMeshActor Name:StaticMeshActor_UAID_74782766C03B877D01_2012124919 Label:Cube3 SpatiallyLoaded:1 Bounds:IsValid=true, Min=(X=3133.217 Y=1276.793 Z=-468.289), Max=(X=3208.217 Y=1351.793 Z=-393.289) RuntimeGrid:None EditorOnly:0 RuntimeOnly:0 HLODRelevant:1 FolderPath:Cave FolderGuid:275232DB4A90E8B2799B29BD69C59B9E
 |   |   |- Guid:9FE0C40642CD31A0DD5A42A29469B820 BaseClass: NativeClass:/Script/Engine.StaticMeshActor Name:StaticMeshActor_UAID_74782766C03BCE7D01_1456327438 Label:pine_tree21 SpatiallyLoaded:1 Bounds:IsValid=true, Min=(X=6978.213 Y=2741.894 Z=113.774), Max=(X=7917.707 Y=3528.421 Z=1298.151) RuntimeGrid:None EditorOnly:0 RuntimeOnly:0 HLODRelevant:1
 |   |   |- Guid:A354B1B24E617A525DC6B48CCDE2417E BaseClass: NativeClass:/Script/Engine.PlayerStart Name:PlayerStart_0 Label:PlayerStart SpatiallyLoaded:0 Bounds:IsValid=true, Min=(X=3095.359 Y=2325.359 Z=-149.987), Max=(X=3204.641 Y=2434.641 Z=34.013) RuntimeGrid:None EditorOnly:0 RuntimeOnly:0 HLODRelevant:0
 |   |   |- Guid:A462F4CF47EFAF7A118E69AF6B754123 BaseClass: NativeClass:/Script/Engine.StaticMeshActor Name:StaticMeshActor_UAID_74782766C03BCE7D01_1371992430 Label:pine_tree13 SpatiallyLoaded:1 Bounds:IsValid=true, Min=(X=648.213 Y=5661.894 Z=113.774), Max=(X=1587.707 Y=6448.421 Z=1298.151) RuntimeGrid:None EditorOnly:0 RuntimeOnly:0 HLODRelevant:1
 |   |   |- Guid:A70A8FC04E4DD624295EC58A4727F504 BaseClass: NativeClass:/Script/Engine.StaticMeshActor Name:StaticMeshActor_UAID_74782766C03BCE7D01_1145529418 Label:pine_tree SpatiallyLoaded:1 Bounds:IsValid=true, Min=(X=4981.224 Y=4604.418 Z=-100.982), Max=(X=5920.718 Y=5390.946 Z=1083.395) RuntimeGrid:None EditorOnly:0 RuntimeOnly:0 HLODRelevant:1
 |   |   |- Guid:AB5404214A1EA161E4CA35A8C10DAB6B BaseClass: NativeClass:/Script/Engine.StaticMeshActor Name:StaticMeshActor_UAID_74782766C03B427D01_1439100775 Label:Cube SpatiallyLoaded:1 Bounds:IsValid=true, Min=(X=1920.000 Y=2160.000 Z=-170.000), Max=(X=2020.000 Y=2260.000 Z=-70.000) RuntimeGrid:None EditorOnly:0 RuntimeOnly:0 HLODRelevant:1 FolderPath:Cave FolderGuid:275232DB4A90E8B2799B29BD69C59B9E
 |   |   |- Guid:B0A7B4A74E1C49517B738E92C8B7F3FF BaseClass: NativeClass:/Script/Engine.StaticMeshActor Name:StaticMeshActor_UAID_74782766C03BCD7D01_1638005239 Label:Campfire SpatiallyLoaded:1 Bounds:IsValid=true, Min=(X=3140.928 Y=2533.110 Z=-123.309), Max=(X=3238.920 Y=2627.162 Z=-63.197) RuntimeGrid:None EditorOnly:0 RuntimeOnly:0 HLODRelevant:1
 |   |   |- Guid:B2BC3E10499F814E77B2B6A977DFE12D BaseClass: NativeClass:/Script/Engine.StaticMeshActor Name:StaticMeshActor_UAID_74782766C03B897D01_1412744287 Label:Cube17 SpatiallyLoaded:1 Bounds:IsValid=true, Min=(X=3483.307 Y=1042.940 Z=14.354), Max=(X=3583.307 Y=1142.940 Z=114.354) RuntimeGrid:None EditorOnly:0 RuntimeOnly:0 HLODRelevant:1 FolderPath:Cave FolderGuid:275232DB4A90E8B2799B29BD69C59B9E
 |   |   |- Guid:B4E66C5E441218AC8D9F84B5383B5B8D BaseClass: NativeClass:/Script/Engine.StaticMeshActor Name:StaticMeshActor_UAID_74782766C03B427D01_1516544776 Label:Cube2 SpatiallyLoaded:1 Bounds:IsValid=true, Min=(X=2017.548 Y=1935.000 Z=-282.452), Max=(X=2222.452 Y=2085.000 Z=-77.548) RuntimeGrid:None EditorOnly:0 RuntimeOnly:0 HLODRelevant:1 FolderPath:Cave FolderGuid:275232DB4A90E8B2799B29BD69C59B9E
 |   |   |- Guid:B5914EE94CA1B909EFCB37805F54A3D8 BaseClass: NativeClass:/Script/Engine.StaticMeshActor Name:StaticMeshActor_UAID_74782766C03BCE7D01_1456334442 Label:pine_tree25 SpatiallyLoaded:1 Bounds:IsValid=true, Min=(X=7898.213 Y=4071.894 Z=-116.226), Max=(X=8837.707 Y=4858.421 Z=1068.151) RuntimeGrid:None EditorOnly:0 RuntimeOnly:0 HLODRelevant:1
 |   |   |- Guid:BD6F64BB4ECABB59A694499556248F70 BaseClass: NativeClass:/Script/Engine.StaticMeshActor Name:StaticMeshActor_UAID_74782766C03BCE7D01_1421368431 Label:pine_tree14 SpatiallyLoaded:1 Bounds:IsValid=true, Min=(X=4468.213 Y=3941.894 Z=-116.226), Max=(X=5407.707 Y=4728.421 Z=1068.151) RuntimeGrid:None EditorOnly:0 RuntimeOnly:0 HLODRelevant:1
 |   |   |- Guid:BDAFFDE3494F66B5E8CB96A101758AE7 BaseClass: NativeClass:/Script/Engine.StaticMeshActor Name:StaticMeshActor_UAID_74782766C03BCE7D01_1351131427 Label:pine_tree10 SpatiallyLoaded:1 Bounds:IsValid=true, Min=(X=2561.224 Y=6324.418 Z=-100.982), Max=(X=3500.718 Y=7110.946 Z=1083.395) RuntimeGrid:None EditorOnly:0 RuntimeOnly:0 HLODRelevant:1
 |   |   |- Guid:C0C56B9644AE3D40CAFF6A878DB29844 BaseClass: NativeClass:/Script/Engine.StaticMeshActor Name:StaticMeshActor_UAID_A4AE111137DC5EFB00_2001720423 Label:SM_SkySphere SpatiallyLoaded:0 Bounds:IsValid=true, Min=(X=-1638400.000 Y=-1638400.000 Z=-1638400.000), Max=(X=1638400.000 Y=1638400.000 Z=1638400.000) RuntimeGrid:None EditorOnly:0 RuntimeOnly:0 HLODRelevant:1 FolderPath:Lighting FolderGuid:0BA5F0A04EADB18E70D5B180D08FA34B
 |   |   |- Guid:C22CE07C4B87D685137FDBBC10FC92C6 BaseClass: NativeClass:/Script/Engine.SkyAtmosphere Name:SkyAtmosphere_0 Label:SkyAtmosphere SpatiallyLoaded:0 Bounds:IsValid=true, Min=(X=0.000 Y=0.000 Z=1020.000), Max=(X=0.000 Y=0.000 Z=1020.000) RuntimeGrid:None EditorOnly:0 RuntimeOnly:0 HLODRelevant:0 FolderPath:Lighting FolderGuid:0BA5F0A04EADB18E70D5B180D08FA34B
 |   |   |- Guid:C9ED56544B2B1A63D3F42B816DF35BA0 BaseClass: NativeClass:/Script/Engine.StaticMeshActor Name:StaticMeshActor_UAID_74782766C03B897D01_1182615285 Label:Cube16 SpatiallyLoaded:1 Bounds:IsValid=true, Min=(X=1031.317 Y=1246.348 Z=-230.120), Max=(X=1402.070 Y=1763.511 Z=-80.120) RuntimeGrid:None EditorOnly:0 RuntimeOnly:0 HLODRelevant:1 FolderPath:Cave FolderGuid:275232DB4A90E8B2799B29BD69C59B9E
 |   |   |- Guid:CEF3074D4F546F3C70C342859534386A BaseClass: NativeClass:/Script/Engine.StaticMeshActor Name:StaticMeshActor_UAID_74782766C03BCE7D01_1460697449 Label:pine_tree32 SpatiallyLoaded:1 Bounds:IsValid=true, Min=(X=8098.213 Y=5581.894 Z=-366.226), Max=(X=9037.707 Y=6368.421 Z=818.151) RuntimeGrid:None EditorOnly:0 RuntimeOnly:0 HLODRelevant:1
 |   |   |- Guid:CF93642F44B426E73210E390E527EAD2 BaseClass: NativeClass:/Script/Engine.StaticMeshActor Name:StaticMeshActor_UAID_74782766C03B897D01_1449771291 Label:Cube21 SpatiallyLoaded:1 Bounds:IsValid=true, Min=(X=3237.785 Y=1157.315 Z=-117.995), Max=(X=3436.623 Y=1300.080 Z=78.218) RuntimeGrid:None EditorOnly:0 RuntimeOnly:0 HLODRelevant:1 FolderPath:Cave FolderGuid:275232DB4A90E8B2799B29BD69C59B9E
 |   |   |- Guid:D62883254ECAB4A9E4815D83CEB09E6A BaseClass: NativeClass:/Script/Engine.StaticMeshActor Name:StaticMeshActor_UAID_74782766C03BCE7D01_1456302434 Label:pine_tree17 SpatiallyLoaded:1 Bounds:IsValid=true, Min=(X=7041.224 Y=4604.418 Z=-100.982), Max=(X=7980.718 Y=5390.946 Z=1083.395) RuntimeGrid:None EditorOnly:0 RuntimeOnly:0 HLODRelevant:1
 |   |   |- Guid:D8AA45164EC571551ACE8CA9CAADD8A8 BaseClass: NativeClass:/Script/Engine.StaticMeshActor Name:StaticMeshActor_UAID_74782766C03B887D01_2098788107 Label:Cube14 SpatiallyLoaded:1 Bounds:IsValid=true, Min=(X=3057.280 Y=1140.425 Z=-381.396), Max=(X=3309.732 Y=1372.781 Z=-176.492) RuntimeGrid:None EditorOnly:0 RuntimeOnly:0 HLODRelevant:1 FolderPath:Cave FolderGuid:275232DB4A90E8B2799B29BD69C59B9E
 |   |   |- Guid:DB855C5B495E5B1CDCA6279775E3B9F6 BaseClass: NativeClass:/Script/Engine.StaticMeshActor Name:StaticMeshActor_UAID_74782766C03BCE7D01_1460674443 Label:pine_tree26 SpatiallyLoaded:1 Bounds:IsValid=true, Min=(X=8611.224 Y=6244.418 Z=-310.982), Max=(X=9550.718 Y=7030.946 Z=873.395) RuntimeGrid:None EditorOnly:0 RuntimeOnly:0 HLODRelevant:1
 |   |   |- Guid:DF19E2CB47705A70A52B0F8CEE751826 BaseClass: NativeClass:/Script/Engine.StaticMeshActor Name:StaticMeshActor_UAID_74782766C03BCE7D01_1351138429 Label:pine_tree12 SpatiallyLoaded:1 Bounds:IsValid=true, Min=(X=2698.213 Y=5661.894 Z=113.774), Max=(X=3637.707 Y=6448.421 Z=1298.151) RuntimeGrid:None EditorOnly:0 RuntimeOnly:0 HLODRelevant:1
 |   |   |- Guid:E454E22F49087519697BF98A7D8BD7BA BaseClass: NativeClass:/Script/Engine.StaticMeshActor Name:StaticMeshActor_UAID_74782766C03B887D01_2042615105 Label:Cube12 SpatiallyLoaded:1 Bounds:IsValid=true, Min=(X=3231.054 Y=1181.603 Z=-471.396), Max=(X=3435.958 Y=1331.603 Z=-266.492) RuntimeGrid:None EditorOnly:0 RuntimeOnly:0 HLODRelevant:1 FolderPath:Cave FolderGuid:275232DB4A90E8B2799B29BD69C59B9E
 |   |   |- Guid:E5320C1B4FD9764CE7B54D8487AEC613 BaseClass: NativeClass:/Script/Engine.SkyLight Name:SkyLight_0 Label:SkyLight SpatiallyLoaded:0 Bounds:IsValid=true, Min=(X=0.000 Y=0.000 Z=690.000), Max=(X=0.000 Y=0.000 Z=690.000) RuntimeGrid:None EditorOnly:0 RuntimeOnly:0 HLODRelevant:0 FolderPath:Lighting FolderGuid:0BA5F0A04EADB18E70D5B180D08FA34B
 |   |   |- Guid:E937419B4B4BB0A92A5B95B953236AFD BaseClass: NativeClass:/Script/Engine.StaticMeshActor Name:StaticMeshActor_UAID_74782766C03B887D01_2098779106 Label:Cube13 SpatiallyLoaded:1 Bounds:IsValid=true, Min=(X=3076.177 Y=1287.856 Z=-238.425), Max=(X=3178.629 Y=1416.865 Z=-107.949) RuntimeGrid:None EditorOnly:0 RuntimeOnly:0 HLODRelevant:1 FolderPath:Cave FolderGuid:275232DB4A90E8B2799B29BD69C59B9E
 |   |   |- Guid:EC4C32C34A119D0D86EECC82C7C63727 BaseClass: NativeClass:/Script/Engine.StaticMeshActor Name:StaticMeshActor_UAID_74782766C03BCE7D01_1437536433 Label:pine_tree16 SpatiallyLoaded:1 Bounds:IsValid=true, Min=(X=5838.213 Y=4071.894 Z=-116.226), Max=(X=6777.707 Y=4858.421 Z=1068.151) RuntimeGrid:None EditorOnly:0 RuntimeOnly:0 HLODRelevant:1
 |   |   |- Guid:EE336B414D64A22526419AB846B1438A BaseClass: NativeClass:/Script/Engine.StaticMeshActor Name:StaticMeshActor_UAID_74782766C03BCE7D01_1456308435 Label:pine_tree18 SpatiallyLoaded:1 Bounds:IsValid=true, Min=(X=6331.224 Y=4604.418 Z=-100.982), Max=(X=7270.718 Y=5390.946 Z=1083.395) RuntimeGrid:None EditorOnly:0 RuntimeOnly:0 HLODRelevant:1
 |   |   |- Guid:EEB2119F4AF93B297C356891CD5D79E3 BaseClass: NativeClass:/Script/Engine.StaticMeshActor Name:StaticMeshActor_UAID_74782766C03B427D01_1861681778 Label:Cube2 SpatiallyLoaded:1 Bounds:IsValid=true, Min=(X=1938.217 Y=1879.054 Z=-332.500), Max=(X=2201.783 Y=2020.946 Z=92.500) RuntimeGrid:None EditorOnly:0 RuntimeOnly:0 HLODRelevant:1 FolderPath:Cave FolderGuid:275232DB4A90E8B2799B29BD69C59B9E
 |   |   |- Guid:F180EE394F8D839041B0A2A277B1EF2F BaseClass: NativeClass:/Script/Engine.StaticMeshActor Name:StaticMeshActor_UAID_74782766C03B897D01_1506956292 Label:Cube22 SpatiallyLoaded:1 Bounds:IsValid=true, Min=(X=3203.307 Y=1232.940 Z=-35.646), Max=(X=3303.307 Y=1332.940 Z=64.354) RuntimeGrid:None EditorOnly:0 RuntimeOnly:0 HLODRelevant:1 FolderPath:Cave FolderGuid:275232DB4A90E8B2799B29BD69C59B9E
 |   |   |- Guid:F41E95DD4A8B486AEB5EC6B6E84640CC BaseClass: NativeClass:/Script/Engine.PointLight Name:PointLight_UAID_74782766C03B897D01_1596486295 Label:PointLight SpatiallyLoaded:1 Bounds:IsValid=true, Min=(X=791.453 Y=-540.640 Z=-1187.838), Max=(X=2791.453 Y=1459.360 Z=812.162) RuntimeGrid:None EditorOnly:0 RuntimeOnly:0 HLODRelevant:0
 |   |   |- Guid:F677F69B47F667C8783CC5ADAE65852B BaseClass: NativeClass:/Script/Engine.StaticMeshActor Name:StaticMeshActor_UAID_74782766C03B887D01_1517182098 Label:Cube6 SpatiallyLoaded:1 Bounds:IsValid=true, Min=(X=2000.086 Y=1936.186 Z=61.213), Max=(X=2066.837 Y=2012.148 Z=142.444) RuntimeGrid:None EditorOnly:0 RuntimeOnly:0 HLODRelevant:1 FolderPath:Cave FolderGuid:275232DB4A90E8B2799B29BD69C59B9E
 |   |   |- Guid:F7038CBA4013B2B39C55F5BF285F7183 BaseClass: NativeClass:/Script/Engine.StaticMeshActor Name:StaticMeshActor_UAID_74782766C03BCE7D01_1314176423 Label:pine_tree6 SpatiallyLoaded:1 Bounds:IsValid=true, Min=(X=5118.213 Y=3401.894 Z=33.774), Max=(X=6057.707 Y=4188.421 Z=1218.151) RuntimeGrid:None EditorOnly:0 RuntimeOnly:0 HLODRelevant:1
 |   |   |- Guid:F7106B9B48ED3A0ED9EF55B3DFFFD5E6 BaseClass: NativeClass:/Script/Engine.StaticMeshActor Name:StaticMeshActor_UAID_74782766C03BCE7D01_1286843420 Label:pine_tree3 SpatiallyLoaded:1 Bounds:IsValid=true, Min=(X=4271.224 Y=3534.418 Z=-100.982), Max=(X=5210.718 Y=4320.946 Z=1083.395) RuntimeGrid:None EditorOnly:0 RuntimeOnly:0 HLODRelevant:1
 |   |   |- Guid:F80621C9446867154938FE81375207DA BaseClass: NativeClass:/Script/Engine.DirectionalLight Name:DirectionalLight_1 Label:DirectionalLight SpatiallyLoaded:0 Bounds:IsValid=true, Min=(X=-4398046511104.000 Y=-4398046511104.000 Z=-4398046511104.000), Max=(X=4398046511104.000 Y=4398046511104.000 Z=4398046511104.000) RuntimeGrid:None EditorOnly:0 RuntimeOnly:0 HLODRelevant:0 FolderPath:Lighting FolderGuid:0BA5F0A04EADB18E70D5B180D08FA34B
 |   |   |- Guid:FB5BC3614BABEAFF91347E90D7ED5A34 BaseClass: NativeClass:/Script/Engine.StaticMeshActor Name:StaticMeshActor_UAID_74782766C03BCE7D01_1290036421 Label:pine_tree4 SpatiallyLoaded:1 Bounds:IsValid=true, Min=(X=3771.224 Y=3944.418 Z=-100.982), Max=(X=4710.718 Y=4730.946 Z=1083.395) RuntimeGrid:None EditorOnly:0 RuntimeOnly:0 HLODRelevant:1
 |   |   |- Guid:FD3EA92B48D7DCEEAC3A5CBD59A3DACF BaseClass: NativeClass:/Script/Engine.StaticMeshActor Name:StaticMeshActor_UAID_74782766C03BCE7D01_1456329439 Label:pine_tree22 SpatiallyLoaded:1 Bounds:IsValid=true, Min=(X=7178.213 Y=3941.894 Z=-116.226), Max=(X=8117.707 Y=4728.421 Z=1068.151) RuntimeGrid:None EditorOnly:0 RuntimeOnly:0 HLODRelevant:1
 |   |   |- Guid:FEF7FD1F46FD6A1B894009873A966C7D BaseClass: NativeClass:/Script/Engine.StaticMeshActor Name:StaticMeshActor_UAID_74782766C03BCE7D01_1460691445 Label:pine_tree28 SpatiallyLoaded:1 Bounds:IsValid=true, Min=(X=9758.213 Y=5041.894 Z=-436.226), Max=(X=10697.707 Y=5828.421 Z=748.151) RuntimeGrid:None EditorOnly:0 RuntimeOnly:0 HLODRelevant:1
 |   |- [+] Clusters:
 |   |   |- [+] [  0]
 |   |   |   |- Guid:9D10548B4F33A997132EDF92EFEC2F40 BaseClass: NativeClass:/Script/Engine.StaticMeshActor Name:StaticMeshActor_UAID_74782766C03B427D01_1668819777 Label:Cover SpatiallyLoaded:1 Bounds:IsValid=true, Min=(X=2267.553 Y=1567.923 Z=-430.000), Max=(X=2837.168 Y=1954.526 Z=170.000) RuntimeGrid:None EditorOnly:0 RuntimeOnly:0 HLODRelevant:1
 |   |   |- [+] [  1]
 |   |   |   |- Guid:61391D344900612A77DFC3BA3E354907 BaseClass: NativeClass:/Script/Engine.ExponentialHeightFog Name:ExponentialHeightFog_0 Label:ExponentialHeightFog SpatiallyLoaded:0 Bounds:IsValid=true, Min=(X=-5600.000 Y=-50.000 Z=-6850.000), Max=(X=-5600.000 Y=-50.000 Z=-6850.000) RuntimeGrid:None EditorOnly:0 RuntimeOnly:0 HLODRelevant:0 FolderPath:Lighting FolderGuid:0BA5F0A04EADB18E70D5B180D08FA34B
 |   |   |- [+] [  2]
 |   |   |   |- Guid:35F4B0E04E015845218681883CC9A0E7 BaseClass: NativeClass:/Script/Engine.StaticMeshActor Name:StaticMeshActor_UAID_74782766C03B897D01_1412756289 Label:Cube19 SpatiallyLoaded:1 Bounds:IsValid=true, Min=(X=3445.978 Y=1084.192 Z=-105.126), Max=(X=3548.430 Y=1213.202 Z=25.349) RuntimeGrid:None EditorOnly:0 RuntimeOnly:0 HLODRelevant:1 FolderPath:Cave FolderGuid:275232DB4A90E8B2799B29BD69C59B9E
 |   |   |- [+] [  3]
 |   |   |   |- Guid:6FEFB3BD4EB37B849EF0D4AC80F83855 BaseClass: NativeClass:/Script/Engine.WorldDataLayers Name:WorldDataLayers Label:WorldDataLayers SpatiallyLoaded:0 Bounds:IsValid=true, Min=(X=0.000 Y=0.000 Z=0.000), Max=(X=0.000 Y=0.000 Z=0.000) RuntimeGrid:None EditorOnly:0 RuntimeOnly:0 HLODRelevant:0 FolderPath:Level FolderGuid:7618EB344E56E62675197D8E12F16A9F
 |   |   |- [+] [  4]
 |   |   |   |- Guid:61AE4D024EB9B5CAF1241B9E02A7BDC3 BaseClass: NativeClass:/Script/Engine.StaticMeshActor Name:StaticMeshActor_UAID_74782766C03B887D01_1651972100 Label:Cube8 SpatiallyLoaded:1 Bounds:IsValid=true, Min=(X=1714.312 Y=2011.507 Z=35.690), Max=(X=1874.525 Y=2183.627 Z=198.154) RuntimeGrid:None EditorOnly:0 RuntimeOnly:0 HLODRelevant:1 FolderPath:Cave FolderGuid:275232DB4A90E8B2799B29BD69C59B9E
 |   |   |- [+] [  5]
 |   |   |   |- Guid:44549D63404DB5F9F89BFF890FDD3FDC BaseClass: NativeClass:/Script/Engine.StaticMeshActor Name:StaticMeshActor_UAID_74782766C03B887D01_1976629103 Label:Cube10 SpatiallyLoaded:1 Bounds:IsValid=true, Min=(X=3050.276 Y=1183.852 Z=-530.789), Max=(X=3191.159 Y=1324.735 Z=-130.789) RuntimeGrid:None EditorOnly:0 RuntimeOnly:0 HLODRelevant:1 FolderPath:Cave FolderGuid:275232DB4A90E8B2799B29BD69C59B9E
 |   |   |- [+] [  6]
 |   |   |   |- Guid:E454E22F49087519697BF98A7D8BD7BA BaseClass: NativeClass:/Script/Engine.StaticMeshActor Name:StaticMeshActor_UAID_74782766C03B887D01_2042615105 Label:Cube12 SpatiallyLoaded:1 Bounds:IsValid=true, Min=(X=3231.054 Y=1181.603 Z=-471.396), Max=(X=3435.958 Y=1331.603 Z=-266.492) RuntimeGrid:None EditorOnly:0 RuntimeOnly:0 HLODRelevant:1 FolderPath:Cave FolderGuid:275232DB4A90E8B2799B29BD69C59B9E
 |   |   |- [+] [  7]
 |   |   |   |- Guid:21DFE129476FA797C82662BFE5070C19 BaseClass: NativeClass:/Script/Engine.StaticMeshActor Name:StaticMeshActor_UAID_74782766C03B897D01_1543690293 Label:Cube23 SpatiallyLoaded:1 Bounds:IsValid=true, Min=(X=3609.942 Y=854.650 Z=-162.914), Max=(X=3862.394 Y=1087.006 Z=41.990) RuntimeGrid:None EditorOnly:0 RuntimeOnly:0 HLODRelevant:1 FolderPath:Cave FolderGuid:275232DB4A90E8B2799B29BD69C59B9E
 |   |   |- [+] [  8]
 |   |   |   |- Guid:F80621C9446867154938FE81375207DA BaseClass: NativeClass:/Script/Engine.DirectionalLight Name:DirectionalLight_1 Label:DirectionalLight SpatiallyLoaded:0 Bounds:IsValid=true, Min=(X=-4398046511104.000 Y=-4398046511104.000 Z=-4398046511104.000), Max=(X=4398046511104.000 Y=4398046511104.000 Z=4398046511104.000) RuntimeGrid:None EditorOnly:0 RuntimeOnly:0 HLODRelevant:0 FolderPath:Lighting FolderGuid:0BA5F0A04EADB18E70D5B180D08FA34B
 |   |   |- [+] [  9]
 |   |   |   |- Guid:E937419B4B4BB0A92A5B95B953236AFD BaseClass: NativeClass:/Script/Engine.StaticMeshActor Name:StaticMeshActor_UAID_74782766C03B887D01_2098779106 Label:Cube13 SpatiallyLoaded:1 Bounds:IsValid=true, Min=(X=3076.177 Y=1287.856 Z=-238.425), Max=(X=3178.629 Y=1416.865 Z=-107.949) RuntimeGrid:None EditorOnly:0 RuntimeOnly:0 HLODRelevant:1 FolderPath:Cave FolderGuid:275232DB4A90E8B2799B29BD69C59B9E
 |   |   |- [+] [ 10]
 |   |   |   |- Guid:EEB2119F4AF93B297C356891CD5D79E3 BaseClass: NativeClass:/Script/Engine.StaticMeshActor Name:StaticMeshActor_UAID_74782766C03B427D01_1861681778 Label:Cube2 SpatiallyLoaded:1 Bounds:IsValid=true, Min=(X=1938.217 Y=1879.054 Z=-332.500), Max=(X=2201.783 Y=2020.946 Z=92.500) RuntimeGrid:None EditorOnly:0 RuntimeOnly:0 HLODRelevant:1 FolderPath:Cave FolderGuid:275232DB4A90E8B2799B29BD69C59B9E
 |   |   |- [+] [ 11]
 |   |   |   |- Guid:C9ED56544B2B1A63D3F42B816DF35BA0 BaseClass: NativeClass:/Script/Engine.StaticMeshActor Name:StaticMeshActor_UAID_74782766C03B897D01_1182615285 Label:Cube16 SpatiallyLoaded:1 Bounds:IsValid=true, Min=(X=1031.317 Y=1246.348 Z=-230.120), Max=(X=1402.070 Y=1763.511 Z=-80.120) RuntimeGrid:None EditorOnly:0 RuntimeOnly:0 HLODRelevant:1 FolderPath:Cave FolderGuid:275232DB4A90E8B2799B29BD69C59B9E
 |   |   |- [+] [ 12]
 |   |   |   |- Guid:9D87D1824C2EE7015CC32797795D5190 BaseClass: NativeClass:/Script/Engine.StaticMeshActor Name:StaticMeshActor_UAID_74782766C03B877D01_2012124919 Label:Cube3 SpatiallyLoaded:1 Bounds:IsValid=true, Min=(X=3133.217 Y=1276.793 Z=-468.289), Max=(X=3208.217 Y=1351.793 Z=-393.289) RuntimeGrid:None EditorOnly:0 RuntimeOnly:0 HLODRelevant:1 FolderPath:Cave FolderGuid:275232DB4A90E8B2799B29BD69C59B9E
 |   |   |- [+] [ 13]
 |   |   |   |- Guid:5C586B974A30955CDC620082901EEB18 BaseClass: NativeClass:/Script/Engine.StaticMeshActor Name:StaticMeshActor_UAID_74782766C03B887D01_1648855099 Label:Cube7 SpatiallyLoaded:1 Bounds:IsValid=true, Min=(X=1848.227 Y=1970.194 Z=50.597), Max=(X=1981.730 Y=2122.116 Z=213.060) RuntimeGrid:None EditorOnly:0 RuntimeOnly:0 HLODRelevant:1 FolderPath:Cave FolderGuid:275232DB4A90E8B2799B29BD69C59B9E
 |   |   |- [+] [ 14]
 |   |   |   |- Guid:8E8D75094CFC5AE0F87902B8DE5E418C BaseClass: NativeClass:/Script/Engine.StaticMeshActor Name:StaticMeshActor_UAID_74782766C03B887D01_1350966096 Label:Cube4 SpatiallyLoaded:1 Bounds:IsValid=true, Min=(X=2030.199 Y=1697.437 Z=-445.000), Max=(X=2369.801 Y=1902.563 Z=5.000) RuntimeGrid:None EditorOnly:0 RuntimeOnly:0 HLODRelevant:1 FolderPath:Cave FolderGuid:275232DB4A90E8B2799B29BD69C59B9E
 |   |   |- [+] [ 15]
 |   |   |   |- Guid:685A68524A67AFBD9BF978A340F06A1D BaseClass: NativeClass:/Script/Engine.StaticMeshActor Name:StaticMeshActor_UAID_74782766C03B887D01_2042605104 Label:Cube11 SpatiallyLoaded:1 Bounds:IsValid=true, Min=(X=3113.506 Y=1246.603 Z=-118.944), Max=(X=3213.506 Y=1346.603 Z=-18.944) RuntimeGrid:None EditorOnly:0 RuntimeOnly:0 HLODRelevant:1 FolderPath:Cave FolderGuid:275232DB4A90E8B2799B29BD69C59B9E
 |   |   |- [+] [ 16]
 |   |   |   |- Guid:93047C684C13520F889C219BED5C61FC BaseClass: NativeClass:/Script/Engine.StaticMeshActor Name:StaticMeshActor_UAID_74782766C03B897D01_1901410296 Label:Jesus SpatiallyLoaded:1 Bounds:IsValid=true, Min=(X=1939.612 Y=139.843 Z=-602.335), Max=(X=2239.822 Y=257.569 Z=-495.968) RuntimeGrid:None EditorOnly:0 RuntimeOnly:0 HLODRelevant:1
 |   |   |- [+] [ 17]
 |   |   |   |- Guid:B2BC3E10499F814E77B2B6A977DFE12D BaseClass: NativeClass:/Script/Engine.StaticMeshActor Name:StaticMeshActor_UAID_74782766C03B897D01_1412744287 Label:Cube17 SpatiallyLoaded:1 Bounds:IsValid=true, Min=(X=3483.307 Y=1042.940 Z=14.354), Max=(X=3583.307 Y=1142.940 Z=114.354) RuntimeGrid:None EditorOnly:0 RuntimeOnly:0 HLODRelevant:1 FolderPath:Cave FolderGuid:275232DB4A90E8B2799B29BD69C59B9E
 |   |   |- [+] [ 18]
 |   |   |   |- Guid:D8AA45164EC571551ACE8CA9CAADD8A8 BaseClass: NativeClass:/Script/Engine.StaticMeshActor Name:StaticMeshActor_UAID_74782766C03B887D01_2098788107 Label:Cube14 SpatiallyLoaded:1 Bounds:IsValid=true, Min=(X=3057.280 Y=1140.425 Z=-381.396), Max=(X=3309.732 Y=1372.781 Z=-176.492) RuntimeGrid:None EditorOnly:0 RuntimeOnly:0 HLODRelevant:1 FolderPath:Cave FolderGuid:275232DB4A90E8B2799B29BD69C59B9E
 |   |   |- [+] [ 19]
 |   |   |   |- Guid:C22CE07C4B87D685137FDBBC10FC92C6 BaseClass: NativeClass:/Script/Engine.SkyAtmosphere Name:SkyAtmosphere_0 Label:SkyAtmosphere SpatiallyLoaded:0 Bounds:IsValid=true, Min=(X=0.000 Y=0.000 Z=1020.000), Max=(X=0.000 Y=0.000 Z=1020.000) RuntimeGrid:None EditorOnly:0 RuntimeOnly:0 HLODRelevant:0 FolderPath:Lighting FolderGuid:0BA5F0A04EADB18E70D5B180D08FA34B
 |   |   |- [+] [ 20]
 |   |   |   |- Guid:F677F69B47F667C8783CC5ADAE65852B BaseClass: NativeClass:/Script/Engine.StaticMeshActor Name:StaticMeshActor_UAID_74782766C03B887D01_1517182098 Label:Cube6 SpatiallyLoaded:1 Bounds:IsValid=true, Min=(X=2000.086 Y=1936.186 Z=61.213), Max=(X=2066.837 Y=2012.148 Z=142.444) RuntimeGrid:None EditorOnly:0 RuntimeOnly:0 HLODRelevant:1 FolderPath:Cave FolderGuid:275232DB4A90E8B2799B29BD69C59B9E
 |   |   |- [+] [ 21]
 |   |   |   |- Guid:3AA971BB4856676BEAB00EA3BC8C6920 BaseClass: NativeClass:/Script/Engine.StaticMeshActor Name:StaticMeshActor_UAID_74782766C03B897D01_1286756286 Label:SM_QuarterCylinder11 SpatiallyLoaded:1 Bounds:IsValid=true, Min=(X=3011.712 Y=-620.702 Z=-79.151), Max=(X=4084.019 Y=936.589 Z=183.349) RuntimeGrid:None EditorOnly:0 RuntimeOnly:0 HLODRelevant:1 FolderPath:Cave FolderGuid:275232DB4A90E8B2799B29BD69C59B9E
 |   |   |- [+] [ 22]
 |   |   |   |- Guid:7FCD71414D34D5ED508312884E0E8124 BaseClass: NativeClass:/Script/Engine.StaticMeshActor Name:StaticMeshActor_UAID_74782766C03B8A7D01_1411652473 Label:Cube4 SpatiallyLoaded:1 Bounds:IsValid=true, Min=(X=1865.000 Y=27.500 Z=-715.000), Max=(X=2315.000 Y=352.500 Z=-565.000) RuntimeGrid:None EditorOnly:0 RuntimeOnly:0 HLODRelevant:1 FolderPath:Cave FolderGuid:275232DB4A90E8B2799B29BD69C59B9E
 |   |   |- [+] [ 23]
 |   |   |   |- Guid:5FE7584649BB6F09265329A6C57CFD0D BaseClass: NativeClass:/Script/Engine.VolumetricCloud Name:VolumetricCloud_0 Label:VolumetricCloud SpatiallyLoaded:0 Bounds:IsValid=true, Min=(X=0.000 Y=0.000 Z=820.000), Max=(X=0.000 Y=0.000 Z=820.000) RuntimeGrid:None EditorOnly:0 RuntimeOnly:0 HLODRelevant:0 FolderPath:Lighting FolderGuid:0BA5F0A04EADB18E70D5B180D08FA34B
 |   |   |- [+] [ 24]
 |   |   |   |- Guid:E5320C1B4FD9764CE7B54D8487AEC613 BaseClass: NativeClass:/Script/Engine.SkyLight Name:SkyLight_0 Label:SkyLight SpatiallyLoaded:0 Bounds:IsValid=true, Min=(X=0.000 Y=0.000 Z=690.000), Max=(X=0.000 Y=0.000 Z=690.000) RuntimeGrid:None EditorOnly:0 RuntimeOnly:0 HLODRelevant:0 FolderPath:Lighting FolderGuid:0BA5F0A04EADB18E70D5B180D08FA34B
 |   |   |- [+] [ 25]
 |   |   |   |- Guid:54B05EA94A343510067224A2BBCDD130 BaseClass: NativeClass:/Script/Engine.StaticMeshActor Name:StaticMeshActor_UAID_74782766C03B887D01_1399239097 Label:Cube5 SpatiallyLoaded:1 Bounds:IsValid=true, Min=(X=2145.914 Y=1801.097 Z=62.678), Max=(X=2274.086 Y=1938.903 Z=217.322) RuntimeGrid:None EditorOnly:0 RuntimeOnly:0 HLODRelevant:1 FolderPath:Cave FolderGuid:275232DB4A90E8B2799B29BD69C59B9E
 |   |   |- [+] [ 26]
 |   |   |   |- Guid:F41E95DD4A8B486AEB5EC6B6E84640CC BaseClass: NativeClass:/Script/Engine.PointLight Name:PointLight_UAID_74782766C03B897D01_1596486295 Label:PointLight SpatiallyLoaded:1 Bounds:IsValid=true, Min=(X=791.453 Y=-540.640 Z=-1187.838), Max=(X=2791.453 Y=1459.360 Z=812.162) RuntimeGrid:None EditorOnly:0 RuntimeOnly:0 HLODRelevant:0
 |   |   |- [+] [ 27]
 |   |   |   |- Guid:A354B1B24E617A525DC6B48CCDE2417E BaseClass: NativeClass:/Script/Engine.PlayerStart Name:PlayerStart_0 Label:PlayerStart SpatiallyLoaded:0 Bounds:IsValid=true, Min=(X=3095.359 Y=2325.359 Z=-149.987), Max=(X=3204.641 Y=2434.641 Z=34.013) RuntimeGrid:None EditorOnly:0 RuntimeOnly:0 HLODRelevant:0
 |   |   |- [+] [ 28]
 |   |   |   |- Guid:F180EE394F8D839041B0A2A277B1EF2F BaseClass: NativeClass:/Script/Engine.StaticMeshActor Name:StaticMeshActor_UAID_74782766C03B897D01_1506956292 Label:Cube22 SpatiallyLoaded:1 Bounds:IsValid=true, Min=(X=3203.307 Y=1232.940 Z=-35.646), Max=(X=3303.307 Y=1332.940 Z=64.354) RuntimeGrid:None EditorOnly:0 RuntimeOnly:0 HLODRelevant:1 FolderPath:Cave FolderGuid:275232DB4A90E8B2799B29BD69C59B9E
 |   |   |- [+] [ 29]
 |   |   |   |- Guid:730FC62B43522DF15BEDFDAA13FC5D9B BaseClass: NativeClass:/Script/Engine.StaticMeshActor Name:StaticMeshActor_UAID_74782766C03B3F7D01_2033258247 Label:Terrain SpatiallyLoaded:1 Bounds:IsValid=true, Min=(X=-8578.148 Y=-7919.970 Z=-9168.891), Max=(X=11556.725 Y=10942.804 Z=9419.307) RuntimeGrid:None EditorOnly:0 RuntimeOnly:0 HLODRelevant:1 FolderPath:Level FolderGuid:7618EB344E56E62675197D8E12F16A9F
 |   |   |- [+] [ 30]
 |   |   |   |- Guid:8E6120FC40B0C2384F6E528EAFC19C5A BaseClass: NativeClass:/Script/Engine.StaticMeshActor Name:StaticMeshActor_36 Label:SM_QuarterCylinder10 SpatiallyLoaded:1 Bounds:IsValid=true, Min=(X=791.073 Y=729.501 Z=-142.011), Max=(X=1755.127 Y=2224.292 Z=145.489) RuntimeGrid:None EditorOnly:0 RuntimeOnly:0 HLODRelevant:1 FolderPath:Cave FolderGuid:275232DB4A90E8B2799B29BD69C59B9E
 |   |   |- [+] [ 31]
 |   |   |   |- Guid:B4E66C5E441218AC8D9F84B5383B5B8D BaseClass: NativeClass:/Script/Engine.StaticMeshActor Name:StaticMeshActor_UAID_74782766C03B427D01_1516544776 Label:Cube2 SpatiallyLoaded:1 Bounds:IsValid=true, Min=(X=2017.548 Y=1935.000 Z=-282.452), Max=(X=2222.452 Y=2085.000 Z=-77.548) RuntimeGrid:None EditorOnly:0 RuntimeOnly:0 HLODRelevant:1 FolderPath:Cave FolderGuid:275232DB4A90E8B2799B29BD69C59B9E
 |   |   |- [+] [ 32]
 |   |   |   |- Guid:55ED1BF44D1428487BD5D8B119089618 BaseClass: NativeClass:/Script/Engine.StaticMeshActor Name:StaticMeshActor_UAID_74782766C03B887D01_1756459102 Label:Cube9 SpatiallyLoaded:1 Bounds:IsValid=true, Min=(X=3104.842 Y=821.985 Z=-580.728), Max=(X=3826.011 Y=1296.087 Z=19.272) RuntimeGrid:None EditorOnly:0 RuntimeOnly:0 HLODRelevant:1 FolderPath:Cave FolderGuid:275232DB4A90E8B2799B29BD69C59B9E
 |   |   |- [+] [ 33]
 |   |   |   |- Guid:CF93642F44B426E73210E390E527EAD2 BaseClass: NativeClass:/Script/Engine.StaticMeshActor Name:StaticMeshActor_UAID_74782766C03B897D01_1449771291 Label:Cube21 SpatiallyLoaded:1 Bounds:IsValid=true, Min=(X=3237.785 Y=1157.315 Z=-117.995), Max=(X=3436.623 Y=1300.080 Z=78.218) RuntimeGrid:None EditorOnly:0 RuntimeOnly:0 HLODRelevant:1 FolderPath:Cave FolderGuid:275232DB4A90E8B2799B29BD69C59B9E
 |   |   |- [+] [ 34]
 |   |   |   |- Guid:AB5404214A1EA161E4CA35A8C10DAB6B BaseClass: NativeClass:/Script/Engine.StaticMeshActor Name:StaticMeshActor_UAID_74782766C03B427D01_1439100775 Label:Cube SpatiallyLoaded:1 Bounds:IsValid=true, Min=(X=1920.000 Y=2160.000 Z=-170.000), Max=(X=2020.000 Y=2260.000 Z=-70.000) RuntimeGrid:None EditorOnly:0 RuntimeOnly:0 HLODRelevant:1 FolderPath:Cave FolderGuid:275232DB4A90E8B2799B29BD69C59B9E
 |   |   |- [+] [ 35]
 |   |   |   |- Guid:8647E889455273F0AA14FB8DE659BD28 BaseClass: NativeClass:/Script/Engine.StaticMeshActor Name:StaticMeshActor_UAID_74782766C03B897D01_1412753288 Label:Cube18 SpatiallyLoaded:1 Bounds:IsValid=true, Min=(X=3352.129 Y=1097.940 Z=-447.673), Max=(X=3634.485 Y=1247.940 Z=-183.619) RuntimeGrid:None EditorOnly:0 RuntimeOnly:0 HLODRelevant:1 FolderPath:Cave FolderGuid:275232DB4A90E8B2799B29BD69C59B9E
 |   |   |- [+] [ 36]
 |   |   |   |- Guid:338C972D4AB0E511EA9A7BB24D01E4A7 BaseClass: NativeClass:/Script/Engine.StaticMeshActor Name:StaticMeshActor_UAID_74782766C03B897D01_1127753284 Label:Cube15 SpatiallyLoaded:1 Bounds:IsValid=true, Min=(X=3249.120 Y=1199.078 Z=-268.278), Max=(X=3349.120 Y=1299.078 Z=-168.278) RuntimeGrid:None EditorOnly:0 RuntimeOnly:0 HLODRelevant:1 FolderPath:Cave FolderGuid:275232DB4A90E8B2799B29BD69C59B9E
 |   |   |- [+] [ 37]
 |   |   |   |- Guid:C0C56B9644AE3D40CAFF6A878DB29844 BaseClass: NativeClass:/Script/Engine.StaticMeshActor Name:StaticMeshActor_UAID_A4AE111137DC5EFB00_2001720423 Label:SM_SkySphere SpatiallyLoaded:0 Bounds:IsValid=true, Min=(X=-1638400.000 Y=-1638400.000 Z=-1638400.000), Max=(X=1638400.000 Y=1638400.000 Z=1638400.000) RuntimeGrid:None EditorOnly:0 RuntimeOnly:0 HLODRelevant:1 FolderPath:Lighting FolderGuid:0BA5F0A04EADB18E70D5B180D08FA34B
 |   |   |- [+] [ 38]
 |   |   |   |- Guid:3F6F9B6D41107AA91F02868908431B5D BaseClass: NativeClass:/Script/Engine.StaticMeshActor Name:StaticMeshActor_UAID_74782766C03B887D01_1724224101 Label:Cone SpatiallyLoaded:1 Bounds:IsValid=true, Min=(X=1660.000 Y=2280.000 Z=-50.000), Max=(X=1760.000 Y=2380.000 Z=50.000) RuntimeGrid:None EditorOnly:0 RuntimeOnly:0 HLODRelevant:1 FolderPath:Cave FolderGuid:275232DB4A90E8B2799B29BD69C59B9E
 |   |   |- [+] [ 39]
 |   |   |   |- Guid:72C0D87C47583901305040A0706D9D1C BaseClass: NativeClass:/Script/Engine.StaticMeshActor Name:StaticMeshActor_UAID_74782766C03B897D01_1412759290 Label:Cube20 SpatiallyLoaded:1 Bounds:IsValid=true, Min=(X=3427.081 Y=936.762 Z=-248.098), Max=(X=3679.533 Y=1169.118 Z=-43.194) RuntimeGrid:None EditorOnly:0 RuntimeOnly:0 HLODRelevant:1 FolderPath:Cave FolderGuid:275232DB4A90E8B2799B29BD69C59B9E
 |   |   |- [+] [ 40]
 |   |   |   |- Guid:B0A7B4A74E1C49517B738E92C8B7F3FF BaseClass: NativeClass:/Script/Engine.StaticMeshActor Name:StaticMeshActor_UAID_74782766C03BCD7D01_1638005239 Label:Campfire SpatiallyLoaded:1 Bounds:IsValid=true, Min=(X=3140.928 Y=2533.110 Z=-123.309), Max=(X=3238.920 Y=2627.162 Z=-63.197) RuntimeGrid:None EditorOnly:0 RuntimeOnly:0 HLODRelevant:1
 |   |   |- [+] [ 41]
 |   |   |   |- Guid:9A0EC45D47BD7EB892B851BFC55DD02D BaseClass: NativeClass:/Script/Engine.StaticMeshActor Name:StaticMeshActor_UAID_74782766C03BCD7D01_1863368241 Label:torchstick SpatiallyLoaded:1 Bounds:IsValid=true, Min=(X=3018.729 Y=1567.761 Z=-384.140), Max=(X=3032.625 Y=1584.397 Z=-238.736) RuntimeGrid:None EditorOnly:0 RuntimeOnly:0 HLODRelevant:1
 |   |   |- [+] [ 42]
 |   |   |   |- Guid:A70A8FC04E4DD624295EC58A4727F504 BaseClass: NativeClass:/Script/Engine.StaticMeshActor Name:StaticMeshActor_UAID_74782766C03BCE7D01_1145529418 Label:pine_tree SpatiallyLoaded:1 Bounds:IsValid=true, Min=(X=4981.224 Y=4604.418 Z=-100.982), Max=(X=5920.718 Y=5390.946 Z=1083.395) RuntimeGrid:None EditorOnly:0 RuntimeOnly:0 HLODRelevant:1
 |   |   |- [+] [ 43]
 |   |   |   |- Guid:6B9A7C5C419FD474515A21A6ACFE8A31 BaseClass: NativeClass:/Script/Engine.StaticMeshActor Name:StaticMeshActor_UAID_74782766C03BCE7D01_1280815419 Label:pine_tree2 SpatiallyLoaded:1 Bounds:IsValid=true, Min=(X=4271.224 Y=4604.418 Z=-100.982), Max=(X=5210.718 Y=5390.946 Z=1083.395) RuntimeGrid:None EditorOnly:0 RuntimeOnly:0 HLODRelevant:1
 |   |   |- [+] [ 44]
 |   |   |   |- Guid:F7106B9B48ED3A0ED9EF55B3DFFFD5E6 BaseClass: NativeClass:/Script/Engine.StaticMeshActor Name:StaticMeshActor_UAID_74782766C03BCE7D01_1286843420 Label:pine_tree3 SpatiallyLoaded:1 Bounds:IsValid=true, Min=(X=4271.224 Y=3534.418 Z=-100.982), Max=(X=5210.718 Y=4320.946 Z=1083.395) RuntimeGrid:None EditorOnly:0 RuntimeOnly:0 HLODRelevant:1
 |   |   |- [+] [ 45]
 |   |   |   |- Guid:FB5BC3614BABEAFF91347E90D7ED5A34 BaseClass: NativeClass:/Script/Engine.StaticMeshActor Name:StaticMeshActor_UAID_74782766C03BCE7D01_1290036421 Label:pine_tree4 SpatiallyLoaded:1 Bounds:IsValid=true, Min=(X=3771.224 Y=3944.418 Z=-100.982), Max=(X=4710.718 Y=4730.946 Z=1083.395) RuntimeGrid:None EditorOnly:0 RuntimeOnly:0 HLODRelevant:1
 |   |   |- [+] [ 46]
 |   |   |   |- Guid:587785BC4E547EEFCB896892A246A60B BaseClass: NativeClass:/Script/Engine.StaticMeshActor Name:StaticMeshActor_UAID_74782766C03BCE7D01_1314169422 Label:pine_tree5 SpatiallyLoaded:1 Bounds:IsValid=true, Min=(X=6128.213 Y=3401.894 Z=113.774), Max=(X=7067.707 Y=4188.421 Z=1298.151) RuntimeGrid:None EditorOnly:0 RuntimeOnly:0 HLODRelevant:1
 |   |   |- [+] [ 47]
 |   |   |   |- Guid:F7038CBA4013B2B39C55F5BF285F7183 BaseClass: NativeClass:/Script/Engine.StaticMeshActor Name:StaticMeshActor_UAID_74782766C03BCE7D01_1314176423 Label:pine_tree6 SpatiallyLoaded:1 Bounds:IsValid=true, Min=(X=5118.213 Y=3401.894 Z=33.774), Max=(X=6057.707 Y=4188.421 Z=1218.151) RuntimeGrid:None EditorOnly:0 RuntimeOnly:0 HLODRelevant:1
 |   |   |- [+] [ 48]
 |   |   |   |- Guid:40984D3E4D5F20EA70E689A751F7B862 BaseClass: NativeClass:/Script/Engine.StaticMeshActor Name:StaticMeshActor_UAID_74782766C03BCE7D01_1314178424 Label:pine_tree7 SpatiallyLoaded:1 Bounds:IsValid=true, Min=(X=5418.213 Y=2331.894 Z=113.774), Max=(X=6357.707 Y=3118.421 Z=1298.151) RuntimeGrid:None EditorOnly:0 RuntimeOnly:0 HLODRelevant:1
 |   |   |- [+] [ 49]
 |   |   |   |- Guid:01F8BAA846069E5DB60030A8FDA3ECC7 BaseClass: NativeClass:/Script/Engine.StaticMeshActor Name:StaticMeshActor_UAID_74782766C03BCE7D01_1314180425 Label:pine_tree8 SpatiallyLoaded:1 Bounds:IsValid=true, Min=(X=4918.213 Y=2741.894 Z=113.774), Max=(X=5857.707 Y=3528.421 Z=1298.151) RuntimeGrid:None EditorOnly:0 RuntimeOnly:0 HLODRelevant:1
 |   |   |- [+] [ 50]
 |   |   |   |- Guid:5AF59BAC496D7BEEAEE47FB6BC171B49 BaseClass: NativeClass:/Script/Engine.StaticMeshActor Name:StaticMeshActor_UAID_74782766C03BCE7D01_1336349426 Label:pine_tree9 SpatiallyLoaded:1 Bounds:IsValid=true, Min=(X=5118.213 Y=3941.894 Z=-116.226), Max=(X=6057.707 Y=4728.421 Z=1068.151) RuntimeGrid:None EditorOnly:0 RuntimeOnly:0 HLODRelevant:1
 |   |   |- [+] [ 51]
 |   |   |   |- Guid:BDAFFDE3494F66B5E8CB96A101758AE7 BaseClass: NativeClass:/Script/Engine.StaticMeshActor Name:StaticMeshActor_UAID_74782766C03BCE7D01_1351131427 Label:pine_tree10 SpatiallyLoaded:1 Bounds:IsValid=true, Min=(X=2561.224 Y=6324.418 Z=-100.982), Max=(X=3500.718 Y=7110.946 Z=1083.395) RuntimeGrid:None EditorOnly:0 RuntimeOnly:0 HLODRelevant:1
 |   |   |- [+] [ 52]
 |   |   |   |- Guid:2C5B2AE64A8217C1CC3428A3218CE68A BaseClass: NativeClass:/Script/Engine.StaticMeshActor Name:StaticMeshActor_UAID_74782766C03BCE7D01_1351137428 Label:pine_tree11 SpatiallyLoaded:1 Bounds:IsValid=true, Min=(X=1851.224 Y=6324.418 Z=-100.982), Max=(X=2790.718 Y=7110.946 Z=1083.395) RuntimeGrid:None EditorOnly:0 RuntimeOnly:0 HLODRelevant:1
 |   |   |- [+] [ 53]
 |   |   |   |- Guid:DF19E2CB47705A70A52B0F8CEE751826 BaseClass: NativeClass:/Script/Engine.StaticMeshActor Name:StaticMeshActor_UAID_74782766C03BCE7D01_1351138429 Label:pine_tree12 SpatiallyLoaded:1 Bounds:IsValid=true, Min=(X=2698.213 Y=5661.894 Z=113.774), Max=(X=3637.707 Y=6448.421 Z=1298.151) RuntimeGrid:None EditorOnly:0 RuntimeOnly:0 HLODRelevant:1
 |   |   |- [+] [ 54]
 |   |   |   |- Guid:A462F4CF47EFAF7A118E69AF6B754123 BaseClass: NativeClass:/Script/Engine.StaticMeshActor Name:StaticMeshActor_UAID_74782766C03BCE7D01_1371992430 Label:pine_tree13 SpatiallyLoaded:1 Bounds:IsValid=true, Min=(X=648.213 Y=5661.894 Z=113.774), Max=(X=1587.707 Y=6448.421 Z=1298.151) RuntimeGrid:None EditorOnly:0 RuntimeOnly:0 HLODRelevant:1
 |   |   |- [+] [ 55]
 |   |   |   |- Guid:BD6F64BB4ECABB59A694499556248F70 BaseClass: NativeClass:/Script/Engine.StaticMeshActor Name:StaticMeshActor_UAID_74782766C03BCE7D01_1421368431 Label:pine_tree14 SpatiallyLoaded:1 Bounds:IsValid=true, Min=(X=4468.213 Y=3941.894 Z=-116.226), Max=(X=5407.707 Y=4728.421 Z=1068.151) RuntimeGrid:None EditorOnly:0 RuntimeOnly:0 HLODRelevant:1
 |   |   |- [+] [ 56]
 |   |   |   |- Guid:33E6F65C4F4906203291E486F748957B BaseClass: NativeClass:/Script/Engine.StaticMeshActor Name:StaticMeshActor_UAID_74782766C03BCE7D01_1430157432 Label:pine_tree15 SpatiallyLoaded:1 Bounds:IsValid=true, Min=(X=4718.213 Y=5161.894 Z=-116.226), Max=(X=5657.707 Y=5948.421 Z=1068.151) RuntimeGrid:None EditorOnly:0 RuntimeOnly:0 HLODRelevant:1
 |   |   |- [+] [ 57]
 |   |   |   |- Guid:EC4C32C34A119D0D86EECC82C7C63727 BaseClass: NativeClass:/Script/Engine.StaticMeshActor Name:StaticMeshActor_UAID_74782766C03BCE7D01_1437536433 Label:pine_tree16 SpatiallyLoaded:1 Bounds:IsValid=true, Min=(X=5838.213 Y=4071.894 Z=-116.226), Max=(X=6777.707 Y=4858.421 Z=1068.151) RuntimeGrid:None EditorOnly:0 RuntimeOnly:0 HLODRelevant:1
 |   |   |- [+] [ 58]
 |   |   |   |- Guid:D62883254ECAB4A9E4815D83CEB09E6A BaseClass: NativeClass:/Script/Engine.StaticMeshActor Name:StaticMeshActor_UAID_74782766C03BCE7D01_1456302434 Label:pine_tree17 SpatiallyLoaded:1 Bounds:IsValid=true, Min=(X=7041.224 Y=4604.418 Z=-100.982), Max=(X=7980.718 Y=5390.946 Z=1083.395) RuntimeGrid:None EditorOnly:0 RuntimeOnly:0 HLODRelevant:1
 |   |   |- [+] [ 59]
 |   |   |   |- Guid:EE336B414D64A22526419AB846B1438A BaseClass: NativeClass:/Script/Engine.StaticMeshActor Name:StaticMeshActor_UAID_74782766C03BCE7D01_1456308435 Label:pine_tree18 SpatiallyLoaded:1 Bounds:IsValid=true, Min=(X=6331.224 Y=4604.418 Z=-100.982), Max=(X=7270.718 Y=5390.946 Z=1083.395) RuntimeGrid:None EditorOnly:0 RuntimeOnly:0 HLODRelevant:1
 |   |   |- [+] [ 60]
 |   |   |   |- Guid:679176EE434982D1C3252CBC612D6EF8 BaseClass: NativeClass:/Script/Engine.StaticMeshActor Name:StaticMeshActor_UAID_74782766C03BCE7D01_1456317436 Label:pine_tree19 SpatiallyLoaded:1 Bounds:IsValid=true, Min=(X=8188.213 Y=3401.894 Z=-26.226), Max=(X=9127.707 Y=4188.421 Z=1158.151) RuntimeGrid:None EditorOnly:0 RuntimeOnly:0 HLODRelevant:1
 |   |   |- [+] [ 61]
 |   |   |   |- Guid:9A55F9924CA821804EBBE09F99DB1C90 BaseClass: NativeClass:/Script/Engine.StaticMeshActor Name:StaticMeshActor_UAID_74782766C03BCE7D01_1456320437 Label:pine_tree20 SpatiallyLoaded:1 Bounds:IsValid=true, Min=(X=7178.213 Y=3401.894 Z=-6.226), Max=(X=8117.707 Y=4188.421 Z=1178.151) RuntimeGrid:None EditorOnly:0 RuntimeOnly:0 HLODRelevant:1
 |   |   |- [+] [ 62]
 |   |   |   |- Guid:9FE0C40642CD31A0DD5A42A29469B820 BaseClass: NativeClass:/Script/Engine.StaticMeshActor Name:StaticMeshActor_UAID_74782766C03BCE7D01_1456327438 Label:pine_tree21 SpatiallyLoaded:1 Bounds:IsValid=true, Min=(X=6978.213 Y=2741.894 Z=113.774), Max=(X=7917.707 Y=3528.421 Z=1298.151) RuntimeGrid:None EditorOnly:0 RuntimeOnly:0 HLODRelevant:1
 |   |   |- [+] [ 63]
 |   |   |   |- Guid:FD3EA92B48D7DCEEAC3A5CBD59A3DACF BaseClass: NativeClass:/Script/Engine.StaticMeshActor Name:StaticMeshActor_UAID_74782766C03BCE7D01_1456329439 Label:pine_tree22 SpatiallyLoaded:1 Bounds:IsValid=true, Min=(X=7178.213 Y=3941.894 Z=-116.226), Max=(X=8117.707 Y=4728.421 Z=1068.151) RuntimeGrid:None EditorOnly:0 RuntimeOnly:0 HLODRelevant:1
 |   |   |- [+] [ 64]
 |   |   |   |- Guid:611AE81F49E505F5E5A8598B9983D8CB BaseClass: NativeClass:/Script/Engine.StaticMeshActor Name:StaticMeshActor_UAID_74782766C03BCE7D01_1456331440 Label:pine_tree23 SpatiallyLoaded:1 Bounds:IsValid=true, Min=(X=6528.213 Y=3941.894 Z=-116.226), Max=(X=7467.707 Y=4728.421 Z=1068.151) RuntimeGrid:None EditorOnly:0 RuntimeOnly:0 HLODRelevant:1
 |   |   |- [+] [ 65]
 |   |   |   |- Guid:07AB34264B7112B40D8227A931F519EB BaseClass: NativeClass:/Script/Engine.StaticMeshActor Name:StaticMeshActor_UAID_74782766C03BCE7D01_1456332441 Label:pine_tree24 SpatiallyLoaded:1 Bounds:IsValid=true, Min=(X=6778.213 Y=5161.894 Z=-116.226), Max=(X=7717.707 Y=5948.421 Z=1068.151) RuntimeGrid:None EditorOnly:0 RuntimeOnly:0 HLODRelevant:1
 |   |   |- [+] [ 66]
 |   |   |   |- Guid:B5914EE94CA1B909EFCB37805F54A3D8 BaseClass: NativeClass:/Script/Engine.StaticMeshActor Name:StaticMeshActor_UAID_74782766C03BCE7D01_1456334442 Label:pine_tree25 SpatiallyLoaded:1 Bounds:IsValid=true, Min=(X=7898.213 Y=4071.894 Z=-116.226), Max=(X=8837.707 Y=4858.421 Z=1068.151) RuntimeGrid:None EditorOnly:0 RuntimeOnly:0 HLODRelevant:1
 |   |   |- [+] [ 67]
 |   |   |   |- Guid:DB855C5B495E5B1CDCA6279775E3B9F6 BaseClass: NativeClass:/Script/Engine.StaticMeshActor Name:StaticMeshActor_UAID_74782766C03BCE7D01_1460674443 Label:pine_tree26 SpatiallyLoaded:1 Bounds:IsValid=true, Min=(X=8611.224 Y=6244.418 Z=-310.982), Max=(X=9550.718 Y=7030.946 Z=873.395) RuntimeGrid:None EditorOnly:0 RuntimeOnly:0 HLODRelevant:1
 |   |   |- [+] [ 68]
 |   |   |   |- Guid:28C4604D45F486B5A3579BAFE988DD0D BaseClass: NativeClass:/Script/Engine.StaticMeshActor Name:StaticMeshActor_UAID_74782766C03BCE7D01_1460690444 Label:pine_tree27 SpatiallyLoaded:1 Bounds:IsValid=true, Min=(X=7901.224 Y=6244.418 Z=-200.982), Max=(X=8840.718 Y=7030.946 Z=983.395) RuntimeGrid:None EditorOnly:0 RuntimeOnly:0 HLODRelevant:1
 |   |   |- [+] [ 69]
 |   |   |   |- Guid:FEF7FD1F46FD6A1B894009873A966C7D BaseClass: NativeClass:/Script/Engine.StaticMeshActor Name:StaticMeshActor_UAID_74782766C03BCE7D01_1460691445 Label:pine_tree28 SpatiallyLoaded:1 Bounds:IsValid=true, Min=(X=9758.213 Y=5041.894 Z=-436.226), Max=(X=10697.707 Y=5828.421 Z=748.151) RuntimeGrid:None EditorOnly:0 RuntimeOnly:0 HLODRelevant:1
 |   |   |- [+] [ 70]
 |   |   |   |- Guid:79B2F5FF4EF7C5AADEA2A29B89B03C8C BaseClass: NativeClass:/Script/Engine.StaticMeshActor Name:StaticMeshActor_UAID_74782766C03BCE7D01_1460693446 Label:pine_tree29 SpatiallyLoaded:1 Bounds:IsValid=true, Min=(X=8748.213 Y=5041.894 Z=-516.226), Max=(X=9687.707 Y=5828.421 Z=668.151) RuntimeGrid:None EditorOnly:0 RuntimeOnly:0 HLODRelevant:1
 |   |   |- [+] [ 71]
 |   |   |   |- Guid:7AC084D647447A81F3FA71BAFC8C09D1 BaseClass: NativeClass:/Script/Engine.StaticMeshActor Name:StaticMeshActor_UAID_74782766C03BCE7D01_1460694447 Label:pine_tree30 SpatiallyLoaded:1 Bounds:IsValid=true, Min=(X=8548.213 Y=4381.894 Z=-146.226), Max=(X=9487.707 Y=5168.421 Z=1038.151) RuntimeGrid:None EditorOnly:0 RuntimeOnly:0 HLODRelevant:1
 |   |   |- [+] [ 72]
 |   |   |   |- Guid:8796F7104FC97F43328B699AB8C8DEB7 BaseClass: NativeClass:/Script/Engine.StaticMeshActor Name:StaticMeshActor_UAID_74782766C03BCE7D01_1460695448 Label:pine_tree31 SpatiallyLoaded:1 Bounds:IsValid=true, Min=(X=8748.213 Y=5581.894 Z=-366.226), Max=(X=9687.707 Y=6368.421 Z=818.151) RuntimeGrid:None EditorOnly:0 RuntimeOnly:0 HLODRelevant:1
 |   |   |- [+] [ 73]
 |   |   |   |- Guid:CEF3074D4F546F3C70C342859534386A BaseClass: NativeClass:/Script/Engine.StaticMeshActor Name:StaticMeshActor_UAID_74782766C03BCE7D01_1460697449 Label:pine_tree32 SpatiallyLoaded:1 Bounds:IsValid=true, Min=(X=8098.213 Y=5581.894 Z=-366.226), Max=(X=9037.707 Y=6368.421 Z=818.151) RuntimeGrid:None EditorOnly:0 RuntimeOnly:0 HLODRelevant:1
 |   |   |- [+] [ 74]
 |   |   |   |- Guid:2E1CCDE64AC3FC50B402FEB650EFD617 BaseClass: NativeClass:/Script/Engine.StaticMeshActor Name:StaticMeshActor_UAID_74782766C03BCE7D01_1460698450 Label:pine_tree33 SpatiallyLoaded:1 Bounds:IsValid=true, Min=(X=8348.213 Y=6801.894 Z=-186.226), Max=(X=9287.707 Y=7588.421 Z=998.151) RuntimeGrid:None EditorOnly:0 RuntimeOnly:0 HLODRelevant:1
 |   |   |- [+] [ 75]
 |   |   |   |- Guid:006FD8F447EE7CBA4A6F9CA39DB2C732 BaseClass: NativeClass:/Script/Engine.StaticMeshActor Name:StaticMeshActor_UAID_74782766C03BCE7D01_1460700451 Label:pine_tree34 SpatiallyLoaded:1 Bounds:IsValid=true, Min=(X=9468.213 Y=5711.894 Z=-246.226), Max=(X=10407.707 Y=6498.421 Z=938.151) RuntimeGrid:None EditorOnly:0 RuntimeOnly:0 HLODRelevant:1
 |- ContainerInstances:
 |- [+] MainContainer:
 |   |-        ID: 0x0000000000000000
 |   |-    Bounds: IsValid=false, Min=(X=0.000 Y=0.000 Z=0.000), Max=(X=0.000 Y=0.000 Z=0.000)
 |   |- Transform: 0.000000,0.000000,0.000000|0.000000,0.000000,-0.000000|1.000000,1.000000,1.000000
 |   |- Container: /Game/Levels/FirstPersonMap
----------------------------------------------------------------------------------------------------------------
FirstPersonMap - Persistent Level
----------------------------------------------------------------------------------------------------------------
Always loaded Actor Count: 90 

----------------------------------------------------------------------------------------------------------------
FirstPersonMap - Runtime Spatial Hash - Streaming Grid - MainGrid
----------------------------------------------------------------------------------------------------------------
            Origin: X=0.000 Y=0.000 Z=0.000
         Cell Size: 12800
      World Bounds: IsValid=false, Min=(X=0.000 Y=0.000 Z=0.000), Max=(X=0.000 Y=0.000 Z=0.000)
     Loading Range: 25600.00
Block Slow Loading: No
 ClientOnlyVisible: No

[+] Grid Levels: 1
 |- Level  0: Cell Count    0 | Cell Size   12800 | Actor Count    0 (0.0%)

[+] Content of Grid Level 0

