[+] Containers:
 |- [+] Container: /Game/Levels/FirstPersonMap
 |   |- [+] ActorDescs:
 |   |   |- Guid:112248FC45B464FE31AEECB60297828F BaseClass: NativeClass:/Script/Engine.StaticMeshActor Name:StaticMeshActor_UAID_74782766C03BDB7D01_1500373712 Label:pine_tree51 SpatiallyLoaded:1 Bounds:IsValid=true, Min=(X=5511.224 Y=3234.418 Z=-20.982), Max=(X=6450.718 Y=4020.946 Z=1163.395) RuntimeGrid:None EditorOnly:0 RuntimeOnly:0 HLODRelevant:1 FolderPath:Trees FolderGuid:75CE947B4D7DFCFC4864718696097B58
 |   |   |- Guid:1ADC56FA41B79D0BC76613B5EF5BED13 BaseClass: NativeClass:/Script/Engine.StaticMeshActor Name:StaticMeshActor_UAID_74782766C03BDB7D01_1613709721 Label:pine_tree60 SpatiallyLoaded:1 Bounds:IsValid=true, Min=(X=6781.224 Y=5114.418 Z=-20.982), Max=(X=7720.718 Y=5900.946 Z=1163.395) RuntimeGrid:None EditorOnly:0 RuntimeOnly:0 HLODRelevant:1 FolderPath:Trees FolderGuid:75CE947B4D7DFCFC4864718696097B58
 |   |   |- Guid:21DFE129476FA797C82662BFE5070C19 BaseClass: NativeClass:/Script/Engine.StaticMeshActor Name:StaticMeshActor_UAID_74782766C03B897D01_1543690293 Label:Cube23 SpatiallyLoaded:1 Bounds:IsValid=true, Min=(X=3609.942 Y=854.650 Z=-162.914), Max=(X=3862.394 Y=1087.006 Z=41.990) RuntimeGrid:None EditorOnly:0 RuntimeOnly:0 HLODRelevant:1 FolderPath:Cave FolderGuid:275232DB4A90E8B2799B29BD69C59B9E
 |   |   |- Guid:24A04728489132B24C5F92A4EA852125 BaseClass: NativeClass:/Script/Engine.StaticMeshActor Name:StaticMeshActor_UAID_74782766C03BDB7D01_1493421708 Label:pine_tree47 SpatiallyLoaded:1 Bounds:IsValid=true, Min=(X=5511.224 Y=4634.418 Z=-20.982), Max=(X=6450.718 Y=5420.946 Z=1163.395) RuntimeGrid:None EditorOnly:0 RuntimeOnly:0 HLODRelevant:1 FolderPath:Trees FolderGuid:75CE947B4D7DFCFC4864718696097B58
 |   |   |- Guid:29F9FDA642535E5ABA296E9E1FF70D64 BaseClass: NativeClass:/Script/Engine.StaticMeshActor Name:StaticMeshActor_UAID_74782766C03BDB7D01_1500380715 Label:pine_tree54 SpatiallyLoaded:1 Bounds:IsValid=true, Min=(X=6291.224 Y=2454.418 Z=-20.982), Max=(X=7230.718 Y=3240.946 Z=1163.395) RuntimeGrid:None EditorOnly:0 RuntimeOnly:0 HLODRelevant:1 FolderPath:Trees FolderGuid:75CE947B4D7DFCFC4864718696097B58
 |   |   |- Guid:2A2126B44453A21BE75ACC90391C9CCA BaseClass: NativeClass:/Script/Engine.StaticMeshActor Name:StaticMeshActor_UAID_74782766C03BDB7D01_1613741725 Label:pine_tree64 SpatiallyLoaded:1 Bounds:IsValid=true, Min=(X=7561.224 Y=3844.418 Z=-20.982), Max=(X=8500.718 Y=4630.946 Z=1163.395) RuntimeGrid:None EditorOnly:0 RuntimeOnly:0 HLODRelevant:1 FolderPath:Trees FolderGuid:75CE947B4D7DFCFC4864718696097B58
 |   |   |- Guid:338C972D4AB0E511EA9A7BB24D01E4A7 BaseClass: NativeClass:/Script/Engine.StaticMeshActor Name:StaticMeshActor_UAID_74782766C03B897D01_1127753284 Label:Cube15 SpatiallyLoaded:1 Bounds:IsValid=true, Min=(X=3249.120 Y=1199.078 Z=-268.278), Max=(X=3349.120 Y=1299.078 Z=-168.278) RuntimeGrid:None EditorOnly:0 RuntimeOnly:0 HLODRelevant:1 FolderPath:Cave FolderGuid:275232DB4A90E8B2799B29BD69C59B9E
 |   |   |- Guid:34FC767641BD0A967F47AFBA14107508 BaseClass: NativeClass:/Script/Engine.StaticMeshActor Name:StaticMeshActor_UAID_74782766C03BDB7D01_1512105717 Label:pine_tree56 SpatiallyLoaded:1 Bounds:IsValid=true, Min=(X=7041.224 Y=2884.418 Z=-20.982), Max=(X=7980.718 Y=3670.946 Z=1163.395) RuntimeGrid:None EditorOnly:0 RuntimeOnly:0 HLODRelevant:1 FolderPath:Trees FolderGuid:75CE947B4D7DFCFC4864718696097B58
 |   |   |- Guid:35F4B0E04E015845218681883CC9A0E7 BaseClass: NativeClass:/Script/Engine.StaticMeshActor Name:StaticMeshActor_UAID_74782766C03B897D01_1412756289 Label:Cube19 SpatiallyLoaded:1 Bounds:IsValid=true, Min=(X=3445.978 Y=1084.192 Z=-105.126), Max=(X=3548.430 Y=1213.202 Z=25.349) RuntimeGrid:None EditorOnly:0 RuntimeOnly:0 HLODRelevant:1 FolderPath:Cave FolderGuid:275232DB4A90E8B2799B29BD69C59B9E
 |   |   |- Guid:3AA971BB4856676BEAB00EA3BC8C6920 BaseClass: NativeClass:/Script/Engine.StaticMeshActor Name:StaticMeshActor_UAID_74782766C03B897D01_1286756286 Label:SM_QuarterCylinder11 SpatiallyLoaded:1 Bounds:IsValid=true, Min=(X=3011.712 Y=-620.702 Z=-79.151), Max=(X=4084.019 Y=936.589 Z=183.349) RuntimeGrid:None EditorOnly:0 RuntimeOnly:0 HLODRelevant:1 FolderPath:Cave FolderGuid:275232DB4A90E8B2799B29BD69C59B9E
 |   |   |- Guid:3F6F9B6D41107AA91F02868908431B5D BaseClass: NativeClass:/Script/Engine.StaticMeshActor Name:StaticMeshActor_UAID_74782766C03B887D01_1724224101 Label:Cone SpatiallyLoaded:1 Bounds:IsValid=true, Min=(X=1660.000 Y=2280.000 Z=-50.000), Max=(X=1760.000 Y=2380.000 Z=50.000) RuntimeGrid:None EditorOnly:0 RuntimeOnly:0 HLODRelevant:1 FolderPath:Cave FolderGuid:275232DB4A90E8B2799B29BD69C59B9E
 |   |   |- Guid:42914607455932270ECD54AB3E97B6A9 BaseClass: NativeClass:/Script/Engine.StaticMeshActor Name:StaticMeshActor_UAID_74782766C03BDB7D01_1483485707 Label:pine_tree46 SpatiallyLoaded:1 Bounds:IsValid=true, Min=(X=4741.224 Y=3654.418 Z=-20.982), Max=(X=5680.718 Y=4440.946 Z=1163.395) RuntimeGrid:None EditorOnly:0 RuntimeOnly:0 HLODRelevant:1 FolderPath:Trees FolderGuid:75CE947B4D7DFCFC4864718696097B58
 |   |   |- Guid:44549D63404DB5F9F89BFF890FDD3FDC BaseClass: NativeClass:/Script/Engine.StaticMeshActor Name:StaticMeshActor_UAID_74782766C03B887D01_1976629103 Label:Cube10 SpatiallyLoaded:1 Bounds:IsValid=true, Min=(X=3050.276 Y=1183.852 Z=-530.789), Max=(X=3191.159 Y=1324.735 Z=-130.789) RuntimeGrid:None EditorOnly:0 RuntimeOnly:0 HLODRelevant:1 FolderPath:Cave FolderGuid:275232DB4A90E8B2799B29BD69C59B9E
 |   |   |- Guid:4665877F48A7F116083D65A5FF24610F BaseClass: NativeClass:/Script/Engine.StaticMeshActor Name:StaticMeshActor_UAID_74782766C03BDB7D01_1459119705 Label:pine_tree44 SpatiallyLoaded:1 Bounds:IsValid=true, Min=(X=4181.224 Y=3934.418 Z=-20.982), Max=(X=5120.718 Y=4720.946 Z=1163.395) RuntimeGrid:None EditorOnly:0 RuntimeOnly:0 HLODRelevant:1 FolderPath:Trees FolderGuid:75CE947B4D7DFCFC4864718696097B58
 |   |   |- Guid:4BE06561472D05E44F778ABA73B04B9E BaseClass: NativeClass:/Script/Engine.StaticMeshActor Name:StaticMeshActor_UAID_74782766C03BDB7D01_1512109718 Label:pine_tree57 SpatiallyLoaded:1 Bounds:IsValid=true, Min=(X=7821.224 Y=3154.418 Z=-20.982), Max=(X=8760.718 Y=3940.946 Z=1163.395) RuntimeGrid:None EditorOnly:0 RuntimeOnly:0 HLODRelevant:1 FolderPath:Trees FolderGuid:75CE947B4D7DFCFC4864718696097B58
 |   |   |- Guid:4C81356745EE876314202C945F126902 BaseClass: NativeClass:/Script/Engine.StaticMeshActor Name:StaticMeshActor_UAID_74782766C03BDB7D01_1613736724 Label:pine_tree63 SpatiallyLoaded:1 Bounds:IsValid=true, Min=(X=7441.224 Y=4174.418 Z=-20.982), Max=(X=8380.718 Y=4960.946 Z=1163.395) RuntimeGrid:None EditorOnly:0 RuntimeOnly:0 HLODRelevant:1 FolderPath:Trees FolderGuid:75CE947B4D7DFCFC4864718696097B58
 |   |   |- Guid:54B05EA94A343510067224A2BBCDD130 BaseClass: NativeClass:/Script/Engine.StaticMeshActor Name:StaticMeshActor_UAID_74782766C03B887D01_1399239097 Label:Cube5 SpatiallyLoaded:1 Bounds:IsValid=true, Min=(X=2145.914 Y=1801.097 Z=62.678), Max=(X=2274.086 Y=1938.903 Z=217.322) RuntimeGrid:None EditorOnly:0 RuntimeOnly:0 HLODRelevant:1 FolderPath:Cave FolderGuid:275232DB4A90E8B2799B29BD69C59B9E
 |   |   |- Guid:55ED1BF44D1428487BD5D8B119089618 BaseClass: NativeClass:/Script/Engine.StaticMeshActor Name:StaticMeshActor_UAID_74782766C03B887D01_1756459102 Label:Cube9 SpatiallyLoaded:1 Bounds:IsValid=true, Min=(X=3104.842 Y=821.985 Z=-580.728), Max=(X=3826.011 Y=1296.087 Z=19.272) RuntimeGrid:None EditorOnly:0 RuntimeOnly:0 HLODRelevant:1 FolderPath:Cave FolderGuid:275232DB4A90E8B2799B29BD69C59B9E
 |   |   |- Guid:5C586B974A30955CDC620082901EEB18 BaseClass: NativeClass:/Script/Engine.StaticMeshActor Name:StaticMeshActor_UAID_74782766C03B887D01_1648855099 Label:Cube7 SpatiallyLoaded:1 Bounds:IsValid=true, Min=(X=1848.227 Y=1970.194 Z=50.597), Max=(X=1981.730 Y=2122.116 Z=213.060) RuntimeGrid:None EditorOnly:0 RuntimeOnly:0 HLODRelevant:1 FolderPath:Cave FolderGuid:275232DB4A90E8B2799B29BD69C59B9E
 |   |   |- Guid:5FE7584649BB6F09265329A6C57CFD0D BaseClass: NativeClass:/Script/Engine.VolumetricCloud Name:VolumetricCloud_0 Label:VolumetricCloud SpatiallyLoaded:0 Bounds:IsValid=true, Min=(X=0.000 Y=0.000 Z=820.000), Max=(X=0.000 Y=0.000 Z=820.000) RuntimeGrid:None EditorOnly:0 RuntimeOnly:0 HLODRelevant:0 FolderPath:Lighting FolderGuid:0BA5F0A04EADB18E70D5B180D08FA34B
 |   |   |- Guid:61391D344900612A77DFC3BA3E354907 BaseClass: NativeClass:/Script/Engine.ExponentialHeightFog Name:ExponentialHeightFog_0 Label:ExponentialHeightFog SpatiallyLoaded:0 Bounds:IsValid=true, Min=(X=-5600.000 Y=-50.000 Z=-6850.000), Max=(X=-5600.000 Y=-50.000 Z=-6850.000) RuntimeGrid:None EditorOnly:0 RuntimeOnly:0 HLODRelevant:0 FolderPath:Lighting FolderGuid:0BA5F0A04EADB18E70D5B180D08FA34B
 |   |   |- Guid:61AE4D024EB9B5CAF1241B9E02A7BDC3 BaseClass: NativeClass:/Script/Engine.StaticMeshActor Name:StaticMeshActor_UAID_74782766C03B887D01_1651972100 Label:Cube8 SpatiallyLoaded:1 Bounds:IsValid=true, Min=(X=1714.312 Y=2011.507 Z=35.690), Max=(X=1874.525 Y=2183.627 Z=198.154) RuntimeGrid:None EditorOnly:0 RuntimeOnly:0 HLODRelevant:1 FolderPath:Cave FolderGuid:275232DB4A90E8B2799B29BD69C59B9E
 |   |   |- Guid:685A68524A67AFBD9BF978A340F06A1D BaseClass: NativeClass:/Script/Engine.StaticMeshActor Name:StaticMeshActor_UAID_74782766C03B887D01_2042605104 Label:Cube11 SpatiallyLoaded:1 Bounds:IsValid=true, Min=(X=3113.506 Y=1246.603 Z=-118.944), Max=(X=3213.506 Y=1346.603 Z=-18.944) RuntimeGrid:None EditorOnly:0 RuntimeOnly:0 HLODRelevant:1 FolderPath:Cave FolderGuid:275232DB4A90E8B2799B29BD69C59B9E
 |   |   |- Guid:6FEFB3BD4EB37B849EF0D4AC80F83855 BaseClass: NativeClass:/Script/Engine.WorldDataLayers Name:WorldDataLayers Label:WorldDataLayers SpatiallyLoaded:0 Bounds:IsValid=true, Min=(X=0.000 Y=0.000 Z=0.000), Max=(X=0.000 Y=0.000 Z=0.000) RuntimeGrid:None EditorOnly:0 RuntimeOnly:0 HLODRelevant:0 FolderPath:Level FolderGuid:7618EB344E56E62675197D8E12F16A9F
 |   |   |- Guid:72C0D87C47583901305040A0706D9D1C BaseClass: NativeClass:/Script/Engine.StaticMeshActor Name:StaticMeshActor_UAID_74782766C03B897D01_1412759290 Label:Cube20 SpatiallyLoaded:1 Bounds:IsValid=true, Min=(X=3427.081 Y=936.762 Z=-248.098), Max=(X=3679.533 Y=1169.118 Z=-43.194) RuntimeGrid:None EditorOnly:0 RuntimeOnly:0 HLODRelevant:1 FolderPath:Cave FolderGuid:275232DB4A90E8B2799B29BD69C59B9E
 |   |   |- Guid:730FC62B43522DF15BEDFDAA13FC5D9B BaseClass: NativeClass:/Script/Engine.StaticMeshActor Name:StaticMeshActor_UAID_74782766C03B3F7D01_2033258247 Label:Terrain SpatiallyLoaded:1 Bounds:IsValid=true, Min=(X=-8578.148 Y=-7919.970 Z=-9168.891), Max=(X=11556.725 Y=10942.804 Z=9419.307) RuntimeGrid:None EditorOnly:0 RuntimeOnly:0 HLODRelevant:1 FolderPath:Level FolderGuid:7618EB344E56E62675197D8E12F16A9F
 |   |   |- Guid:77FE8DEA41A64E7A8263BBACBF37F38E BaseClass: NativeClass:/Script/Engine.StaticMeshActor Name:StaticMeshActor_UAID_74782766C03BDB7D01_1512097716 Label:pine_tree55 SpatiallyLoaded:1 Bounds:IsValid=true, Min=(X=7041.224 Y=3584.418 Z=-20.982), Max=(X=7980.718 Y=4370.946 Z=1163.395) RuntimeGrid:None EditorOnly:0 RuntimeOnly:0 HLODRelevant:1 FolderPath:Trees FolderGuid:75CE947B4D7DFCFC4864718696097B58
 |   |   |- Guid:7F4B587F469DC80A1CE36F912EAB395E BaseClass: NativeClass:/Script/Engine.StaticMeshActor Name:StaticMeshActor_UAID_74782766C03BDB7D01_1425243704 Label:pine_tree43 SpatiallyLoaded:1 Bounds:IsValid=true, Min=(X=3981.224 Y=4634.418 Z=-20.982), Max=(X=4920.718 Y=5420.946 Z=1163.395) RuntimeGrid:None EditorOnly:0 RuntimeOnly:0 HLODRelevant:1 FolderPath:Trees FolderGuid:75CE947B4D7DFCFC4864718696097B58
 |   |   |- Guid:7FCD71414D34D5ED508312884E0E8124 BaseClass: NativeClass:/Script/Engine.StaticMeshActor Name:StaticMeshActor_UAID_74782766C03B8A7D01_1411652473 Label:Cube4 SpatiallyLoaded:1 Bounds:IsValid=true, Min=(X=1865.000 Y=27.500 Z=-715.000), Max=(X=2315.000 Y=352.500 Z=-565.000) RuntimeGrid:None EditorOnly:0 RuntimeOnly:0 HLODRelevant:1 FolderPath:Cave FolderGuid:275232DB4A90E8B2799B29BD69C59B9E
 |   |   |- Guid:8647E889455273F0AA14FB8DE659BD28 BaseClass: NativeClass:/Script/Engine.StaticMeshActor Name:StaticMeshActor_UAID_74782766C03B897D01_1412753288 Label:Cube18 SpatiallyLoaded:1 Bounds:IsValid=true, Min=(X=3352.129 Y=1097.940 Z=-447.673), Max=(X=3634.485 Y=1247.940 Z=-183.619) RuntimeGrid:None EditorOnly:0 RuntimeOnly:0 HLODRelevant:1 FolderPath:Cave FolderGuid:275232DB4A90E8B2799B29BD69C59B9E
 |   |   |- Guid:8C64AECF4E81F943294318BD6E8BA7B9 BaseClass: NativeClass:/Script/Engine.StaticMeshActor Name:StaticMeshActor_UAID_74782766C03BDB7D01_1613727722 Label:pine_tree61 SpatiallyLoaded:1 Bounds:IsValid=true, Min=(X=6781.224 Y=4414.418 Z=-20.982), Max=(X=7720.718 Y=5200.946 Z=1163.395) RuntimeGrid:None EditorOnly:0 RuntimeOnly:0 HLODRelevant:1 FolderPath:Trees FolderGuid:75CE947B4D7DFCFC4864718696097B58
 |   |   |- Guid:8E6120FC40B0C2384F6E528EAFC19C5A BaseClass: NativeClass:/Script/Engine.StaticMeshActor Name:StaticMeshActor_36 Label:SM_QuarterCylinder10 SpatiallyLoaded:1 Bounds:IsValid=true, Min=(X=791.073 Y=729.501 Z=-142.011), Max=(X=1755.127 Y=2224.292 Z=145.489) RuntimeGrid:None EditorOnly:0 RuntimeOnly:0 HLODRelevant:1 FolderPath:Cave FolderGuid:275232DB4A90E8B2799B29BD69C59B9E
 |   |   |- Guid:8E8D75094CFC5AE0F87902B8DE5E418C BaseClass: NativeClass:/Script/Engine.StaticMeshActor Name:StaticMeshActor_UAID_74782766C03B887D01_1350966096 Label:Cube4 SpatiallyLoaded:1 Bounds:IsValid=true, Min=(X=2030.199 Y=1697.437 Z=-445.000), Max=(X=2369.801 Y=1902.563 Z=5.000) RuntimeGrid:None EditorOnly:0 RuntimeOnly:0 HLODRelevant:1 FolderPath:Cave FolderGuid:275232DB4A90E8B2799B29BD69C59B9E
 |   |   |- Guid:93047C684C13520F889C219BED5C61FC BaseClass: NativeClass:/Script/Engine.StaticMeshActor Name:StaticMeshActor_UAID_74782766C03B897D01_1901410296 Label:Jesus SpatiallyLoaded:1 Bounds:IsValid=true, Min=(X=1939.612 Y=139.843 Z=-602.335), Max=(X=2239.822 Y=257.569 Z=-495.968) RuntimeGrid:None EditorOnly:0 RuntimeOnly:0 HLODRelevant:1
 |   |   |- Guid:9680AA2F40C74F3F8E33A9928E36E231 BaseClass: NativeClass:/Script/Engine.StaticMeshActor Name:StaticMeshActor_UAID_74782766C03BDC7D01_1092931879 Label:Campfire SpatiallyLoaded:1 Bounds:IsValid=true, Min=(X=3330.928 Y=2543.110 Z=-123.309), Max=(X=3428.920 Y=2637.162 Z=-63.197) RuntimeGrid:None EditorOnly:0 RuntimeOnly:0 HLODRelevant:1
 |   |   |- Guid:9A0EC45D47BD7EB892B851BFC55DD02D BaseClass: NativeClass:/Script/Engine.StaticMeshActor Name:StaticMeshActor_UAID_74782766C03BCD7D01_1863368241 Label:torchstick SpatiallyLoaded:1 Bounds:IsValid=true, Min=(X=3018.729 Y=1567.761 Z=-384.140), Max=(X=3032.625 Y=1584.397 Z=-238.736) RuntimeGrid:None EditorOnly:0 RuntimeOnly:0 HLODRelevant:1
 |   |   |- Guid:9ADD869C44BCF38F566A8A96CB3463A3 BaseClass: NativeClass:/Script/Engine.StaticMeshActor Name:StaticMeshActor_UAID_74782766C03BDB7D01_1512113719 Label:pine_tree58 SpatiallyLoaded:1 Bounds:IsValid=true, Min=(X=7821.224 Y=2454.418 Z=-20.982), Max=(X=8760.718 Y=3240.946 Z=1163.395) RuntimeGrid:None EditorOnly:0 RuntimeOnly:0 HLODRelevant:1 FolderPath:Trees FolderGuid:75CE947B4D7DFCFC4864718696097B58
 |   |   |- Guid:9D10548B4F33A997132EDF92EFEC2F40 BaseClass: NativeClass:/Script/Engine.StaticMeshActor Name:StaticMeshActor_UAID_74782766C03B427D01_1668819777 Label:Cover SpatiallyLoaded:1 Bounds:IsValid=true, Min=(X=2267.553 Y=1567.923 Z=-430.000), Max=(X=2837.168 Y=1954.526 Z=170.000) RuntimeGrid:None EditorOnly:0 RuntimeOnly:0 HLODRelevant:1
 |   |   |- Guid:9D87D1824C2EE7015CC32797795D5190 BaseClass: NativeClass:/Script/Engine.StaticMeshActor Name:StaticMeshActor_UAID_74782766C03B877D01_2012124919 Label:Cube3 SpatiallyLoaded:1 Bounds:IsValid=true, Min=(X=3133.217 Y=1276.793 Z=-468.289), Max=(X=3208.217 Y=1351.793 Z=-393.289) RuntimeGrid:None EditorOnly:0 RuntimeOnly:0 HLODRelevant:1 FolderPath:Cave FolderGuid:275232DB4A90E8B2799B29BD69C59B9E
 |   |   |- Guid:A354B1B24E617A525DC6B48CCDE2417E BaseClass: NativeClass:/Script/Engine.PlayerStart Name:PlayerStart_0 Label:PlayerStart SpatiallyLoaded:0 Bounds:IsValid=true, Min=(X=3095.359 Y=2325.359 Z=-149.987), Max=(X=3204.641 Y=2434.641 Z=34.013) RuntimeGrid:None EditorOnly:0 RuntimeOnly:0 HLODRelevant:0
 |   |   |- Guid:A553305C4F4FEC11AF3A92BA630BF8D4 BaseClass: NativeClass:/Script/Engine.StaticMeshActor Name:StaticMeshActor_UAID_74782766C03BDB7D01_1500377713 Label:pine_tree52 SpatiallyLoaded:1 Bounds:IsValid=true, Min=(X=6271.224 Y=2784.418 Z=-20.982), Max=(X=7210.718 Y=3570.946 Z=1163.395) RuntimeGrid:None EditorOnly:0 RuntimeOnly:0 HLODRelevant:1 FolderPath:Trees FolderGuid:75CE947B4D7DFCFC4864718696097B58
 |   |   |- Guid:AB5404214A1EA161E4CA35A8C10DAB6B BaseClass: NativeClass:/Script/Engine.StaticMeshActor Name:StaticMeshActor_UAID_74782766C03B427D01_1439100775 Label:Cube SpatiallyLoaded:1 Bounds:IsValid=true, Min=(X=1920.000 Y=2160.000 Z=-170.000), Max=(X=2020.000 Y=2260.000 Z=-70.000) RuntimeGrid:None EditorOnly:0 RuntimeOnly:0 HLODRelevant:1 FolderPath:Cave FolderGuid:275232DB4A90E8B2799B29BD69C59B9E
 |   |   |- Guid:B2BC3E10499F814E77B2B6A977DFE12D BaseClass: NativeClass:/Script/Engine.StaticMeshActor Name:StaticMeshActor_UAID_74782766C03B897D01_1412744287 Label:Cube17 SpatiallyLoaded:1 Bounds:IsValid=true, Min=(X=3483.307 Y=1042.940 Z=14.354), Max=(X=3583.307 Y=1142.940 Z=114.354) RuntimeGrid:None EditorOnly:0 RuntimeOnly:0 HLODRelevant:1 FolderPath:Cave FolderGuid:275232DB4A90E8B2799B29BD69C59B9E
 |   |   |- Guid:B4E66C5E441218AC8D9F84B5383B5B8D BaseClass: NativeClass:/Script/Engine.StaticMeshActor Name:StaticMeshActor_UAID_74782766C03B427D01_1516544776 Label:Cube2 SpatiallyLoaded:1 Bounds:IsValid=true, Min=(X=2017.548 Y=1935.000 Z=-282.452), Max=(X=2222.452 Y=2085.000 Z=-77.548) RuntimeGrid:None EditorOnly:0 RuntimeOnly:0 HLODRelevant:1 FolderPath:Cave FolderGuid:275232DB4A90E8B2799B29BD69C59B9E
 |   |   |- Guid:C0C56B9644AE3D40CAFF6A878DB29844 BaseClass: NativeClass:/Script/Engine.StaticMeshActor Name:StaticMeshActor_UAID_A4AE111137DC5EFB00_2001720423 Label:SM_SkySphere SpatiallyLoaded:0 Bounds:IsValid=true, Min=(X=-1638400.000 Y=-1638400.000 Z=-1638400.000), Max=(X=1638400.000 Y=1638400.000 Z=1638400.000) RuntimeGrid:None EditorOnly:0 RuntimeOnly:0 HLODRelevant:1 FolderPath:Lighting FolderGuid:0BA5F0A04EADB18E70D5B180D08FA34B
 |   |   |- Guid:C22CE07C4B87D685137FDBBC10FC92C6 BaseClass: NativeClass:/Script/Engine.SkyAtmosphere Name:SkyAtmosphere_0 Label:SkyAtmosphere SpatiallyLoaded:0 Bounds:IsValid=true, Min=(X=0.000 Y=0.000 Z=1020.000), Max=(X=0.000 Y=0.000 Z=1020.000) RuntimeGrid:None EditorOnly:0 RuntimeOnly:0 HLODRelevant:0 FolderPath:Lighting FolderGuid:0BA5F0A04EADB18E70D5B180D08FA34B
 |   |   |- Guid:C371919D4925F9C900C11E8C089EF7CC BaseClass: NativeClass:/Script/Engine.StaticMeshActor Name:StaticMeshActor_UAID_74782766C03BDB7D01_1613732723 Label:pine_tree62 SpatiallyLoaded:1 Bounds:IsValid=true, Min=(X=7411.224 Y=4924.418 Z=-20.982), Max=(X=8350.718 Y=5710.946 Z=1163.395) RuntimeGrid:None EditorOnly:0 RuntimeOnly:0 HLODRelevant:1 FolderPath:Trees FolderGuid:75CE947B4D7DFCFC4864718696097B58
 |   |   |- Guid:C9ED56544B2B1A63D3F42B816DF35BA0 BaseClass: NativeClass:/Script/Engine.StaticMeshActor Name:StaticMeshActor_UAID_74782766C03B897D01_1182615285 Label:Cube16 SpatiallyLoaded:1 Bounds:IsValid=true, Min=(X=1031.317 Y=1246.348 Z=-230.120), Max=(X=1402.070 Y=1763.511 Z=-80.120) RuntimeGrid:None EditorOnly:0 RuntimeOnly:0 HLODRelevant:1 FolderPath:Cave FolderGuid:275232DB4A90E8B2799B29BD69C59B9E
 |   |   |- Guid:CAB75416484EC3140C1E0299737E3598 BaseClass: NativeClass:/Script/Engine.StaticMeshActor Name:StaticMeshActor_UAID_74782766C03BDB7D01_1500379714 Label:pine_tree53 SpatiallyLoaded:1 Bounds:IsValid=true, Min=(X=6291.224 Y=3364.418 Z=-20.982), Max=(X=7230.718 Y=4150.946 Z=1163.395) RuntimeGrid:None EditorOnly:0 RuntimeOnly:0 HLODRelevant:1 FolderPath:Trees FolderGuid:75CE947B4D7DFCFC4864718696097B58
 |   |   |- Guid:CF93642F44B426E73210E390E527EAD2 BaseClass: NativeClass:/Script/Engine.StaticMeshActor Name:StaticMeshActor_UAID_74782766C03B897D01_1449771291 Label:Cube21 SpatiallyLoaded:1 Bounds:IsValid=true, Min=(X=3237.785 Y=1157.315 Z=-117.995), Max=(X=3436.623 Y=1300.080 Z=78.218) RuntimeGrid:None EditorOnly:0 RuntimeOnly:0 HLODRelevant:1 FolderPath:Cave FolderGuid:275232DB4A90E8B2799B29BD69C59B9E
 |   |   |- Guid:D8AA45164EC571551ACE8CA9CAADD8A8 BaseClass: NativeClass:/Script/Engine.StaticMeshActor Name:StaticMeshActor_UAID_74782766C03B887D01_2098788107 Label:Cube14 SpatiallyLoaded:1 Bounds:IsValid=true, Min=(X=3057.280 Y=1140.425 Z=-381.396), Max=(X=3309.732 Y=1372.781 Z=-176.492) RuntimeGrid:None EditorOnly:0 RuntimeOnly:0 HLODRelevant:1 FolderPath:Cave FolderGuid:275232DB4A90E8B2799B29BD69C59B9E
 |   |   |- Guid:DE44717C48DF5D5B82BEE7A85EEDD4B9 BaseClass: NativeClass:/Script/Engine.StaticMeshActor Name:StaticMeshActor_UAID_74782766C03BDB7D01_1493428710 Label:pine_tree49 SpatiallyLoaded:1 Bounds:IsValid=true, Min=(X=6141.224 Y=4444.418 Z=-20.982), Max=(X=7080.718 Y=5230.946 Z=1163.395) RuntimeGrid:None EditorOnly:0 RuntimeOnly:0 HLODRelevant:1 FolderPath:Trees FolderGuid:75CE947B4D7DFCFC4864718696097B58
 |   |   |- Guid:E31564A24763F7009CBB5DB022F14ABC BaseClass: NativeClass:/Script/Engine.StaticMeshActor Name:StaticMeshActor_UAID_74782766C03BDB7D01_1597015720 Label:pine_tree59 SpatiallyLoaded:1 Bounds:IsValid=true, Min=(X=4761.224 Y=4914.418 Z=-20.982), Max=(X=5700.718 Y=5700.946 Z=1163.395) RuntimeGrid:None EditorOnly:0 RuntimeOnly:0 HLODRelevant:1 FolderPath:Trees FolderGuid:75CE947B4D7DFCFC4864718696097B58
 |   |   |- Guid:E454E22F49087519697BF98A7D8BD7BA BaseClass: NativeClass:/Script/Engine.StaticMeshActor Name:StaticMeshActor_UAID_74782766C03B887D01_2042615105 Label:Cube12 SpatiallyLoaded:1 Bounds:IsValid=true, Min=(X=3231.054 Y=1181.603 Z=-471.396), Max=(X=3435.958 Y=1331.603 Z=-266.492) RuntimeGrid:None EditorOnly:0 RuntimeOnly:0 HLODRelevant:1 FolderPath:Cave FolderGuid:275232DB4A90E8B2799B29BD69C59B9E
 |   |   |- Guid:E5320C1B4FD9764CE7B54D8487AEC613 BaseClass: NativeClass:/Script/Engine.SkyLight Name:SkyLight_0 Label:SkyLight SpatiallyLoaded:0 Bounds:IsValid=true, Min=(X=0.000 Y=0.000 Z=690.000), Max=(X=0.000 Y=0.000 Z=690.000) RuntimeGrid:None EditorOnly:0 RuntimeOnly:0 HLODRelevant:0 FolderPath:Lighting FolderGuid:0BA5F0A04EADB18E70D5B180D08FA34B
 |   |   |- Guid:E937419B4B4BB0A92A5B95B953236AFD BaseClass: NativeClass:/Script/Engine.StaticMeshActor Name:StaticMeshActor_UAID_74782766C03B887D01_2098779106 Label:Cube13 SpatiallyLoaded:1 Bounds:IsValid=true, Min=(X=3076.177 Y=1287.856 Z=-238.425), Max=(X=3178.629 Y=1416.865 Z=-107.949) RuntimeGrid:None EditorOnly:0 RuntimeOnly:0 HLODRelevant:1 FolderPath:Cave FolderGuid:275232DB4A90E8B2799B29BD69C59B9E
 |   |   |- Guid:EEB2119F4AF93B297C356891CD5D79E3 BaseClass: NativeClass:/Script/Engine.StaticMeshActor Name:StaticMeshActor_UAID_74782766C03B427D01_1861681778 Label:Cube2 SpatiallyLoaded:1 Bounds:IsValid=true, Min=(X=1938.217 Y=1879.054 Z=-332.500), Max=(X=2201.783 Y=2020.946 Z=92.500) RuntimeGrid:None EditorOnly:0 RuntimeOnly:0 HLODRelevant:1 FolderPath:Cave FolderGuid:275232DB4A90E8B2799B29BD69C59B9E
 |   |   |- Guid:F180EE394F8D839041B0A2A277B1EF2F BaseClass: NativeClass:/Script/Engine.StaticMeshActor Name:StaticMeshActor_UAID_74782766C03B897D01_1506956292 Label:Cube22 SpatiallyLoaded:1 Bounds:IsValid=true, Min=(X=3203.307 Y=1232.940 Z=-35.646), Max=(X=3303.307 Y=1332.940 Z=64.354) RuntimeGrid:None EditorOnly:0 RuntimeOnly:0 HLODRelevant:1 FolderPath:Cave FolderGuid:275232DB4A90E8B2799B29BD69C59B9E
 |   |   |- Guid:F41E95DD4A8B486AEB5EC6B6E84640CC BaseClass: NativeClass:/Script/Engine.PointLight Name:PointLight_UAID_74782766C03B897D01_1596486295 Label:PointLight SpatiallyLoaded:1 Bounds:IsValid=true, Min=(X=791.453 Y=-540.640 Z=-1187.838), Max=(X=2791.453 Y=1459.360 Z=812.162) RuntimeGrid:None EditorOnly:0 RuntimeOnly:0 HLODRelevant:0
 |   |   |- Guid:F58DD1E44717AC875FD1168ECA32BC2B BaseClass: NativeClass:/Script/Engine.StaticMeshActor Name:StaticMeshActor_UAID_74782766C03BDB7D01_1483478706 Label:pine_tree45 SpatiallyLoaded:1 Bounds:IsValid=true, Min=(X=4761.224 Y=4334.418 Z=-20.982), Max=(X=5700.718 Y=5120.946 Z=1163.395) RuntimeGrid:None EditorOnly:0 RuntimeOnly:0 HLODRelevant:1 FolderPath:Trees FolderGuid:75CE947B4D7DFCFC4864718696097B58
 |   |   |- Guid:F677F69B47F667C8783CC5ADAE65852B BaseClass: NativeClass:/Script/Engine.StaticMeshActor Name:StaticMeshActor_UAID_74782766C03B887D01_1517182098 Label:Cube6 SpatiallyLoaded:1 Bounds:IsValid=true, Min=(X=2000.086 Y=1936.186 Z=61.213), Max=(X=2066.837 Y=2012.148 Z=142.444) RuntimeGrid:None EditorOnly:0 RuntimeOnly:0 HLODRelevant:1 FolderPath:Cave FolderGuid:275232DB4A90E8B2799B29BD69C59B9E
 |   |   |- Guid:F80621C9446867154938FE81375207DA BaseClass: NativeClass:/Script/Engine.DirectionalLight Name:DirectionalLight_1 Label:DirectionalLight SpatiallyLoaded:0 Bounds:IsValid=true, Min=(X=-4398046511104.000 Y=-4398046511104.000 Z=-4398046511104.000), Max=(X=4398046511104.000 Y=4398046511104.000 Z=4398046511104.000) RuntimeGrid:None EditorOnly:0 RuntimeOnly:0 HLODRelevant:0 FolderPath:Lighting FolderGuid:0BA5F0A04EADB18E70D5B180D08FA34B
 |   |   |- Guid:FA934C734BA7D79675CBA1BD1321169E BaseClass: NativeClass:/Script/Engine.StaticMeshActor Name:StaticMeshActor_UAID_74782766C03BDB7D01_1493426709 Label:pine_tree48 SpatiallyLoaded:1 Bounds:IsValid=true, Min=(X=5511.224 Y=3934.418 Z=-20.982), Max=(X=6450.718 Y=4720.946 Z=1163.395) RuntimeGrid:None EditorOnly:0 RuntimeOnly:0 HLODRelevant:1 FolderPath:Trees FolderGuid:75CE947B4D7DFCFC4864718696097B58
 |   |   |- Guid:FC718E654CB77553FAD8EE84A0AA4AA5 BaseClass: NativeClass:/Script/Engine.StaticMeshActor Name:StaticMeshActor_UAID_74782766C03BDB7D01_1493429711 Label:pine_tree50 SpatiallyLoaded:1 Bounds:IsValid=true, Min=(X=6171.224 Y=3694.418 Z=-20.982), Max=(X=7110.718 Y=4480.946 Z=1163.395) RuntimeGrid:None EditorOnly:0 RuntimeOnly:0 HLODRelevant:1 FolderPath:Trees FolderGuid:75CE947B4D7DFCFC4864718696097B58
 |   |- [+] Clusters:
 |   |   |- [+] [  0]
 |   |   |   |- Guid:24A04728489132B24C5F92A4EA852125 BaseClass: NativeClass:/Script/Engine.StaticMeshActor Name:StaticMeshActor_UAID_74782766C03BDB7D01_1493421708 Label:pine_tree47 SpatiallyLoaded:1 Bounds:IsValid=true, Min=(X=5511.224 Y=4634.418 Z=-20.982), Max=(X=6450.718 Y=5420.946 Z=1163.395) RuntimeGrid:None EditorOnly:0 RuntimeOnly:0 HLODRelevant:1 FolderPath:Trees FolderGuid:75CE947B4D7DFCFC4864718696097B58
 |   |   |- [+] [  1]
 |   |   |   |- Guid:9D10548B4F33A997132EDF92EFEC2F40 BaseClass: NativeClass:/Script/Engine.StaticMeshActor Name:StaticMeshActor_UAID_74782766C03B427D01_1668819777 Label:Cover SpatiallyLoaded:1 Bounds:IsValid=true, Min=(X=2267.553 Y=1567.923 Z=-430.000), Max=(X=2837.168 Y=1954.526 Z=170.000) RuntimeGrid:None EditorOnly:0 RuntimeOnly:0 HLODRelevant:1
 |   |   |- [+] [  2]
 |   |   |   |- Guid:61391D344900612A77DFC3BA3E354907 BaseClass: NativeClass:/Script/Engine.ExponentialHeightFog Name:ExponentialHeightFog_0 Label:ExponentialHeightFog SpatiallyLoaded:0 Bounds:IsValid=true, Min=(X=-5600.000 Y=-50.000 Z=-6850.000), Max=(X=-5600.000 Y=-50.000 Z=-6850.000) RuntimeGrid:None EditorOnly:0 RuntimeOnly:0 HLODRelevant:0 FolderPath:Lighting FolderGuid:0BA5F0A04EADB18E70D5B180D08FA34B
 |   |   |- [+] [  3]
 |   |   |   |- Guid:35F4B0E04E015845218681883CC9A0E7 BaseClass: NativeClass:/Script/Engine.StaticMeshActor Name:StaticMeshActor_UAID_74782766C03B897D01_1412756289 Label:Cube19 SpatiallyLoaded:1 Bounds:IsValid=true, Min=(X=3445.978 Y=1084.192 Z=-105.126), Max=(X=3548.430 Y=1213.202 Z=25.349) RuntimeGrid:None EditorOnly:0 RuntimeOnly:0 HLODRelevant:1 FolderPath:Cave FolderGuid:275232DB4A90E8B2799B29BD69C59B9E
 |   |   |- [+] [  4]
 |   |   |   |- Guid:6FEFB3BD4EB37B849EF0D4AC80F83855 BaseClass: NativeClass:/Script/Engine.WorldDataLayers Name:WorldDataLayers Label:WorldDataLayers SpatiallyLoaded:0 Bounds:IsValid=true, Min=(X=0.000 Y=0.000 Z=0.000), Max=(X=0.000 Y=0.000 Z=0.000) RuntimeGrid:None EditorOnly:0 RuntimeOnly:0 HLODRelevant:0 FolderPath:Level FolderGuid:7618EB344E56E62675197D8E12F16A9F
 |   |   |- [+] [  5]
 |   |   |   |- Guid:61AE4D024EB9B5CAF1241B9E02A7BDC3 BaseClass: NativeClass:/Script/Engine.StaticMeshActor Name:StaticMeshActor_UAID_74782766C03B887D01_1651972100 Label:Cube8 SpatiallyLoaded:1 Bounds:IsValid=true, Min=(X=1714.312 Y=2011.507 Z=35.690), Max=(X=1874.525 Y=2183.627 Z=198.154) RuntimeGrid:None EditorOnly:0 RuntimeOnly:0 HLODRelevant:1 FolderPath:Cave FolderGuid:275232DB4A90E8B2799B29BD69C59B9E
 |   |   |- [+] [  6]
 |   |   |   |- Guid:44549D63404DB5F9F89BFF890FDD3FDC BaseClass: NativeClass:/Script/Engine.StaticMeshActor Name:StaticMeshActor_UAID_74782766C03B887D01_1976629103 Label:Cube10 SpatiallyLoaded:1 Bounds:IsValid=true, Min=(X=3050.276 Y=1183.852 Z=-530.789), Max=(X=3191.159 Y=1324.735 Z=-130.789) RuntimeGrid:None EditorOnly:0 RuntimeOnly:0 HLODRelevant:1 FolderPath:Cave FolderGuid:275232DB4A90E8B2799B29BD69C59B9E
 |   |   |- [+] [  7]
 |   |   |   |- Guid:4C81356745EE876314202C945F126902 BaseClass: NativeClass:/Script/Engine.StaticMeshActor Name:StaticMeshActor_UAID_74782766C03BDB7D01_1613736724 Label:pine_tree63 SpatiallyLoaded:1 Bounds:IsValid=true, Min=(X=7441.224 Y=4174.418 Z=-20.982), Max=(X=8380.718 Y=4960.946 Z=1163.395) RuntimeGrid:None EditorOnly:0 RuntimeOnly:0 HLODRelevant:1 FolderPath:Trees FolderGuid:75CE947B4D7DFCFC4864718696097B58
 |   |   |- [+] [  8]
 |   |   |   |- Guid:112248FC45B464FE31AEECB60297828F BaseClass: NativeClass:/Script/Engine.StaticMeshActor Name:StaticMeshActor_UAID_74782766C03BDB7D01_1500373712 Label:pine_tree51 SpatiallyLoaded:1 Bounds:IsValid=true, Min=(X=5511.224 Y=3234.418 Z=-20.982), Max=(X=6450.718 Y=4020.946 Z=1163.395) RuntimeGrid:None EditorOnly:0 RuntimeOnly:0 HLODRelevant:1 FolderPath:Trees FolderGuid:75CE947B4D7DFCFC4864718696097B58
 |   |   |- [+] [  9]
 |   |   |   |- Guid:9A0EC45D47BD7EB892B851BFC55DD02D BaseClass: NativeClass:/Script/Engine.StaticMeshActor Name:StaticMeshActor_UAID_74782766C03BCD7D01_1863368241 Label:torchstick SpatiallyLoaded:1 Bounds:IsValid=true, Min=(X=3018.729 Y=1567.761 Z=-384.140), Max=(X=3032.625 Y=1584.397 Z=-238.736) RuntimeGrid:None EditorOnly:0 RuntimeOnly:0 HLODRelevant:1
 |   |   |- [+] [ 10]
 |   |   |   |- Guid:9ADD869C44BCF38F566A8A96CB3463A3 BaseClass: NativeClass:/Script/Engine.StaticMeshActor Name:StaticMeshActor_UAID_74782766C03BDB7D01_1512113719 Label:pine_tree58 SpatiallyLoaded:1 Bounds:IsValid=true, Min=(X=7821.224 Y=2454.418 Z=-20.982), Max=(X=8760.718 Y=3240.946 Z=1163.395) RuntimeGrid:None EditorOnly:0 RuntimeOnly:0 HLODRelevant:1 FolderPath:Trees FolderGuid:75CE947B4D7DFCFC4864718696097B58
 |   |   |- [+] [ 11]
 |   |   |   |- Guid:FC718E654CB77553FAD8EE84A0AA4AA5 BaseClass: NativeClass:/Script/Engine.StaticMeshActor Name:StaticMeshActor_UAID_74782766C03BDB7D01_1493429711 Label:pine_tree50 SpatiallyLoaded:1 Bounds:IsValid=true, Min=(X=6171.224 Y=3694.418 Z=-20.982), Max=(X=7110.718 Y=4480.946 Z=1163.395) RuntimeGrid:None EditorOnly:0 RuntimeOnly:0 HLODRelevant:1 FolderPath:Trees FolderGuid:75CE947B4D7DFCFC4864718696097B58
 |   |   |- [+] [ 12]
 |   |   |   |- Guid:E454E22F49087519697BF98A7D8BD7BA BaseClass: NativeClass:/Script/Engine.StaticMeshActor Name:StaticMeshActor_UAID_74782766C03B887D01_2042615105 Label:Cube12 SpatiallyLoaded:1 Bounds:IsValid=true, Min=(X=3231.054 Y=1181.603 Z=-471.396), Max=(X=3435.958 Y=1331.603 Z=-266.492) RuntimeGrid:None EditorOnly:0 RuntimeOnly:0 HLODRelevant:1 FolderPath:Cave FolderGuid:275232DB4A90E8B2799B29BD69C59B9E
 |   |   |- [+] [ 13]
 |   |   |   |- Guid:21DFE129476FA797C82662BFE5070C19 BaseClass: NativeClass:/Script/Engine.StaticMeshActor Name:StaticMeshActor_UAID_74782766C03B897D01_1543690293 Label:Cube23 SpatiallyLoaded:1 Bounds:IsValid=true, Min=(X=3609.942 Y=854.650 Z=-162.914), Max=(X=3862.394 Y=1087.006 Z=41.990) RuntimeGrid:None EditorOnly:0 RuntimeOnly:0 HLODRelevant:1 FolderPath:Cave FolderGuid:275232DB4A90E8B2799B29BD69C59B9E
 |   |   |- [+] [ 14]
 |   |   |   |- Guid:F80621C9446867154938FE81375207DA BaseClass: NativeClass:/Script/Engine.DirectionalLight Name:DirectionalLight_1 Label:DirectionalLight SpatiallyLoaded:0 Bounds:IsValid=true, Min=(X=-4398046511104.000 Y=-4398046511104.000 Z=-4398046511104.000), Max=(X=4398046511104.000 Y=4398046511104.000 Z=4398046511104.000) RuntimeGrid:None EditorOnly:0 RuntimeOnly:0 HLODRelevant:0 FolderPath:Lighting FolderGuid:0BA5F0A04EADB18E70D5B180D08FA34B
 |   |   |- [+] [ 15]
 |   |   |   |- Guid:E937419B4B4BB0A92A5B95B953236AFD BaseClass: NativeClass:/Script/Engine.StaticMeshActor Name:StaticMeshActor_UAID_74782766C03B887D01_2098779106 Label:Cube13 SpatiallyLoaded:1 Bounds:IsValid=true, Min=(X=3076.177 Y=1287.856 Z=-238.425), Max=(X=3178.629 Y=1416.865 Z=-107.949) RuntimeGrid:None EditorOnly:0 RuntimeOnly:0 HLODRelevant:1 FolderPath:Cave FolderGuid:275232DB4A90E8B2799B29BD69C59B9E
 |   |   |- [+] [ 16]
 |   |   |   |- Guid:EEB2119F4AF93B297C356891CD5D79E3 BaseClass: NativeClass:/Script/Engine.StaticMeshActor Name:StaticMeshActor_UAID_74782766C03B427D01_1861681778 Label:Cube2 SpatiallyLoaded:1 Bounds:IsValid=true, Min=(X=1938.217 Y=1879.054 Z=-332.500), Max=(X=2201.783 Y=2020.946 Z=92.500) RuntimeGrid:None EditorOnly:0 RuntimeOnly:0 HLODRelevant:1 FolderPath:Cave FolderGuid:275232DB4A90E8B2799B29BD69C59B9E
 |   |   |- [+] [ 17]
 |   |   |   |- Guid:CAB75416484EC3140C1E0299737E3598 BaseClass: NativeClass:/Script/Engine.StaticMeshActor Name:StaticMeshActor_UAID_74782766C03BDB7D01_1500379714 Label:pine_tree53 SpatiallyLoaded:1 Bounds:IsValid=true, Min=(X=6291.224 Y=3364.418 Z=-20.982), Max=(X=7230.718 Y=4150.946 Z=1163.395) RuntimeGrid:None EditorOnly:0 RuntimeOnly:0 HLODRelevant:1 FolderPath:Trees FolderGuid:75CE947B4D7DFCFC4864718696097B58
 |   |   |- [+] [ 18]
 |   |   |   |- Guid:C9ED56544B2B1A63D3F42B816DF35BA0 BaseClass: NativeClass:/Script/Engine.StaticMeshActor Name:StaticMeshActor_UAID_74782766C03B897D01_1182615285 Label:Cube16 SpatiallyLoaded:1 Bounds:IsValid=true, Min=(X=1031.317 Y=1246.348 Z=-230.120), Max=(X=1402.070 Y=1763.511 Z=-80.120) RuntimeGrid:None EditorOnly:0 RuntimeOnly:0 HLODRelevant:1 FolderPath:Cave FolderGuid:275232DB4A90E8B2799B29BD69C59B9E
 |   |   |- [+] [ 19]
 |   |   |   |- Guid:77FE8DEA41A64E7A8263BBACBF37F38E BaseClass: NativeClass:/Script/Engine.StaticMeshActor Name:StaticMeshActor_UAID_74782766C03BDB7D01_1512097716 Label:pine_tree55 SpatiallyLoaded:1 Bounds:IsValid=true, Min=(X=7041.224 Y=3584.418 Z=-20.982), Max=(X=7980.718 Y=4370.946 Z=1163.395) RuntimeGrid:None EditorOnly:0 RuntimeOnly:0 HLODRelevant:1 FolderPath:Trees FolderGuid:75CE947B4D7DFCFC4864718696097B58
 |   |   |- [+] [ 20]
 |   |   |   |- Guid:A553305C4F4FEC11AF3A92BA630BF8D4 BaseClass: NativeClass:/Script/Engine.StaticMeshActor Name:StaticMeshActor_UAID_74782766C03BDB7D01_1500377713 Label:pine_tree52 SpatiallyLoaded:1 Bounds:IsValid=true, Min=(X=6271.224 Y=2784.418 Z=-20.982), Max=(X=7210.718 Y=3570.946 Z=1163.395) RuntimeGrid:None EditorOnly:0 RuntimeOnly:0 HLODRelevant:1 FolderPath:Trees FolderGuid:75CE947B4D7DFCFC4864718696097B58
 |   |   |- [+] [ 21]
 |   |   |   |- Guid:9D87D1824C2EE7015CC32797795D5190 BaseClass: NativeClass:/Script/Engine.StaticMeshActor Name:StaticMeshActor_UAID_74782766C03B877D01_2012124919 Label:Cube3 SpatiallyLoaded:1 Bounds:IsValid=true, Min=(X=3133.217 Y=1276.793 Z=-468.289), Max=(X=3208.217 Y=1351.793 Z=-393.289) RuntimeGrid:None EditorOnly:0 RuntimeOnly:0 HLODRelevant:1 FolderPath:Cave FolderGuid:275232DB4A90E8B2799B29BD69C59B9E
 |   |   |- [+] [ 22]
 |   |   |   |- Guid:1ADC56FA41B79D0BC76613B5EF5BED13 BaseClass: NativeClass:/Script/Engine.StaticMeshActor Name:StaticMeshActor_UAID_74782766C03BDB7D01_1613709721 Label:pine_tree60 SpatiallyLoaded:1 Bounds:IsValid=true, Min=(X=6781.224 Y=5114.418 Z=-20.982), Max=(X=7720.718 Y=5900.946 Z=1163.395) RuntimeGrid:None EditorOnly:0 RuntimeOnly:0 HLODRelevant:1 FolderPath:Trees FolderGuid:75CE947B4D7DFCFC4864718696097B58
 |   |   |- [+] [ 23]
 |   |   |   |- Guid:5C586B974A30955CDC620082901EEB18 BaseClass: NativeClass:/Script/Engine.StaticMeshActor Name:StaticMeshActor_UAID_74782766C03B887D01_1648855099 Label:Cube7 SpatiallyLoaded:1 Bounds:IsValid=true, Min=(X=1848.227 Y=1970.194 Z=50.597), Max=(X=1981.730 Y=2122.116 Z=213.060) RuntimeGrid:None EditorOnly:0 RuntimeOnly:0 HLODRelevant:1 FolderPath:Cave FolderGuid:275232DB4A90E8B2799B29BD69C59B9E
 |   |   |- [+] [ 24]
 |   |   |   |- Guid:8E8D75094CFC5AE0F87902B8DE5E418C BaseClass: NativeClass:/Script/Engine.StaticMeshActor Name:StaticMeshActor_UAID_74782766C03B887D01_1350966096 Label:Cube4 SpatiallyLoaded:1 Bounds:IsValid=true, Min=(X=2030.199 Y=1697.437 Z=-445.000), Max=(X=2369.801 Y=1902.563 Z=5.000) RuntimeGrid:None EditorOnly:0 RuntimeOnly:0 HLODRelevant:1 FolderPath:Cave FolderGuid:275232DB4A90E8B2799B29BD69C59B9E
 |   |   |- [+] [ 25]
 |   |   |   |- Guid:685A68524A67AFBD9BF978A340F06A1D BaseClass: NativeClass:/Script/Engine.StaticMeshActor Name:StaticMeshActor_UAID_74782766C03B887D01_2042605104 Label:Cube11 SpatiallyLoaded:1 Bounds:IsValid=true, Min=(X=3113.506 Y=1246.603 Z=-118.944), Max=(X=3213.506 Y=1346.603 Z=-18.944) RuntimeGrid:None EditorOnly:0 RuntimeOnly:0 HLODRelevant:1 FolderPath:Cave FolderGuid:275232DB4A90E8B2799B29BD69C59B9E
 |   |   |- [+] [ 26]
 |   |   |   |- Guid:93047C684C13520F889C219BED5C61FC BaseClass: NativeClass:/Script/Engine.StaticMeshActor Name:StaticMeshActor_UAID_74782766C03B897D01_1901410296 Label:Jesus SpatiallyLoaded:1 Bounds:IsValid=true, Min=(X=1939.612 Y=139.843 Z=-602.335), Max=(X=2239.822 Y=257.569 Z=-495.968) RuntimeGrid:None EditorOnly:0 RuntimeOnly:0 HLODRelevant:1
 |   |   |- [+] [ 27]
 |   |   |   |- Guid:B2BC3E10499F814E77B2B6A977DFE12D BaseClass: NativeClass:/Script/Engine.StaticMeshActor Name:StaticMeshActor_UAID_74782766C03B897D01_1412744287 Label:Cube17 SpatiallyLoaded:1 Bounds:IsValid=true, Min=(X=3483.307 Y=1042.940 Z=14.354), Max=(X=3583.307 Y=1142.940 Z=114.354) RuntimeGrid:None EditorOnly:0 RuntimeOnly:0 HLODRelevant:1 FolderPath:Cave FolderGuid:275232DB4A90E8B2799B29BD69C59B9E
 |   |   |- [+] [ 28]
 |   |   |   |- Guid:4665877F48A7F116083D65A5FF24610F BaseClass: NativeClass:/Script/Engine.StaticMeshActor Name:StaticMeshActor_UAID_74782766C03BDB7D01_1459119705 Label:pine_tree44 SpatiallyLoaded:1 Bounds:IsValid=true, Min=(X=4181.224 Y=3934.418 Z=-20.982), Max=(X=5120.718 Y=4720.946 Z=1163.395) RuntimeGrid:None EditorOnly:0 RuntimeOnly:0 HLODRelevant:1 FolderPath:Trees FolderGuid:75CE947B4D7DFCFC4864718696097B58
 |   |   |- [+] [ 29]
 |   |   |   |- Guid:2A2126B44453A21BE75ACC90391C9CCA BaseClass: NativeClass:/Script/Engine.StaticMeshActor Name:StaticMeshActor_UAID_74782766C03BDB7D01_1613741725 Label:pine_tree64 SpatiallyLoaded:1 Bounds:IsValid=true, Min=(X=7561.224 Y=3844.418 Z=-20.982), Max=(X=8500.718 Y=4630.946 Z=1163.395) RuntimeGrid:None EditorOnly:0 RuntimeOnly:0 HLODRelevant:1 FolderPath:Trees FolderGuid:75CE947B4D7DFCFC4864718696097B58
 |   |   |- [+] [ 30]
 |   |   |   |- Guid:D8AA45164EC571551ACE8CA9CAADD8A8 BaseClass: NativeClass:/Script/Engine.StaticMeshActor Name:StaticMeshActor_UAID_74782766C03B887D01_2098788107 Label:Cube14 SpatiallyLoaded:1 Bounds:IsValid=true, Min=(X=3057.280 Y=1140.425 Z=-381.396), Max=(X=3309.732 Y=1372.781 Z=-176.492) RuntimeGrid:None EditorOnly:0 RuntimeOnly:0 HLODRelevant:1 FolderPath:Cave FolderGuid:275232DB4A90E8B2799B29BD69C59B9E
 |   |   |- [+] [ 31]
 |   |   |   |- Guid:C22CE07C4B87D685137FDBBC10FC92C6 BaseClass: NativeClass:/Script/Engine.SkyAtmosphere Name:SkyAtmosphere_0 Label:SkyAtmosphere SpatiallyLoaded:0 Bounds:IsValid=true, Min=(X=0.000 Y=0.000 Z=1020.000), Max=(X=0.000 Y=0.000 Z=1020.000) RuntimeGrid:None EditorOnly:0 RuntimeOnly:0 HLODRelevant:0 FolderPath:Lighting FolderGuid:0BA5F0A04EADB18E70D5B180D08FA34B
 |   |   |- [+] [ 32]
 |   |   |   |- Guid:F677F69B47F667C8783CC5ADAE65852B BaseClass: NativeClass:/Script/Engine.StaticMeshActor Name:StaticMeshActor_UAID_74782766C03B887D01_1517182098 Label:Cube6 SpatiallyLoaded:1 Bounds:IsValid=true, Min=(X=2000.086 Y=1936.186 Z=61.213), Max=(X=2066.837 Y=2012.148 Z=142.444) RuntimeGrid:None EditorOnly:0 RuntimeOnly:0 HLODRelevant:1 FolderPath:Cave FolderGuid:275232DB4A90E8B2799B29BD69C59B9E
 |   |   |- [+] [ 33]
 |   |   |   |- Guid:3AA971BB4856676BEAB00EA3BC8C6920 BaseClass: NativeClass:/Script/Engine.StaticMeshActor Name:StaticMeshActor_UAID_74782766C03B897D01_1286756286 Label:SM_QuarterCylinder11 SpatiallyLoaded:1 Bounds:IsValid=true, Min=(X=3011.712 Y=-620.702 Z=-79.151), Max=(X=4084.019 Y=936.589 Z=183.349) RuntimeGrid:None EditorOnly:0 RuntimeOnly:0 HLODRelevant:1 FolderPath:Cave FolderGuid:275232DB4A90E8B2799B29BD69C59B9E
 |   |   |- [+] [ 34]
 |   |   |   |- Guid:7FCD71414D34D5ED508312884E0E8124 BaseClass: NativeClass:/Script/Engine.StaticMeshActor Name:StaticMeshActor_UAID_74782766C03B8A7D01_1411652473 Label:Cube4 SpatiallyLoaded:1 Bounds:IsValid=true, Min=(X=1865.000 Y=27.500 Z=-715.000), Max=(X=2315.000 Y=352.500 Z=-565.000) RuntimeGrid:None EditorOnly:0 RuntimeOnly:0 HLODRelevant:1 FolderPath:Cave FolderGuid:275232DB4A90E8B2799B29BD69C59B9E
 |   |   |- [+] [ 35]
 |   |   |   |- Guid:5FE7584649BB6F09265329A6C57CFD0D BaseClass: NativeClass:/Script/Engine.VolumetricCloud Name:VolumetricCloud_0 Label:VolumetricCloud SpatiallyLoaded:0 Bounds:IsValid=true, Min=(X=0.000 Y=0.000 Z=820.000), Max=(X=0.000 Y=0.000 Z=820.000) RuntimeGrid:None EditorOnly:0 RuntimeOnly:0 HLODRelevant:0 FolderPath:Lighting FolderGuid:0BA5F0A04EADB18E70D5B180D08FA34B
 |   |   |- [+] [ 36]
 |   |   |   |- Guid:E5320C1B4FD9764CE7B54D8487AEC613 BaseClass: NativeClass:/Script/Engine.SkyLight Name:SkyLight_0 Label:SkyLight SpatiallyLoaded:0 Bounds:IsValid=true, Min=(X=0.000 Y=0.000 Z=690.000), Max=(X=0.000 Y=0.000 Z=690.000) RuntimeGrid:None EditorOnly:0 RuntimeOnly:0 HLODRelevant:0 FolderPath:Lighting FolderGuid:0BA5F0A04EADB18E70D5B180D08FA34B
 |   |   |- [+] [ 37]
 |   |   |   |- Guid:54B05EA94A343510067224A2BBCDD130 BaseClass: NativeClass:/Script/Engine.StaticMeshActor Name:StaticMeshActor_UAID_74782766C03B887D01_1399239097 Label:Cube5 SpatiallyLoaded:1 Bounds:IsValid=true, Min=(X=2145.914 Y=1801.097 Z=62.678), Max=(X=2274.086 Y=1938.903 Z=217.322) RuntimeGrid:None EditorOnly:0 RuntimeOnly:0 HLODRelevant:1 FolderPath:Cave FolderGuid:275232DB4A90E8B2799B29BD69C59B9E
 |   |   |- [+] [ 38]
 |   |   |   |- Guid:F41E95DD4A8B486AEB5EC6B6E84640CC BaseClass: NativeClass:/Script/Engine.PointLight Name:PointLight_UAID_74782766C03B897D01_1596486295 Label:PointLight SpatiallyLoaded:1 Bounds:IsValid=true, Min=(X=791.453 Y=-540.640 Z=-1187.838), Max=(X=2791.453 Y=1459.360 Z=812.162) RuntimeGrid:None EditorOnly:0 RuntimeOnly:0 HLODRelevant:0
 |   |   |- [+] [ 39]
 |   |   |   |- Guid:A354B1B24E617A525DC6B48CCDE2417E BaseClass: NativeClass:/Script/Engine.PlayerStart Name:PlayerStart_0 Label:PlayerStart SpatiallyLoaded:0 Bounds:IsValid=true, Min=(X=3095.359 Y=2325.359 Z=-149.987), Max=(X=3204.641 Y=2434.641 Z=34.013) RuntimeGrid:None EditorOnly:0 RuntimeOnly:0 HLODRelevant:0
 |   |   |- [+] [ 40]
 |   |   |   |- Guid:34FC767641BD0A967F47AFBA14107508 BaseClass: NativeClass:/Script/Engine.StaticMeshActor Name:StaticMeshActor_UAID_74782766C03BDB7D01_1512105717 Label:pine_tree56 SpatiallyLoaded:1 Bounds:IsValid=true, Min=(X=7041.224 Y=2884.418 Z=-20.982), Max=(X=7980.718 Y=3670.946 Z=1163.395) RuntimeGrid:None EditorOnly:0 RuntimeOnly:0 HLODRelevant:1 FolderPath:Trees FolderGuid:75CE947B4D7DFCFC4864718696097B58
 |   |   |- [+] [ 41]
 |   |   |   |- Guid:DE44717C48DF5D5B82BEE7A85EEDD4B9 BaseClass: NativeClass:/Script/Engine.StaticMeshActor Name:StaticMeshActor_UAID_74782766C03BDB7D01_1493428710 Label:pine_tree49 SpatiallyLoaded:1 Bounds:IsValid=true, Min=(X=6141.224 Y=4444.418 Z=-20.982), Max=(X=7080.718 Y=5230.946 Z=1163.395) RuntimeGrid:None EditorOnly:0 RuntimeOnly:0 HLODRelevant:1 FolderPath:Trees FolderGuid:75CE947B4D7DFCFC4864718696097B58
 |   |   |- [+] [ 42]
 |   |   |   |- Guid:F180EE394F8D839041B0A2A277B1EF2F BaseClass: NativeClass:/Script/Engine.StaticMeshActor Name:StaticMeshActor_UAID_74782766C03B897D01_1506956292 Label:Cube22 SpatiallyLoaded:1 Bounds:IsValid=true, Min=(X=3203.307 Y=1232.940 Z=-35.646), Max=(X=3303.307 Y=1332.940 Z=64.354) RuntimeGrid:None EditorOnly:0 RuntimeOnly:0 HLODRelevant:1 FolderPath:Cave FolderGuid:275232DB4A90E8B2799B29BD69C59B9E
 |   |   |- [+] [ 43]
 |   |   |   |- Guid:4BE06561472D05E44F778ABA73B04B9E BaseClass: NativeClass:/Script/Engine.StaticMeshActor Name:StaticMeshActor_UAID_74782766C03BDB7D01_1512109718 Label:pine_tree57 SpatiallyLoaded:1 Bounds:IsValid=true, Min=(X=7821.224 Y=3154.418 Z=-20.982), Max=(X=8760.718 Y=3940.946 Z=1163.395) RuntimeGrid:None EditorOnly:0 RuntimeOnly:0 HLODRelevant:1 FolderPath:Trees FolderGuid:75CE947B4D7DFCFC4864718696097B58
 |   |   |- [+] [ 44]
 |   |   |   |- Guid:8C64AECF4E81F943294318BD6E8BA7B9 BaseClass: NativeClass:/Script/Engine.StaticMeshActor Name:StaticMeshActor_UAID_74782766C03BDB7D01_1613727722 Label:pine_tree61 SpatiallyLoaded:1 Bounds:IsValid=true, Min=(X=6781.224 Y=4414.418 Z=-20.982), Max=(X=7720.718 Y=5200.946 Z=1163.395) RuntimeGrid:None EditorOnly:0 RuntimeOnly:0 HLODRelevant:1 FolderPath:Trees FolderGuid:75CE947B4D7DFCFC4864718696097B58
 |   |   |- [+] [ 45]
 |   |   |   |- Guid:29F9FDA642535E5ABA296E9E1FF70D64 BaseClass: NativeClass:/Script/Engine.StaticMeshActor Name:StaticMeshActor_UAID_74782766C03BDB7D01_1500380715 Label:pine_tree54 SpatiallyLoaded:1 Bounds:IsValid=true, Min=(X=6291.224 Y=2454.418 Z=-20.982), Max=(X=7230.718 Y=3240.946 Z=1163.395) RuntimeGrid:None EditorOnly:0 RuntimeOnly:0 HLODRelevant:1 FolderPath:Trees FolderGuid:75CE947B4D7DFCFC4864718696097B58
 |   |   |- [+] [ 46]
 |   |   |   |- Guid:E31564A24763F7009CBB5DB022F14ABC BaseClass: NativeClass:/Script/Engine.StaticMeshActor Name:StaticMeshActor_UAID_74782766C03BDB7D01_1597015720 Label:pine_tree59 SpatiallyLoaded:1 Bounds:IsValid=true, Min=(X=4761.224 Y=4914.418 Z=-20.982), Max=(X=5700.718 Y=5700.946 Z=1163.395) RuntimeGrid:None EditorOnly:0 RuntimeOnly:0 HLODRelevant:1 FolderPath:Trees FolderGuid:75CE947B4D7DFCFC4864718696097B58
 |   |   |- [+] [ 47]
 |   |   |   |- Guid:730FC62B43522DF15BEDFDAA13FC5D9B BaseClass: NativeClass:/Script/Engine.StaticMeshActor Name:StaticMeshActor_UAID_74782766C03B3F7D01_2033258247 Label:Terrain SpatiallyLoaded:1 Bounds:IsValid=true, Min=(X=-8578.148 Y=-7919.970 Z=-9168.891), Max=(X=11556.725 Y=10942.804 Z=9419.307) RuntimeGrid:None EditorOnly:0 RuntimeOnly:0 HLODRelevant:1 FolderPath:Level FolderGuid:7618EB344E56E62675197D8E12F16A9F
 |   |   |- [+] [ 48]
 |   |   |   |- Guid:8E6120FC40B0C2384F6E528EAFC19C5A BaseClass: NativeClass:/Script/Engine.StaticMeshActor Name:StaticMeshActor_36 Label:SM_QuarterCylinder10 SpatiallyLoaded:1 Bounds:IsValid=true, Min=(X=791.073 Y=729.501 Z=-142.011), Max=(X=1755.127 Y=2224.292 Z=145.489) RuntimeGrid:None EditorOnly:0 RuntimeOnly:0 HLODRelevant:1 FolderPath:Cave FolderGuid:275232DB4A90E8B2799B29BD69C59B9E
 |   |   |- [+] [ 49]
 |   |   |   |- Guid:7F4B587F469DC80A1CE36F912EAB395E BaseClass: NativeClass:/Script/Engine.StaticMeshActor Name:StaticMeshActor_UAID_74782766C03BDB7D01_1425243704 Label:pine_tree43 SpatiallyLoaded:1 Bounds:IsValid=true, Min=(X=3981.224 Y=4634.418 Z=-20.982), Max=(X=4920.718 Y=5420.946 Z=1163.395) RuntimeGrid:None EditorOnly:0 RuntimeOnly:0 HLODRelevant:1 FolderPath:Trees FolderGuid:75CE947B4D7DFCFC4864718696097B58
 |   |   |- [+] [ 50]
 |   |   |   |- Guid:B4E66C5E441218AC8D9F84B5383B5B8D BaseClass: NativeClass:/Script/Engine.StaticMeshActor Name:StaticMeshActor_UAID_74782766C03B427D01_1516544776 Label:Cube2 SpatiallyLoaded:1 Bounds:IsValid=true, Min=(X=2017.548 Y=1935.000 Z=-282.452), Max=(X=2222.452 Y=2085.000 Z=-77.548) RuntimeGrid:None EditorOnly:0 RuntimeOnly:0 HLODRelevant:1 FolderPath:Cave FolderGuid:275232DB4A90E8B2799B29BD69C59B9E
 |   |   |- [+] [ 51]
 |   |   |   |- Guid:F58DD1E44717AC875FD1168ECA32BC2B BaseClass: NativeClass:/Script/Engine.StaticMeshActor Name:StaticMeshActor_UAID_74782766C03BDB7D01_1483478706 Label:pine_tree45 SpatiallyLoaded:1 Bounds:IsValid=true, Min=(X=4761.224 Y=4334.418 Z=-20.982), Max=(X=5700.718 Y=5120.946 Z=1163.395) RuntimeGrid:None EditorOnly:0 RuntimeOnly:0 HLODRelevant:1 FolderPath:Trees FolderGuid:75CE947B4D7DFCFC4864718696097B58
 |   |   |- [+] [ 52]
 |   |   |   |- Guid:55ED1BF44D1428487BD5D8B119089618 BaseClass: NativeClass:/Script/Engine.StaticMeshActor Name:StaticMeshActor_UAID_74782766C03B887D01_1756459102 Label:Cube9 SpatiallyLoaded:1 Bounds:IsValid=true, Min=(X=3104.842 Y=821.985 Z=-580.728), Max=(X=3826.011 Y=1296.087 Z=19.272) RuntimeGrid:None EditorOnly:0 RuntimeOnly:0 HLODRelevant:1 FolderPath:Cave FolderGuid:275232DB4A90E8B2799B29BD69C59B9E
 |   |   |- [+] [ 53]
 |   |   |   |- Guid:CF93642F44B426E73210E390E527EAD2 BaseClass: NativeClass:/Script/Engine.StaticMeshActor Name:StaticMeshActor_UAID_74782766C03B897D01_1449771291 Label:Cube21 SpatiallyLoaded:1 Bounds:IsValid=true, Min=(X=3237.785 Y=1157.315 Z=-117.995), Max=(X=3436.623 Y=1300.080 Z=78.218) RuntimeGrid:None EditorOnly:0 RuntimeOnly:0 HLODRelevant:1 FolderPath:Cave FolderGuid:275232DB4A90E8B2799B29BD69C59B9E
 |   |   |- [+] [ 54]
 |   |   |   |- Guid:AB5404214A1EA161E4CA35A8C10DAB6B BaseClass: NativeClass:/Script/Engine.StaticMeshActor Name:StaticMeshActor_UAID_74782766C03B427D01_1439100775 Label:Cube SpatiallyLoaded:1 Bounds:IsValid=true, Min=(X=1920.000 Y=2160.000 Z=-170.000), Max=(X=2020.000 Y=2260.000 Z=-70.000) RuntimeGrid:None EditorOnly:0 RuntimeOnly:0 HLODRelevant:1 FolderPath:Cave FolderGuid:275232DB4A90E8B2799B29BD69C59B9E
 |   |   |- [+] [ 55]
 |   |   |   |- Guid:C371919D4925F9C900C11E8C089EF7CC BaseClass: NativeClass:/Script/Engine.StaticMeshActor Name:StaticMeshActor_UAID_74782766C03BDB7D01_1613732723 Label:pine_tree62 SpatiallyLoaded:1 Bounds:IsValid=true, Min=(X=7411.224 Y=4924.418 Z=-20.982), Max=(X=8350.718 Y=5710.946 Z=1163.395) RuntimeGrid:None EditorOnly:0 RuntimeOnly:0 HLODRelevant:1 FolderPath:Trees FolderGuid:75CE947B4D7DFCFC4864718696097B58
 |   |   |- [+] [ 56]
 |   |   |   |- Guid:8647E889455273F0AA14FB8DE659BD28 BaseClass: NativeClass:/Script/Engine.StaticMeshActor Name:StaticMeshActor_UAID_74782766C03B897D01_1412753288 Label:Cube18 SpatiallyLoaded:1 Bounds:IsValid=true, Min=(X=3352.129 Y=1097.940 Z=-447.673), Max=(X=3634.485 Y=1247.940 Z=-183.619) RuntimeGrid:None EditorOnly:0 RuntimeOnly:0 HLODRelevant:1 FolderPath:Cave FolderGuid:275232DB4A90E8B2799B29BD69C59B9E
 |   |   |- [+] [ 57]
 |   |   |   |- Guid:FA934C734BA7D79675CBA1BD1321169E BaseClass: NativeClass:/Script/Engine.StaticMeshActor Name:StaticMeshActor_UAID_74782766C03BDB7D01_1493426709 Label:pine_tree48 SpatiallyLoaded:1 Bounds:IsValid=true, Min=(X=5511.224 Y=3934.418 Z=-20.982), Max=(X=6450.718 Y=4720.946 Z=1163.395) RuntimeGrid:None EditorOnly:0 RuntimeOnly:0 HLODRelevant:1 FolderPath:Trees FolderGuid:75CE947B4D7DFCFC4864718696097B58
 |   |   |- [+] [ 58]
 |   |   |   |- Guid:338C972D4AB0E511EA9A7BB24D01E4A7 BaseClass: NativeClass:/Script/Engine.StaticMeshActor Name:StaticMeshActor_UAID_74782766C03B897D01_1127753284 Label:Cube15 SpatiallyLoaded:1 Bounds:IsValid=true, Min=(X=3249.120 Y=1199.078 Z=-268.278), Max=(X=3349.120 Y=1299.078 Z=-168.278) RuntimeGrid:None EditorOnly:0 RuntimeOnly:0 HLODRelevant:1 FolderPath:Cave FolderGuid:275232DB4A90E8B2799B29BD69C59B9E
 |   |   |- [+] [ 59]
 |   |   |   |- Guid:C0C56B9644AE3D40CAFF6A878DB29844 BaseClass: NativeClass:/Script/Engine.StaticMeshActor Name:StaticMeshActor_UAID_A4AE111137DC5EFB00_2001720423 Label:SM_SkySphere SpatiallyLoaded:0 Bounds:IsValid=true, Min=(X=-1638400.000 Y=-1638400.000 Z=-1638400.000), Max=(X=1638400.000 Y=1638400.000 Z=1638400.000) RuntimeGrid:None EditorOnly:0 RuntimeOnly:0 HLODRelevant:1 FolderPath:Lighting FolderGuid:0BA5F0A04EADB18E70D5B180D08FA34B
 |   |   |- [+] [ 60]
 |   |   |   |- Guid:3F6F9B6D41107AA91F02868908431B5D BaseClass: NativeClass:/Script/Engine.StaticMeshActor Name:StaticMeshActor_UAID_74782766C03B887D01_1724224101 Label:Cone SpatiallyLoaded:1 Bounds:IsValid=true, Min=(X=1660.000 Y=2280.000 Z=-50.000), Max=(X=1760.000 Y=2380.000 Z=50.000) RuntimeGrid:None EditorOnly:0 RuntimeOnly:0 HLODRelevant:1 FolderPath:Cave FolderGuid:275232DB4A90E8B2799B29BD69C59B9E
 |   |   |- [+] [ 61]
 |   |   |   |- Guid:72C0D87C47583901305040A0706D9D1C BaseClass: NativeClass:/Script/Engine.StaticMeshActor Name:StaticMeshActor_UAID_74782766C03B897D01_1412759290 Label:Cube20 SpatiallyLoaded:1 Bounds:IsValid=true, Min=(X=3427.081 Y=936.762 Z=-248.098), Max=(X=3679.533 Y=1169.118 Z=-43.194) RuntimeGrid:None EditorOnly:0 RuntimeOnly:0 HLODRelevant:1 FolderPath:Cave FolderGuid:275232DB4A90E8B2799B29BD69C59B9E
 |   |   |- [+] [ 62]
 |   |   |   |- Guid:42914607455932270ECD54AB3E97B6A9 BaseClass: NativeClass:/Script/Engine.StaticMeshActor Name:StaticMeshActor_UAID_74782766C03BDB7D01_1483485707 Label:pine_tree46 SpatiallyLoaded:1 Bounds:IsValid=true, Min=(X=4741.224 Y=3654.418 Z=-20.982), Max=(X=5680.718 Y=4440.946 Z=1163.395) RuntimeGrid:None EditorOnly:0 RuntimeOnly:0 HLODRelevant:1 FolderPath:Trees FolderGuid:75CE947B4D7DFCFC4864718696097B58
 |   |   |- [+] [ 63]
 |   |   |   |- Guid:9680AA2F40C74F3F8E33A9928E36E231 BaseClass: NativeClass:/Script/Engine.StaticMeshActor Name:StaticMeshActor_UAID_74782766C03BDC7D01_1092931879 Label:Campfire SpatiallyLoaded:1 Bounds:IsValid=true, Min=(X=3330.928 Y=2543.110 Z=-123.309), Max=(X=3428.920 Y=2637.162 Z=-63.197) RuntimeGrid:None EditorOnly:0 RuntimeOnly:0 HLODRelevant:1
 |- ContainerInstances:
 |- [+] MainContainer:
 |   |-        ID: 0x0000000000000000
 |   |-    Bounds: IsValid=false, Min=(X=0.000 Y=0.000 Z=0.000), Max=(X=0.000 Y=0.000 Z=0.000)
 |   |- Transform: 0.000000,0.000000,0.000000|0.000000,0.000000,-0.000000|1.000000,1.000000,1.000000
 |   |- Container: /Game/Levels/FirstPersonMap
----------------------------------------------------------------------------------------------------------------
FirstPersonMap - Persistent Level
----------------------------------------------------------------------------------------------------------------
Always loaded Actor Count: 80 

----------------------------------------------------------------------------------------------------------------
FirstPersonMap - Runtime Spatial Hash - Streaming Grid - MainGrid
----------------------------------------------------------------------------------------------------------------
            Origin: X=0.000 Y=0.000 Z=0.000
         Cell Size: 12800
      World Bounds: IsValid=false, Min=(X=0.000 Y=0.000 Z=0.000), Max=(X=0.000 Y=0.000 Z=0.000)
     Loading Range: 25600.00
Block Slow Loading: No
 ClientOnlyVisible: No

[+] Grid Levels: 1
 |- Level  0: Cell Count    0 | Cell Size   12800 | Actor Count    0 (0.0%)

[+] Content of Grid Level 0

