[+] Containers:
 |- [+] Container: /Game/FirstPerson/Maps/FirstPersonMap
 |   |- [+] ActorDescs:
 |   |   |- Guid:21DFE129476FA797C82662BFE5070C19 BaseClass: NativeClass:/Script/Engine.StaticMeshActor Name:StaticMeshActor_UAID_74782766C03B897D01_1543690293 Label:Cube23 SpatiallyLoaded:1 Bounds:IsValid=true, Min=(X=3609.942 Y=854.650 Z=-162.914), Max=(X=3862.394 Y=1087.006 Z=41.990) RuntimeGrid:None EditorOnly:0 RuntimeOnly:0 HLODRelevant:1
 |   |   |- Guid:338C972D4AB0E511EA9A7BB24D01E4A7 BaseClass: NativeClass:/Script/Engine.StaticMeshActor Name:StaticMeshActor_UAID_74782766C03B897D01_1127753284 Label:Cube15 SpatiallyLoaded:1 Bounds:IsValid=true, Min=(X=3249.120 Y=1199.078 Z=-268.278), Max=(X=3349.120 Y=1299.078 Z=-168.278) RuntimeGrid:None EditorOnly:0 RuntimeOnly:0 HLODRelevant:1
 |   |   |- Guid:35F4B0E04E015845218681883CC9A0E7 BaseClass: NativeClass:/Script/Engine.StaticMeshActor Name:StaticMeshActor_UAID_74782766C03B897D01_1412756289 Label:Cube19 SpatiallyLoaded:1 Bounds:IsValid=true, Min=(X=3445.978 Y=1084.192 Z=-105.126), Max=(X=3548.430 Y=1213.202 Z=25.349) RuntimeGrid:None EditorOnly:0 RuntimeOnly:0 HLODRelevant:1
 |   |   |- Guid:3AA971BB4856676BEAB00EA3BC8C6920 BaseClass: NativeClass:/Script/Engine.StaticMeshActor Name:StaticMeshActor_UAID_74782766C03B897D01_1286756286 Label:SM_QuarterCylinder11 SpatiallyLoaded:1 Bounds:IsValid=true, Min=(X=3011.712 Y=-620.702 Z=-79.151), Max=(X=4084.019 Y=936.589 Z=183.349) RuntimeGrid:None EditorOnly:0 RuntimeOnly:0 HLODRelevant:1 FolderPath:Block02 FolderGuid:275232DB4A90E8B2799B29BD69C59B9E
 |   |   |- Guid:3F6F9B6D41107AA91F02868908431B5D BaseClass: NativeClass:/Script/Engine.StaticMeshActor Name:StaticMeshActor_UAID_74782766C03B887D01_1724224101 Label:Cone SpatiallyLoaded:1 Bounds:IsValid=true, Min=(X=1660.000 Y=2280.000 Z=-50.000), Max=(X=1760.000 Y=2380.000 Z=50.000) RuntimeGrid:None EditorOnly:0 RuntimeOnly:0 HLODRelevant:1
 |   |   |- Guid:44549D63404DB5F9F89BFF890FDD3FDC BaseClass: NativeClass:/Script/Engine.StaticMeshActor Name:StaticMeshActor_UAID_74782766C03B887D01_1976629103 Label:Cube10 SpatiallyLoaded:1 Bounds:IsValid=true, Min=(X=3050.276 Y=1183.852 Z=-530.789), Max=(X=3191.159 Y=1324.735 Z=-130.789) RuntimeGrid:None EditorOnly:0 RuntimeOnly:0 HLODRelevant:1
 |   |   |- Guid:503301344EDD2580C9B8269BA1FF0C83 BaseClass: NativeClass:/Script/Engine.StaticMeshActor Name:StaticMeshActor_29 Label:SM_ChamferCube4 SpatiallyLoaded:1 Bounds:IsValid=true, Min=(X=334.338 Y=334.338 Z=0.063), Max=(X=545.662 Y=545.662 Z=150.063) RuntimeGrid:None EditorOnly:0 RuntimeOnly:0 HLODRelevant:0 FolderPath:SimulatedCubes FolderGuid:9AEEADCB4DC6C647D6E7C0B4EDA1744F
 |   |   |- Guid:54B05EA94A343510067224A2BBCDD130 BaseClass: NativeClass:/Script/Engine.StaticMeshActor Name:StaticMeshActor_UAID_74782766C03B887D01_1399239097 Label:Cube5 SpatiallyLoaded:1 Bounds:IsValid=true, Min=(X=2145.914 Y=1801.097 Z=62.678), Max=(X=2274.086 Y=1938.903 Z=217.322) RuntimeGrid:None EditorOnly:0 RuntimeOnly:0 HLODRelevant:1
 |   |   |- Guid:55ED1BF44D1428487BD5D8B119089618 BaseClass: NativeClass:/Script/Engine.StaticMeshActor Name:StaticMeshActor_UAID_74782766C03B887D01_1756459102 Label:Cube9 SpatiallyLoaded:1 Bounds:IsValid=true, Min=(X=3104.842 Y=821.985 Z=-580.728), Max=(X=3826.011 Y=1296.087 Z=19.272) RuntimeGrid:None EditorOnly:0 RuntimeOnly:0 HLODRelevant:1
 |   |   |- Guid:5C586B974A30955CDC620082901EEB18 BaseClass: NativeClass:/Script/Engine.StaticMeshActor Name:StaticMeshActor_UAID_74782766C03B887D01_1648855099 Label:Cube7 SpatiallyLoaded:1 Bounds:IsValid=true, Min=(X=1848.227 Y=1970.194 Z=50.597), Max=(X=1981.730 Y=2122.116 Z=213.060) RuntimeGrid:None EditorOnly:0 RuntimeOnly:0 HLODRelevant:1
 |   |   |- Guid:5FE7584649BB6F09265329A6C57CFD0D BaseClass: NativeClass:/Script/Engine.VolumetricCloud Name:VolumetricCloud_0 Label:VolumetricCloud SpatiallyLoaded:0 Bounds:IsValid=true, Min=(X=0.000 Y=0.000 Z=820.000), Max=(X=0.000 Y=0.000 Z=820.000) RuntimeGrid:None EditorOnly:0 RuntimeOnly:0 HLODRelevant:0 FolderPath:Lighting FolderGuid:0BA5F0A04EADB18E70D5B180D08FA34B
 |   |   |- Guid:61391D344900612A77DFC3BA3E354907 BaseClass: NativeClass:/Script/Engine.ExponentialHeightFog Name:ExponentialHeightFog_0 Label:ExponentialHeightFog SpatiallyLoaded:0 Bounds:IsValid=true, Min=(X=-5600.000 Y=-50.000 Z=-6850.000), Max=(X=-5600.000 Y=-50.000 Z=-6850.000) RuntimeGrid:None EditorOnly:0 RuntimeOnly:0 HLODRelevant:0 FolderPath:Lighting FolderGuid:0BA5F0A04EADB18E70D5B180D08FA34B
 |   |   |- Guid:61AE4D024EB9B5CAF1241B9E02A7BDC3 BaseClass: NativeClass:/Script/Engine.StaticMeshActor Name:StaticMeshActor_UAID_74782766C03B887D01_1651972100 Label:Cube8 SpatiallyLoaded:1 Bounds:IsValid=true, Min=(X=1714.312 Y=2011.507 Z=35.690), Max=(X=1874.525 Y=2183.627 Z=198.154) RuntimeGrid:None EditorOnly:0 RuntimeOnly:0 HLODRelevant:1
 |   |   |- Guid:685A68524A67AFBD9BF978A340F06A1D BaseClass: NativeClass:/Script/Engine.StaticMeshActor Name:StaticMeshActor_UAID_74782766C03B887D01_2042605104 Label:Cube11 SpatiallyLoaded:1 Bounds:IsValid=true, Min=(X=3113.506 Y=1246.603 Z=-118.944), Max=(X=3213.506 Y=1346.603 Z=-18.944) RuntimeGrid:None EditorOnly:0 RuntimeOnly:0 HLODRelevant:1
 |   |   |- Guid:6FEFB3BD4EB37B849EF0D4AC80F83855 BaseClass: NativeClass:/Script/Engine.WorldDataLayers Name:WorldDataLayers Label:WorldDataLayers SpatiallyLoaded:0 Bounds:IsValid=true, Min=(X=0.000 Y=0.000 Z=0.000), Max=(X=0.000 Y=0.000 Z=0.000) RuntimeGrid:None EditorOnly:0 RuntimeOnly:0 HLODRelevant:0
 |   |   |- Guid:72C0D87C47583901305040A0706D9D1C BaseClass: NativeClass:/Script/Engine.StaticMeshActor Name:StaticMeshActor_UAID_74782766C03B897D01_1412759290 Label:Cube20 SpatiallyLoaded:1 Bounds:IsValid=true, Min=(X=3427.081 Y=936.762 Z=-248.098), Max=(X=3679.533 Y=1169.118 Z=-43.194) RuntimeGrid:None EditorOnly:0 RuntimeOnly:0 HLODRelevant:1
 |   |   |- Guid:730FC62B43522DF15BEDFDAA13FC5D9B BaseClass: NativeClass:/Script/Engine.StaticMeshActor Name:StaticMeshActor_UAID_74782766C03B3F7D01_2033258247 Label:model SpatiallyLoaded:1 Bounds:IsValid=true, Min=(X=-8578.148 Y=-7919.970 Z=-9168.891), Max=(X=11556.725 Y=10942.804 Z=9419.307) RuntimeGrid:None EditorOnly:0 RuntimeOnly:0 HLODRelevant:1
 |   |   |- Guid:7DCFF2144714F0843D87428AC48CE4F4 BaseClass: NativeClass:/Script/Engine.StaticMeshActor Name:StaticMeshActor_24 Label:SM_ChamferCube17 SpatiallyLoaded:1 Bounds:IsValid=true, Min=(X=364.319 Y=1244.901 Z=0.013), Max=(X=492.491 Y=1373.073 Z=100.013) RuntimeGrid:None EditorOnly:0 RuntimeOnly:0 HLODRelevant:0 FolderPath:SimulatedCubes FolderGuid:9AEEADCB4DC6C647D6E7C0B4EDA1744F
 |   |   |- Guid:8647E889455273F0AA14FB8DE659BD28 BaseClass: NativeClass:/Script/Engine.StaticMeshActor Name:StaticMeshActor_UAID_74782766C03B897D01_1412753288 Label:Cube18 SpatiallyLoaded:1 Bounds:IsValid=true, Min=(X=3352.129 Y=1097.940 Z=-447.673), Max=(X=3634.485 Y=1247.940 Z=-183.619) RuntimeGrid:None EditorOnly:0 RuntimeOnly:0 HLODRelevant:1
 |   |   |- Guid:8E6120FC40B0C2384F6E528EAFC19C5A BaseClass: NativeClass:/Script/Engine.StaticMeshActor Name:StaticMeshActor_36 Label:SM_QuarterCylinder10 SpatiallyLoaded:1 Bounds:IsValid=true, Min=(X=791.073 Y=729.501 Z=-142.011), Max=(X=1755.127 Y=2224.292 Z=145.489) RuntimeGrid:None EditorOnly:0 RuntimeOnly:0 HLODRelevant:1 FolderPath:Block02 FolderGuid:275232DB4A90E8B2799B29BD69C59B9E
 |   |   |- Guid:8E8D75094CFC5AE0F87902B8DE5E418C BaseClass: NativeClass:/Script/Engine.StaticMeshActor Name:StaticMeshActor_UAID_74782766C03B887D01_1350966096 Label:Cube4 SpatiallyLoaded:1 Bounds:IsValid=true, Min=(X=2030.199 Y=1697.437 Z=-445.000), Max=(X=2369.801 Y=1902.563 Z=5.000) RuntimeGrid:None EditorOnly:0 RuntimeOnly:0 HLODRelevant:1
 |   |   |- Guid:93047C684C13520F889C219BED5C61FC BaseClass: NativeClass:/Script/Engine.StaticMeshActor Name:StaticMeshActor_UAID_74782766C03B897D01_1901410296 Label:Iisus_statuya SpatiallyLoaded:1 Bounds:IsValid=true, Min=(X=2930.000 Y=2010.000 Z=-320.000), Max=(X=3047.726 Y=2116.368 Z=-19.789) RuntimeGrid:None EditorOnly:0 RuntimeOnly:0 HLODRelevant:1
 |   |   |- Guid:9D10548B4F33A997132EDF92EFEC2F40 BaseClass: NativeClass:/Script/Engine.StaticMeshActor Name:StaticMeshActor_UAID_74782766C03B427D01_1668819777 Label:Cylinder SpatiallyLoaded:1 Bounds:IsValid=true, Min=(X=2105.925 Y=1632.936 Z=-430.000), Max=(X=2675.541 Y=2019.538 Z=170.000) RuntimeGrid:None EditorOnly:0 RuntimeOnly:0 HLODRelevant:1
 |   |   |- Guid:9D87D1824C2EE7015CC32797795D5190 BaseClass: NativeClass:/Script/Engine.StaticMeshActor Name:StaticMeshActor_UAID_74782766C03B877D01_2012124919 Label:Cube3 SpatiallyLoaded:1 Bounds:IsValid=true, Min=(X=3133.217 Y=1276.793 Z=-468.289), Max=(X=3208.217 Y=1351.793 Z=-393.289) RuntimeGrid:None EditorOnly:0 RuntimeOnly:0 HLODRelevant:1
 |   |   |- Guid:A354B1B24E617A525DC6B48CCDE2417E BaseClass: NativeClass:/Script/Engine.PlayerStart Name:PlayerStart_0 Label:PlayerStart SpatiallyLoaded:0 Bounds:IsValid=true, Min=(X=2833.662 Y=2473.662 Z=-19.987), Max=(X=2926.338 Y=2566.338 Z=164.013) RuntimeGrid:None EditorOnly:0 RuntimeOnly:0 HLODRelevant:0
 |   |   |- Guid:AB5404214A1EA161E4CA35A8C10DAB6B BaseClass: NativeClass:/Script/Engine.StaticMeshActor Name:StaticMeshActor_UAID_74782766C03B427D01_1439100775 Label:Cube SpatiallyLoaded:1 Bounds:IsValid=true, Min=(X=1920.000 Y=2160.000 Z=-170.000), Max=(X=2020.000 Y=2260.000 Z=-70.000) RuntimeGrid:None EditorOnly:0 RuntimeOnly:0 HLODRelevant:1
 |   |   |- Guid:B2BC3E10499F814E77B2B6A977DFE12D BaseClass: NativeClass:/Script/Engine.StaticMeshActor Name:StaticMeshActor_UAID_74782766C03B897D01_1412744287 Label:Cube17 SpatiallyLoaded:1 Bounds:IsValid=true, Min=(X=3483.307 Y=1042.940 Z=14.354), Max=(X=3583.307 Y=1142.940 Z=114.354) RuntimeGrid:None EditorOnly:0 RuntimeOnly:0 HLODRelevant:1
 |   |   |- Guid:B4E66C5E441218AC8D9F84B5383B5B8D BaseClass: NativeClass:/Script/Engine.StaticMeshActor Name:StaticMeshActor_UAID_74782766C03B427D01_1516544776 Label:Cube2 SpatiallyLoaded:1 Bounds:IsValid=true, Min=(X=2017.548 Y=1935.000 Z=-282.452), Max=(X=2222.452 Y=2085.000 Z=-77.548) RuntimeGrid:None EditorOnly:0 RuntimeOnly:0 HLODRelevant:1
 |   |   |- Guid:C0C56B9644AE3D40CAFF6A878DB29844 BaseClass: NativeClass:/Script/Engine.StaticMeshActor Name:StaticMeshActor_UAID_A4AE111137DC5EFB00_2001720423 Label:SM_SkySphere SpatiallyLoaded:0 Bounds:IsValid=true, Min=(X=-1638400.000 Y=-1638400.000 Z=-1638400.000), Max=(X=1638400.000 Y=1638400.000 Z=1638400.000) RuntimeGrid:None EditorOnly:0 RuntimeOnly:0 HLODRelevant:1 FolderPath:Lighting FolderGuid:0BA5F0A04EADB18E70D5B180D08FA34B
 |   |   |- Guid:C22CE07C4B87D685137FDBBC10FC92C6 BaseClass: NativeClass:/Script/Engine.SkyAtmosphere Name:SkyAtmosphere_0 Label:SkyAtmosphere SpatiallyLoaded:0 Bounds:IsValid=true, Min=(X=0.000 Y=0.000 Z=1020.000), Max=(X=0.000 Y=0.000 Z=1020.000) RuntimeGrid:None EditorOnly:0 RuntimeOnly:0 HLODRelevant:0 FolderPath:Lighting FolderGuid:0BA5F0A04EADB18E70D5B180D08FA34B
 |   |   |- Guid:C9ED56544B2B1A63D3F42B816DF35BA0 BaseClass: NativeClass:/Script/Engine.StaticMeshActor Name:StaticMeshActor_UAID_74782766C03B897D01_1182615285 Label:Cube16 SpatiallyLoaded:1 Bounds:IsValid=true, Min=(X=1031.317 Y=1246.348 Z=-230.120), Max=(X=1402.070 Y=1763.511 Z=-80.120) RuntimeGrid:None EditorOnly:0 RuntimeOnly:0 HLODRelevant:1
 |   |   |- Guid:CE8D82634660FCDB3120E2B8D547C533 BaseClass: NativeClass:/Script/Engine.PostProcessVolume Name:PostProcessVolume_0 Label:PostProcessVolume SpatiallyLoaded:0 Bounds:IsValid=true, Min=(X=280.000 Y=0.000 Z=670.000), Max=(X=480.000 Y=200.000 Z=870.000) RuntimeGrid:None EditorOnly:0 RuntimeOnly:0 HLODRelevant:0 FolderPath:Lighting FolderGuid:0BA5F0A04EADB18E70D5B180D08FA34B
 |   |   |- Guid:CF93642F44B426E73210E390E527EAD2 BaseClass: NativeClass:/Script/Engine.StaticMeshActor Name:StaticMeshActor_UAID_74782766C03B897D01_1449771291 Label:Cube21 SpatiallyLoaded:1 Bounds:IsValid=true, Min=(X=3237.785 Y=1157.315 Z=-117.995), Max=(X=3436.623 Y=1300.080 Z=78.218) RuntimeGrid:None EditorOnly:0 RuntimeOnly:0 HLODRelevant:1
 |   |   |- Guid:D44940D943955A5965276FBBEA044017 BaseClass: NativeClass:/Script/Engine.StaticMeshActor Name:StaticMeshActor_20 Label:SM_ChamferCube2 SpatiallyLoaded:1 Bounds:IsValid=true, Min=(X=324.987 Y=1136.837 Z=0.013), Max=(X=453.158 Y=1265.008 Z=100.013) RuntimeGrid:None EditorOnly:0 RuntimeOnly:0 HLODRelevant:0 FolderPath:SimulatedCubes FolderGuid:9AEEADCB4DC6C647D6E7C0B4EDA1744F
 |   |   |- Guid:D8AA45164EC571551ACE8CA9CAADD8A8 BaseClass: NativeClass:/Script/Engine.StaticMeshActor Name:StaticMeshActor_UAID_74782766C03B887D01_2098788107 Label:Cube14 SpatiallyLoaded:1 Bounds:IsValid=true, Min=(X=3057.280 Y=1140.425 Z=-381.396), Max=(X=3309.732 Y=1372.781 Z=-176.492) RuntimeGrid:None EditorOnly:0 RuntimeOnly:0 HLODRelevant:1
 |   |   |- Guid:D935740A490176EB4702AF96F92450E8 BaseClass: NativeClass:/Script/Engine.StaticMeshActor Name:StaticMeshActor_38 Label:SM_ChamferCube18 SpatiallyLoaded:1 Bounds:IsValid=true, Min=(X=343.798 Y=1188.520 Z=100.013), Max=(X=471.969 Y=1316.691 Z=200.013) RuntimeGrid:None EditorOnly:0 RuntimeOnly:0 HLODRelevant:0 FolderPath:SimulatedCubes FolderGuid:9AEEADCB4DC6C647D6E7C0B4EDA1744F
 |   |   |- Guid:E454E22F49087519697BF98A7D8BD7BA BaseClass: NativeClass:/Script/Engine.StaticMeshActor Name:StaticMeshActor_UAID_74782766C03B887D01_2042615105 Label:Cube12 SpatiallyLoaded:1 Bounds:IsValid=true, Min=(X=3231.054 Y=1181.603 Z=-471.396), Max=(X=3435.958 Y=1331.603 Z=-266.492) RuntimeGrid:None EditorOnly:0 RuntimeOnly:0 HLODRelevant:1
 |   |   |- Guid:E5320C1B4FD9764CE7B54D8487AEC613 BaseClass: NativeClass:/Script/Engine.SkyLight Name:SkyLight_0 Label:SkyLight SpatiallyLoaded:0 Bounds:IsValid=true, Min=(X=0.000 Y=0.000 Z=690.000), Max=(X=0.000 Y=0.000 Z=690.000) RuntimeGrid:None EditorOnly:0 RuntimeOnly:0 HLODRelevant:0 FolderPath:Lighting FolderGuid:0BA5F0A04EADB18E70D5B180D08FA34B
 |   |   |- Guid:E937419B4B4BB0A92A5B95B953236AFD BaseClass: NativeClass:/Script/Engine.StaticMeshActor Name:StaticMeshActor_UAID_74782766C03B887D01_2098779106 Label:Cube13 SpatiallyLoaded:1 Bounds:IsValid=true, Min=(X=3076.177 Y=1287.856 Z=-238.425), Max=(X=3178.629 Y=1416.865 Z=-107.949) RuntimeGrid:None EditorOnly:0 RuntimeOnly:0 HLODRelevant:1
 |   |   |- Guid:EE66F4454A4A9F99393F559AB739C05E BaseClass:/Game/FirstPerson/Blueprints/BP_Pickup_Rifle.BP_Pickup_Rifle_C NativeClass:/Script/Engine.Actor Name:BP_Rifle_C_1 Label:BP_Pickup_Rifle SpatiallyLoaded:1 Bounds:IsValid=true, Min=(X=1378.000 Y=2618.000 Z=64.000), Max=(X=1442.000 Y=2707.440 Z=128.000) RuntimeGrid:None EditorOnly:0 RuntimeOnly:0 HLODRelevant:0
 |   |   |- Guid:EEB2119F4AF93B297C356891CD5D79E3 BaseClass: NativeClass:/Script/Engine.StaticMeshActor Name:StaticMeshActor_UAID_74782766C03B427D01_1861681778 Label:Cube2 SpatiallyLoaded:1 Bounds:IsValid=true, Min=(X=1938.217 Y=1879.054 Z=-332.500), Max=(X=2201.783 Y=2020.946 Z=92.500) RuntimeGrid:None EditorOnly:0 RuntimeOnly:0 HLODRelevant:1
 |   |   |- Guid:F180EE394F8D839041B0A2A277B1EF2F BaseClass: NativeClass:/Script/Engine.StaticMeshActor Name:StaticMeshActor_UAID_74782766C03B897D01_1506956292 Label:Cube22 SpatiallyLoaded:1 Bounds:IsValid=true, Min=(X=3203.307 Y=1232.940 Z=-35.646), Max=(X=3303.307 Y=1332.940 Z=64.354) RuntimeGrid:None EditorOnly:0 RuntimeOnly:0 HLODRelevant:1
 |   |   |- Guid:F41E95DD4A8B486AEB5EC6B6E84640CC BaseClass: NativeClass:/Script/Engine.PointLight Name:PointLight_UAID_74782766C03B897D01_1596486295 Label:PointLight SpatiallyLoaded:1 Bounds:IsValid=true, Min=(X=791.453 Y=-540.640 Z=-1487.838), Max=(X=2791.453 Y=1459.360 Z=512.162) RuntimeGrid:None EditorOnly:0 RuntimeOnly:0 HLODRelevant:0
 |   |   |- Guid:F677F69B47F667C8783CC5ADAE65852B BaseClass: NativeClass:/Script/Engine.StaticMeshActor Name:StaticMeshActor_UAID_74782766C03B887D01_1517182098 Label:Cube6 SpatiallyLoaded:1 Bounds:IsValid=true, Min=(X=2000.086 Y=1936.186 Z=61.213), Max=(X=2066.837 Y=2012.148 Z=142.444) RuntimeGrid:None EditorOnly:0 RuntimeOnly:0 HLODRelevant:1
 |   |   |- Guid:F80621C9446867154938FE81375207DA BaseClass: NativeClass:/Script/Engine.DirectionalLight Name:DirectionalLight_1 Label:DirectionalLight SpatiallyLoaded:0 Bounds:IsValid=true, Min=(X=-1048576.000 Y=-1048576.000 Z=-1048576.000), Max=(X=1048576.000 Y=1048576.000 Z=1048576.000) RuntimeGrid:None EditorOnly:0 RuntimeOnly:0 HLODRelevant:0 FolderPath:Lighting FolderGuid:0BA5F0A04EADB18E70D5B180D08FA34B
 |   |- [+] Clusters:
 |   |   |- [+] [  0]
 |   |   |   |- Guid:61391D344900612A77DFC3BA3E354907 BaseClass: NativeClass:/Script/Engine.ExponentialHeightFog Name:ExponentialHeightFog_0 Label:ExponentialHeightFog SpatiallyLoaded:0 Bounds:IsValid=true, Min=(X=-5600.000 Y=-50.000 Z=-6850.000), Max=(X=-5600.000 Y=-50.000 Z=-6850.000) RuntimeGrid:None EditorOnly:0 RuntimeOnly:0 HLODRelevant:0 FolderPath:Lighting FolderGuid:0BA5F0A04EADB18E70D5B180D08FA34B
 |   |   |- [+] [  1]
 |   |   |   |- Guid:5FE7584649BB6F09265329A6C57CFD0D BaseClass: NativeClass:/Script/Engine.VolumetricCloud Name:VolumetricCloud_0 Label:VolumetricCloud SpatiallyLoaded:0 Bounds:IsValid=true, Min=(X=0.000 Y=0.000 Z=820.000), Max=(X=0.000 Y=0.000 Z=820.000) RuntimeGrid:None EditorOnly:0 RuntimeOnly:0 HLODRelevant:0 FolderPath:Lighting FolderGuid:0BA5F0A04EADB18E70D5B180D08FA34B
 |   |   |- [+] [  2]
 |   |   |   |- Guid:F80621C9446867154938FE81375207DA BaseClass: NativeClass:/Script/Engine.DirectionalLight Name:DirectionalLight_1 Label:DirectionalLight SpatiallyLoaded:0 Bounds:IsValid=true, Min=(X=-1048576.000 Y=-1048576.000 Z=-1048576.000), Max=(X=1048576.000 Y=1048576.000 Z=1048576.000) RuntimeGrid:None EditorOnly:0 RuntimeOnly:0 HLODRelevant:0 FolderPath:Lighting FolderGuid:0BA5F0A04EADB18E70D5B180D08FA34B
 |   |   |- [+] [  3]
 |   |   |   |- Guid:EEB2119F4AF93B297C356891CD5D79E3 BaseClass: NativeClass:/Script/Engine.StaticMeshActor Name:StaticMeshActor_UAID_74782766C03B427D01_1861681778 Label:Cube2 SpatiallyLoaded:1 Bounds:IsValid=true, Min=(X=1938.217 Y=1879.054 Z=-332.500), Max=(X=2201.783 Y=2020.946 Z=92.500) RuntimeGrid:None EditorOnly:0 RuntimeOnly:0 HLODRelevant:1
 |   |   |- [+] [  4]
 |   |   |   |- Guid:AB5404214A1EA161E4CA35A8C10DAB6B BaseClass: NativeClass:/Script/Engine.StaticMeshActor Name:StaticMeshActor_UAID_74782766C03B427D01_1439100775 Label:Cube SpatiallyLoaded:1 Bounds:IsValid=true, Min=(X=1920.000 Y=2160.000 Z=-170.000), Max=(X=2020.000 Y=2260.000 Z=-70.000) RuntimeGrid:None EditorOnly:0 RuntimeOnly:0 HLODRelevant:1
 |   |   |- [+] [  5]
 |   |   |   |- Guid:9D10548B4F33A997132EDF92EFEC2F40 BaseClass: NativeClass:/Script/Engine.StaticMeshActor Name:StaticMeshActor_UAID_74782766C03B427D01_1668819777 Label:Cylinder SpatiallyLoaded:1 Bounds:IsValid=true, Min=(X=2105.925 Y=1632.936 Z=-430.000), Max=(X=2675.541 Y=2019.538 Z=170.000) RuntimeGrid:None EditorOnly:0 RuntimeOnly:0 HLODRelevant:1
 |   |   |- [+] [  6]
 |   |   |   |- Guid:730FC62B43522DF15BEDFDAA13FC5D9B BaseClass: NativeClass:/Script/Engine.StaticMeshActor Name:StaticMeshActor_UAID_74782766C03B3F7D01_2033258247 Label:model SpatiallyLoaded:1 Bounds:IsValid=true, Min=(X=-8578.148 Y=-7919.970 Z=-9168.891), Max=(X=11556.725 Y=10942.804 Z=9419.307) RuntimeGrid:None EditorOnly:0 RuntimeOnly:0 HLODRelevant:1
 |   |   |- [+] [  7]
 |   |   |   |- Guid:7DCFF2144714F0843D87428AC48CE4F4 BaseClass: NativeClass:/Script/Engine.StaticMeshActor Name:StaticMeshActor_24 Label:SM_ChamferCube17 SpatiallyLoaded:1 Bounds:IsValid=true, Min=(X=364.319 Y=1244.901 Z=0.013), Max=(X=492.491 Y=1373.073 Z=100.013) RuntimeGrid:None EditorOnly:0 RuntimeOnly:0 HLODRelevant:0 FolderPath:SimulatedCubes FolderGuid:9AEEADCB4DC6C647D6E7C0B4EDA1744F
 |   |   |- [+] [  8]
 |   |   |   |- Guid:EE66F4454A4A9F99393F559AB739C05E BaseClass:/Game/FirstPerson/Blueprints/BP_Pickup_Rifle.BP_Pickup_Rifle_C NativeClass:/Script/Engine.Actor Name:BP_Rifle_C_1 Label:BP_Pickup_Rifle SpatiallyLoaded:1 Bounds:IsValid=true, Min=(X=1378.000 Y=2618.000 Z=64.000), Max=(X=1442.000 Y=2707.440 Z=128.000) RuntimeGrid:None EditorOnly:0 RuntimeOnly:0 HLODRelevant:0
 |   |   |- [+] [  9]
 |   |   |   |- Guid:E5320C1B4FD9764CE7B54D8487AEC613 BaseClass: NativeClass:/Script/Engine.SkyLight Name:SkyLight_0 Label:SkyLight SpatiallyLoaded:0 Bounds:IsValid=true, Min=(X=0.000 Y=0.000 Z=690.000), Max=(X=0.000 Y=0.000 Z=690.000) RuntimeGrid:None EditorOnly:0 RuntimeOnly:0 HLODRelevant:0 FolderPath:Lighting FolderGuid:0BA5F0A04EADB18E70D5B180D08FA34B
 |   |   |- [+] [ 10]
 |   |   |   |- Guid:44549D63404DB5F9F89BFF890FDD3FDC BaseClass: NativeClass:/Script/Engine.StaticMeshActor Name:StaticMeshActor_UAID_74782766C03B887D01_1976629103 Label:Cube10 SpatiallyLoaded:1 Bounds:IsValid=true, Min=(X=3050.276 Y=1183.852 Z=-530.789), Max=(X=3191.159 Y=1324.735 Z=-130.789) RuntimeGrid:None EditorOnly:0 RuntimeOnly:0 HLODRelevant:1
 |   |   |- [+] [ 11]
 |   |   |   |- Guid:A354B1B24E617A525DC6B48CCDE2417E BaseClass: NativeClass:/Script/Engine.PlayerStart Name:PlayerStart_0 Label:PlayerStart SpatiallyLoaded:0 Bounds:IsValid=true, Min=(X=2833.662 Y=2473.662 Z=-19.987), Max=(X=2926.338 Y=2566.338 Z=164.013) RuntimeGrid:None EditorOnly:0 RuntimeOnly:0 HLODRelevant:0
 |   |   |- [+] [ 12]
 |   |   |   |- Guid:B4E66C5E441218AC8D9F84B5383B5B8D BaseClass: NativeClass:/Script/Engine.StaticMeshActor Name:StaticMeshActor_UAID_74782766C03B427D01_1516544776 Label:Cube2 SpatiallyLoaded:1 Bounds:IsValid=true, Min=(X=2017.548 Y=1935.000 Z=-282.452), Max=(X=2222.452 Y=2085.000 Z=-77.548) RuntimeGrid:None EditorOnly:0 RuntimeOnly:0 HLODRelevant:1
 |   |   |- [+] [ 13]
 |   |   |   |- Guid:55ED1BF44D1428487BD5D8B119089618 BaseClass: NativeClass:/Script/Engine.StaticMeshActor Name:StaticMeshActor_UAID_74782766C03B887D01_1756459102 Label:Cube9 SpatiallyLoaded:1 Bounds:IsValid=true, Min=(X=3104.842 Y=821.985 Z=-580.728), Max=(X=3826.011 Y=1296.087 Z=19.272) RuntimeGrid:None EditorOnly:0 RuntimeOnly:0 HLODRelevant:1
 |   |   |- [+] [ 14]
 |   |   |   |- Guid:8E6120FC40B0C2384F6E528EAFC19C5A BaseClass: NativeClass:/Script/Engine.StaticMeshActor Name:StaticMeshActor_36 Label:SM_QuarterCylinder10 SpatiallyLoaded:1 Bounds:IsValid=true, Min=(X=791.073 Y=729.501 Z=-142.011), Max=(X=1755.127 Y=2224.292 Z=145.489) RuntimeGrid:None EditorOnly:0 RuntimeOnly:0 HLODRelevant:1 FolderPath:Block02 FolderGuid:275232DB4A90E8B2799B29BD69C59B9E
 |   |   |- [+] [ 15]
 |   |   |   |- Guid:D935740A490176EB4702AF96F92450E8 BaseClass: NativeClass:/Script/Engine.StaticMeshActor Name:StaticMeshActor_38 Label:SM_ChamferCube18 SpatiallyLoaded:1 Bounds:IsValid=true, Min=(X=343.798 Y=1188.520 Z=100.013), Max=(X=471.969 Y=1316.691 Z=200.013) RuntimeGrid:None EditorOnly:0 RuntimeOnly:0 HLODRelevant:0 FolderPath:SimulatedCubes FolderGuid:9AEEADCB4DC6C647D6E7C0B4EDA1744F
 |   |   |- [+] [ 16]
 |   |   |   |- Guid:503301344EDD2580C9B8269BA1FF0C83 BaseClass: NativeClass:/Script/Engine.StaticMeshActor Name:StaticMeshActor_29 Label:SM_ChamferCube4 SpatiallyLoaded:1 Bounds:IsValid=true, Min=(X=334.338 Y=334.338 Z=0.063), Max=(X=545.662 Y=545.662 Z=150.063) RuntimeGrid:None EditorOnly:0 RuntimeOnly:0 HLODRelevant:0 FolderPath:SimulatedCubes FolderGuid:9AEEADCB4DC6C647D6E7C0B4EDA1744F
 |   |   |- [+] [ 17]
 |   |   |   |- Guid:C22CE07C4B87D685137FDBBC10FC92C6 BaseClass: NativeClass:/Script/Engine.SkyAtmosphere Name:SkyAtmosphere_0 Label:SkyAtmosphere SpatiallyLoaded:0 Bounds:IsValid=true, Min=(X=0.000 Y=0.000 Z=1020.000), Max=(X=0.000 Y=0.000 Z=1020.000) RuntimeGrid:None EditorOnly:0 RuntimeOnly:0 HLODRelevant:0 FolderPath:Lighting FolderGuid:0BA5F0A04EADB18E70D5B180D08FA34B
 |   |   |- [+] [ 18]
 |   |   |   |- Guid:C0C56B9644AE3D40CAFF6A878DB29844 BaseClass: NativeClass:/Script/Engine.StaticMeshActor Name:StaticMeshActor_UAID_A4AE111137DC5EFB00_2001720423 Label:SM_SkySphere SpatiallyLoaded:0 Bounds:IsValid=true, Min=(X=-1638400.000 Y=-1638400.000 Z=-1638400.000), Max=(X=1638400.000 Y=1638400.000 Z=1638400.000) RuntimeGrid:None EditorOnly:0 RuntimeOnly:0 HLODRelevant:1 FolderPath:Lighting FolderGuid:0BA5F0A04EADB18E70D5B180D08FA34B
 |   |   |- [+] [ 19]
 |   |   |   |- Guid:6FEFB3BD4EB37B849EF0D4AC80F83855 BaseClass: NativeClass:/Script/Engine.WorldDataLayers Name:WorldDataLayers Label:WorldDataLayers SpatiallyLoaded:0 Bounds:IsValid=true, Min=(X=0.000 Y=0.000 Z=0.000), Max=(X=0.000 Y=0.000 Z=0.000) RuntimeGrid:None EditorOnly:0 RuntimeOnly:0 HLODRelevant:0
 |   |   |- [+] [ 20]
 |   |   |   |- Guid:CE8D82634660FCDB3120E2B8D547C533 BaseClass: NativeClass:/Script/Engine.PostProcessVolume Name:PostProcessVolume_0 Label:PostProcessVolume SpatiallyLoaded:0 Bounds:IsValid=true, Min=(X=280.000 Y=0.000 Z=670.000), Max=(X=480.000 Y=200.000 Z=870.000) RuntimeGrid:None EditorOnly:0 RuntimeOnly:0 HLODRelevant:0 FolderPath:Lighting FolderGuid:0BA5F0A04EADB18E70D5B180D08FA34B
 |   |   |- [+] [ 21]
 |   |   |   |- Guid:D44940D943955A5965276FBBEA044017 BaseClass: NativeClass:/Script/Engine.StaticMeshActor Name:StaticMeshActor_20 Label:SM_ChamferCube2 SpatiallyLoaded:1 Bounds:IsValid=true, Min=(X=324.987 Y=1136.837 Z=0.013), Max=(X=453.158 Y=1265.008 Z=100.013) RuntimeGrid:None EditorOnly:0 RuntimeOnly:0 HLODRelevant:0 FolderPath:SimulatedCubes FolderGuid:9AEEADCB4DC6C647D6E7C0B4EDA1744F
 |   |   |- [+] [ 22]
 |   |   |   |- Guid:9D87D1824C2EE7015CC32797795D5190 BaseClass: NativeClass:/Script/Engine.StaticMeshActor Name:StaticMeshActor_UAID_74782766C03B877D01_2012124919 Label:Cube3 SpatiallyLoaded:1 Bounds:IsValid=true, Min=(X=3133.217 Y=1276.793 Z=-468.289), Max=(X=3208.217 Y=1351.793 Z=-393.289) RuntimeGrid:None EditorOnly:0 RuntimeOnly:0 HLODRelevant:1
 |   |   |- [+] [ 23]
 |   |   |   |- Guid:8E8D75094CFC5AE0F87902B8DE5E418C BaseClass: NativeClass:/Script/Engine.StaticMeshActor Name:StaticMeshActor_UAID_74782766C03B887D01_1350966096 Label:Cube4 SpatiallyLoaded:1 Bounds:IsValid=true, Min=(X=2030.199 Y=1697.437 Z=-445.000), Max=(X=2369.801 Y=1902.563 Z=5.000) RuntimeGrid:None EditorOnly:0 RuntimeOnly:0 HLODRelevant:1
 |   |   |- [+] [ 24]
 |   |   |   |- Guid:54B05EA94A343510067224A2BBCDD130 BaseClass: NativeClass:/Script/Engine.StaticMeshActor Name:StaticMeshActor_UAID_74782766C03B887D01_1399239097 Label:Cube5 SpatiallyLoaded:1 Bounds:IsValid=true, Min=(X=2145.914 Y=1801.097 Z=62.678), Max=(X=2274.086 Y=1938.903 Z=217.322) RuntimeGrid:None EditorOnly:0 RuntimeOnly:0 HLODRelevant:1
 |   |   |- [+] [ 25]
 |   |   |   |- Guid:F677F69B47F667C8783CC5ADAE65852B BaseClass: NativeClass:/Script/Engine.StaticMeshActor Name:StaticMeshActor_UAID_74782766C03B887D01_1517182098 Label:Cube6 SpatiallyLoaded:1 Bounds:IsValid=true, Min=(X=2000.086 Y=1936.186 Z=61.213), Max=(X=2066.837 Y=2012.148 Z=142.444) RuntimeGrid:None EditorOnly:0 RuntimeOnly:0 HLODRelevant:1
 |   |   |- [+] [ 26]
 |   |   |   |- Guid:5C586B974A30955CDC620082901EEB18 BaseClass: NativeClass:/Script/Engine.StaticMeshActor Name:StaticMeshActor_UAID_74782766C03B887D01_1648855099 Label:Cube7 SpatiallyLoaded:1 Bounds:IsValid=true, Min=(X=1848.227 Y=1970.194 Z=50.597), Max=(X=1981.730 Y=2122.116 Z=213.060) RuntimeGrid:None EditorOnly:0 RuntimeOnly:0 HLODRelevant:1
 |   |   |- [+] [ 27]
 |   |   |   |- Guid:61AE4D024EB9B5CAF1241B9E02A7BDC3 BaseClass: NativeClass:/Script/Engine.StaticMeshActor Name:StaticMeshActor_UAID_74782766C03B887D01_1651972100 Label:Cube8 SpatiallyLoaded:1 Bounds:IsValid=true, Min=(X=1714.312 Y=2011.507 Z=35.690), Max=(X=1874.525 Y=2183.627 Z=198.154) RuntimeGrid:None EditorOnly:0 RuntimeOnly:0 HLODRelevant:1
 |   |   |- [+] [ 28]
 |   |   |   |- Guid:3F6F9B6D41107AA91F02868908431B5D BaseClass: NativeClass:/Script/Engine.StaticMeshActor Name:StaticMeshActor_UAID_74782766C03B887D01_1724224101 Label:Cone SpatiallyLoaded:1 Bounds:IsValid=true, Min=(X=1660.000 Y=2280.000 Z=-50.000), Max=(X=1760.000 Y=2380.000 Z=50.000) RuntimeGrid:None EditorOnly:0 RuntimeOnly:0 HLODRelevant:1
 |   |   |- [+] [ 29]
 |   |   |   |- Guid:685A68524A67AFBD9BF978A340F06A1D BaseClass: NativeClass:/Script/Engine.StaticMeshActor Name:StaticMeshActor_UAID_74782766C03B887D01_2042605104 Label:Cube11 SpatiallyLoaded:1 Bounds:IsValid=true, Min=(X=3113.506 Y=1246.603 Z=-118.944), Max=(X=3213.506 Y=1346.603 Z=-18.944) RuntimeGrid:None EditorOnly:0 RuntimeOnly:0 HLODRelevant:1
 |   |   |- [+] [ 30]
 |   |   |   |- Guid:E454E22F49087519697BF98A7D8BD7BA BaseClass: NativeClass:/Script/Engine.StaticMeshActor Name:StaticMeshActor_UAID_74782766C03B887D01_2042615105 Label:Cube12 SpatiallyLoaded:1 Bounds:IsValid=true, Min=(X=3231.054 Y=1181.603 Z=-471.396), Max=(X=3435.958 Y=1331.603 Z=-266.492) RuntimeGrid:None EditorOnly:0 RuntimeOnly:0 HLODRelevant:1
 |   |   |- [+] [ 31]
 |   |   |   |- Guid:E937419B4B4BB0A92A5B95B953236AFD BaseClass: NativeClass:/Script/Engine.StaticMeshActor Name:StaticMeshActor_UAID_74782766C03B887D01_2098779106 Label:Cube13 SpatiallyLoaded:1 Bounds:IsValid=true, Min=(X=3076.177 Y=1287.856 Z=-238.425), Max=(X=3178.629 Y=1416.865 Z=-107.949) RuntimeGrid:None EditorOnly:0 RuntimeOnly:0 HLODRelevant:1
 |   |   |- [+] [ 32]
 |   |   |   |- Guid:D8AA45164EC571551ACE8CA9CAADD8A8 BaseClass: NativeClass:/Script/Engine.StaticMeshActor Name:StaticMeshActor_UAID_74782766C03B887D01_2098788107 Label:Cube14 SpatiallyLoaded:1 Bounds:IsValid=true, Min=(X=3057.280 Y=1140.425 Z=-381.396), Max=(X=3309.732 Y=1372.781 Z=-176.492) RuntimeGrid:None EditorOnly:0 RuntimeOnly:0 HLODRelevant:1
 |   |   |- [+] [ 33]
 |   |   |   |- Guid:338C972D4AB0E511EA9A7BB24D01E4A7 BaseClass: NativeClass:/Script/Engine.StaticMeshActor Name:StaticMeshActor_UAID_74782766C03B897D01_1127753284 Label:Cube15 SpatiallyLoaded:1 Bounds:IsValid=true, Min=(X=3249.120 Y=1199.078 Z=-268.278), Max=(X=3349.120 Y=1299.078 Z=-168.278) RuntimeGrid:None EditorOnly:0 RuntimeOnly:0 HLODRelevant:1
 |   |   |- [+] [ 34]
 |   |   |   |- Guid:C9ED56544B2B1A63D3F42B816DF35BA0 BaseClass: NativeClass:/Script/Engine.StaticMeshActor Name:StaticMeshActor_UAID_74782766C03B897D01_1182615285 Label:Cube16 SpatiallyLoaded:1 Bounds:IsValid=true, Min=(X=1031.317 Y=1246.348 Z=-230.120), Max=(X=1402.070 Y=1763.511 Z=-80.120) RuntimeGrid:None EditorOnly:0 RuntimeOnly:0 HLODRelevant:1
 |   |   |- [+] [ 35]
 |   |   |   |- Guid:3AA971BB4856676BEAB00EA3BC8C6920 BaseClass: NativeClass:/Script/Engine.StaticMeshActor Name:StaticMeshActor_UAID_74782766C03B897D01_1286756286 Label:SM_QuarterCylinder11 SpatiallyLoaded:1 Bounds:IsValid=true, Min=(X=3011.712 Y=-620.702 Z=-79.151), Max=(X=4084.019 Y=936.589 Z=183.349) RuntimeGrid:None EditorOnly:0 RuntimeOnly:0 HLODRelevant:1 FolderPath:Block02 FolderGuid:275232DB4A90E8B2799B29BD69C59B9E
 |   |   |- [+] [ 36]
 |   |   |   |- Guid:B2BC3E10499F814E77B2B6A977DFE12D BaseClass: NativeClass:/Script/Engine.StaticMeshActor Name:StaticMeshActor_UAID_74782766C03B897D01_1412744287 Label:Cube17 SpatiallyLoaded:1 Bounds:IsValid=true, Min=(X=3483.307 Y=1042.940 Z=14.354), Max=(X=3583.307 Y=1142.940 Z=114.354) RuntimeGrid:None EditorOnly:0 RuntimeOnly:0 HLODRelevant:1
 |   |   |- [+] [ 37]
 |   |   |   |- Guid:8647E889455273F0AA14FB8DE659BD28 BaseClass: NativeClass:/Script/Engine.StaticMeshActor Name:StaticMeshActor_UAID_74782766C03B897D01_1412753288 Label:Cube18 SpatiallyLoaded:1 Bounds:IsValid=true, Min=(X=3352.129 Y=1097.940 Z=-447.673), Max=(X=3634.485 Y=1247.940 Z=-183.619) RuntimeGrid:None EditorOnly:0 RuntimeOnly:0 HLODRelevant:1
 |   |   |- [+] [ 38]
 |   |   |   |- Guid:35F4B0E04E015845218681883CC9A0E7 BaseClass: NativeClass:/Script/Engine.StaticMeshActor Name:StaticMeshActor_UAID_74782766C03B897D01_1412756289 Label:Cube19 SpatiallyLoaded:1 Bounds:IsValid=true, Min=(X=3445.978 Y=1084.192 Z=-105.126), Max=(X=3548.430 Y=1213.202 Z=25.349) RuntimeGrid:None EditorOnly:0 RuntimeOnly:0 HLODRelevant:1
 |   |   |- [+] [ 39]
 |   |   |   |- Guid:72C0D87C47583901305040A0706D9D1C BaseClass: NativeClass:/Script/Engine.StaticMeshActor Name:StaticMeshActor_UAID_74782766C03B897D01_1412759290 Label:Cube20 SpatiallyLoaded:1 Bounds:IsValid=true, Min=(X=3427.081 Y=936.762 Z=-248.098), Max=(X=3679.533 Y=1169.118 Z=-43.194) RuntimeGrid:None EditorOnly:0 RuntimeOnly:0 HLODRelevant:1
 |   |   |- [+] [ 40]
 |   |   |   |- Guid:CF93642F44B426E73210E390E527EAD2 BaseClass: NativeClass:/Script/Engine.StaticMeshActor Name:StaticMeshActor_UAID_74782766C03B897D01_1449771291 Label:Cube21 SpatiallyLoaded:1 Bounds:IsValid=true, Min=(X=3237.785 Y=1157.315 Z=-117.995), Max=(X=3436.623 Y=1300.080 Z=78.218) RuntimeGrid:None EditorOnly:0 RuntimeOnly:0 HLODRelevant:1
 |   |   |- [+] [ 41]
 |   |   |   |- Guid:F180EE394F8D839041B0A2A277B1EF2F BaseClass: NativeClass:/Script/Engine.StaticMeshActor Name:StaticMeshActor_UAID_74782766C03B897D01_1506956292 Label:Cube22 SpatiallyLoaded:1 Bounds:IsValid=true, Min=(X=3203.307 Y=1232.940 Z=-35.646), Max=(X=3303.307 Y=1332.940 Z=64.354) RuntimeGrid:None EditorOnly:0 RuntimeOnly:0 HLODRelevant:1
 |   |   |- [+] [ 42]
 |   |   |   |- Guid:21DFE129476FA797C82662BFE5070C19 BaseClass: NativeClass:/Script/Engine.StaticMeshActor Name:StaticMeshActor_UAID_74782766C03B897D01_1543690293 Label:Cube23 SpatiallyLoaded:1 Bounds:IsValid=true, Min=(X=3609.942 Y=854.650 Z=-162.914), Max=(X=3862.394 Y=1087.006 Z=41.990) RuntimeGrid:None EditorOnly:0 RuntimeOnly:0 HLODRelevant:1
 |   |   |- [+] [ 43]
 |   |   |   |- Guid:F41E95DD4A8B486AEB5EC6B6E84640CC BaseClass: NativeClass:/Script/Engine.PointLight Name:PointLight_UAID_74782766C03B897D01_1596486295 Label:PointLight SpatiallyLoaded:1 Bounds:IsValid=true, Min=(X=791.453 Y=-540.640 Z=-1487.838), Max=(X=2791.453 Y=1459.360 Z=512.162) RuntimeGrid:None EditorOnly:0 RuntimeOnly:0 HLODRelevant:0
 |   |   |- [+] [ 44]
 |   |   |   |- Guid:93047C684C13520F889C219BED5C61FC BaseClass: NativeClass:/Script/Engine.StaticMeshActor Name:StaticMeshActor_UAID_74782766C03B897D01_1901410296 Label:Iisus_statuya SpatiallyLoaded:1 Bounds:IsValid=true, Min=(X=2930.000 Y=2010.000 Z=-320.000), Max=(X=3047.726 Y=2116.368 Z=-19.789) RuntimeGrid:None EditorOnly:0 RuntimeOnly:0 HLODRelevant:1
 |- ContainerInstances:
 |- [+] MainContainer:
 |   |-        ID: 0x0000000000000000
 |   |-    Bounds: IsValid=false, Min=(X=0.000 Y=0.000 Z=0.000), Max=(X=0.000 Y=0.000 Z=0.000)
 |   |- Transform: 0.000000,0.000000,0.000000|0.000000,0.000000,-0.000000|1.000000,1.000000,1.000000
 |   |- Container: /Game/FirstPerson/Maps/FirstPersonMap
----------------------------------------------------------------------------------------------------------------
FirstPersonMap - Persistent Level
----------------------------------------------------------------------------------------------------------------
Always loaded Actor Count: 93 

----------------------------------------------------------------------------------------------------------------
FirstPersonMap - Runtime Spatial Hash - Streaming Grid - MainGrid
----------------------------------------------------------------------------------------------------------------
            Origin: X=0.000 Y=0.000 Z=0.000
         Cell Size: 12800
      World Bounds: IsValid=false, Min=(X=0.000 Y=0.000 Z=0.000), Max=(X=0.000 Y=0.000 Z=0.000)
     Loading Range: 25600.00
Block Slow Loading: No
 ClientOnlyVisible: No

[+] Grid Levels: 1
 |- Level  0: Cell Count    0 | Cell Size   12800 | Actor Count    0 (0.0%)

[+] Content of Grid Level 0

